CRITICAL - 2021-12-26 03:20:10 --> You must set the database table to be used with your query.
#0 C:\Apache24\htdocs\QuickQuiz\system\Model.php(545): CodeIgniter\Database\BaseConnection->table(NULL)
#1 C:\Apache24\htdocs\QuickQuiz\system\Model.php(717): CodeIgniter\Model->builder()
#2 C:\Apache24\htdocs\QuickQuiz\app\Controllers\Coach\AddquestionController.php(109): CodeIgniter\Model->__call('fetch_quiz', Array)
#3 C:\Apache24\htdocs\QuickQuiz\system\CodeIgniter.php(824): App\Controllers\Coach\AddquestionController->previewQuiz()
#4 C:\Apache24\htdocs\QuickQuiz\system\CodeIgniter.php(410): CodeIgniter\CodeIgniter->runController(Object(App\Controllers\Coach\AddquestionController))
#5 C:\Apache24\htdocs\QuickQuiz\system\CodeIgniter.php(318): CodeIgniter\CodeIgniter->handleRequest(NULL, Object(Config\Cache), false)
#6 C:\Apache24\htdocs\QuickQuiz\public\index.php(37): CodeIgniter\CodeIgniter->run()
#7 C:\Apache24\htdocs\QuickQuiz\system\Commands\Server\rewrite.php(43): require_once('C:\\Apache24\\htd...')
#8 {main}
CRITICAL - 2021-12-26 03:20:23 --> You must set the database table to be used with your query.
#0 C:\Apache24\htdocs\QuickQuiz\system\Model.php(545): CodeIgniter\Database\BaseConnection->table(NULL)
#1 C:\Apache24\htdocs\QuickQuiz\system\Model.php(717): CodeIgniter\Model->builder()
#2 C:\Apache24\htdocs\QuickQuiz\app\Controllers\Coach\AddquestionController.php(109): CodeIgniter\Model->__call('fetch_quiz', Array)
#3 C:\Apache24\htdocs\QuickQuiz\system\CodeIgniter.php(824): App\Controllers\Coach\AddquestionController->previewQuiz()
#4 C:\Apache24\htdocs\QuickQuiz\system\CodeIgniter.php(410): CodeIgniter\CodeIgniter->runController(Object(App\Controllers\Coach\AddquestionController))
#5 C:\Apache24\htdocs\QuickQuiz\system\CodeIgniter.php(318): CodeIgniter\CodeIgniter->handleRequest(NULL, Object(Config\Cache), false)
#6 C:\Apache24\htdocs\QuickQuiz\public\index.php(37): CodeIgniter\CodeIgniter->run()
#7 C:\Apache24\htdocs\QuickQuiz\system\Commands\Server\rewrite.php(43): require_once('C:\\Apache24\\htd...')
#8 {main}
CRITICAL - 2021-12-26 06:00:21 --> Undefined array key "quesNum"
#0 C:\Apache24\htdocs\QuickQuiz\app\Controllers\Student\QuizController.php(43): CodeIgniter\Debug\Exceptions->errorHandler(2, 'Undefined array...', 'C:\\Apache24\\htd...', 43)
#1 C:\Apache24\htdocs\QuickQuiz\system\CodeIgniter.php(824): App\Controllers\Student\QuizController->checkResult()
#2 C:\Apache24\htdocs\QuickQuiz\system\CodeIgniter.php(410): CodeIgniter\CodeIgniter->runController(Object(App\Controllers\Student\QuizController))
#3 C:\Apache24\htdocs\QuickQuiz\system\CodeIgniter.php(318): CodeIgniter\CodeIgniter->handleRequest(NULL, Object(Config\Cache), false)
#4 C:\Apache24\htdocs\QuickQuiz\public\index.php(37): CodeIgniter\CodeIgniter->run()
#5 C:\Apache24\htdocs\QuickQuiz\system\Commands\Server\rewrite.php(43): require_once('C:\\Apache24\\htd...')
#6 {main}
CRITICAL - 2021-12-26 06:00:57 --> Undefined array key "quesNum"
#0 C:\Apache24\htdocs\QuickQuiz\app\Controllers\Student\QuizController.php(43): CodeIgniter\Debug\Exceptions->errorHandler(2, 'Undefined array...', 'C:\\Apache24\\htd...', 43)
#1 C:\Apache24\htdocs\QuickQuiz\system\CodeIgniter.php(824): App\Controllers\Student\QuizController->checkResult()
#2 C:\Apache24\htdocs\QuickQuiz\system\CodeIgniter.php(410): CodeIgniter\CodeIgniter->runController(Object(App\Controllers\Student\QuizController))
#3 C:\Apache24\htdocs\QuickQuiz\system\CodeIgniter.php(318): CodeIgniter\CodeIgniter->handleRequest(NULL, Object(Config\Cache), false)
#4 C:\Apache24\htdocs\QuickQuiz\public\index.php(37): CodeIgniter\CodeIgniter->run()
#5 C:\Apache24\htdocs\QuickQuiz\system\Commands\Server\rewrite.php(43): require_once('C:\\Apache24\\htd...')
#6 {main}
CRITICAL - 2021-12-26 06:01:17 --> Undefined array key "quesNum"
#0 C:\Apache24\htdocs\QuickQuiz\app\Controllers\Student\QuizController.php(43): CodeIgniter\Debug\Exceptions->errorHandler(2, 'Undefined array...', 'C:\\Apache24\\htd...', 43)
#1 C:\Apache24\htdocs\QuickQuiz\system\CodeIgniter.php(824): App\Controllers\Student\QuizController->checkResult()
#2 C:\Apache24\htdocs\QuickQuiz\system\CodeIgniter.php(410): CodeIgniter\CodeIgniter->runController(Object(App\Controllers\Student\QuizController))
#3 C:\Apache24\htdocs\QuickQuiz\system\CodeIgniter.php(318): CodeIgniter\CodeIgniter->handleRequest(NULL, Object(Config\Cache), false)
#4 C:\Apache24\htdocs\QuickQuiz\public\index.php(37): CodeIgniter\CodeIgniter->run()
#5 C:\Apache24\htdocs\QuickQuiz\system\Commands\Server\rewrite.php(43): require_once('C:\\Apache24\\htd...')
#6 {main}
CRITICAL - 2021-12-26 06:02:08 --> Undefined array key "quesNum"
#0 C:\Apache24\htdocs\QuickQuiz\app\Controllers\Student\QuizController.php(43): CodeIgniter\Debug\Exceptions->errorHandler(2, 'Undefined array...', 'C:\\Apache24\\htd...', 43)
#1 C:\Apache24\htdocs\QuickQuiz\system\CodeIgniter.php(824): App\Controllers\Student\QuizController->checkResult()
#2 C:\Apache24\htdocs\QuickQuiz\system\CodeIgniter.php(410): CodeIgniter\CodeIgniter->runController(Object(App\Controllers\Student\QuizController))
#3 C:\Apache24\htdocs\QuickQuiz\system\CodeIgniter.php(318): CodeIgniter\CodeIgniter->handleRequest(NULL, Object(Config\Cache), false)
#4 C:\Apache24\htdocs\QuickQuiz\public\index.php(37): CodeIgniter\CodeIgniter->run()
#5 C:\Apache24\htdocs\QuickQuiz\system\Commands\Server\rewrite.php(43): require_once('C:\\Apache24\\htd...')
#6 {main}
CRITICAL - 2021-12-26 06:50:51 --> Undefined array key "count"
#0 C:\Apache24\htdocs\QuickQuiz\app\Models\Quiz_model.php(107): CodeIgniter\Debug\Exceptions->errorHandler(2, 'Undefined array...', 'C:\\Apache24\\htd...', 107)
#1 C:\Apache24\htdocs\QuickQuiz\app\Controllers\Student\BookmarkController.php(29): App\Models\Quiz_model->isExistsInInteraction('1', '8')
#2 C:\Apache24\htdocs\QuickQuiz\system\CodeIgniter.php(824): App\Controllers\Student\BookmarkController->bookmarkQuiz()
#3 C:\Apache24\htdocs\QuickQuiz\system\CodeIgniter.php(410): CodeIgniter\CodeIgniter->runController(Object(App\Controllers\Student\BookmarkController))
#4 C:\Apache24\htdocs\QuickQuiz\system\CodeIgniter.php(318): CodeIgniter\CodeIgniter->handleRequest(NULL, Object(Config\Cache), false)
#5 C:\Apache24\htdocs\QuickQuiz\public\index.php(37): CodeIgniter\CodeIgniter->run()
#6 C:\Apache24\htdocs\QuickQuiz\system\Commands\Server\rewrite.php(43): require_once('C:\\Apache24\\htd...')
#7 {main}
CRITICAL - 2021-12-26 06:51:01 --> Undefined array key "count"
#0 C:\Apache24\htdocs\QuickQuiz\app\Models\Quiz_model.php(107): CodeIgniter\Debug\Exceptions->errorHandler(2, 'Undefined array...', 'C:\\Apache24\\htd...', 107)
#1 C:\Apache24\htdocs\QuickQuiz\app\Controllers\Student\BookmarkController.php(29): App\Models\Quiz_model->isExistsInInteraction('1', '8')
#2 C:\Apache24\htdocs\QuickQuiz\system\CodeIgniter.php(824): App\Controllers\Student\BookmarkController->bookmarkQuiz()
#3 C:\Apache24\htdocs\QuickQuiz\system\CodeIgniter.php(410): CodeIgniter\CodeIgniter->runController(Object(App\Controllers\Student\BookmarkController))
#4 C:\Apache24\htdocs\QuickQuiz\system\CodeIgniter.php(318): CodeIgniter\CodeIgniter->handleRequest(NULL, Object(Config\Cache), false)
#5 C:\Apache24\htdocs\QuickQuiz\public\index.php(37): CodeIgniter\CodeIgniter->run()
#6 C:\Apache24\htdocs\QuickQuiz\system\Commands\Server\rewrite.php(43): require_once('C:\\Apache24\\htd...')
#7 {main}
CRITICAL - 2021-12-26 06:51:16 --> Undefined array key "count"
#0 C:\Apache24\htdocs\QuickQuiz\app\Models\Quiz_model.php(107): CodeIgniter\Debug\Exceptions->errorHandler(2, 'Undefined array...', 'C:\\Apache24\\htd...', 107)
#1 C:\Apache24\htdocs\QuickQuiz\app\Controllers\Student\BookmarkController.php(29): App\Models\Quiz_model->isExistsInInteraction('2', '8')
#2 C:\Apache24\htdocs\QuickQuiz\system\CodeIgniter.php(824): App\Controllers\Student\BookmarkController->bookmarkQuiz()
#3 C:\Apache24\htdocs\QuickQuiz\system\CodeIgniter.php(410): CodeIgniter\CodeIgniter->runController(Object(App\Controllers\Student\BookmarkController))
#4 C:\Apache24\htdocs\QuickQuiz\system\CodeIgniter.php(318): CodeIgniter\CodeIgniter->handleRequest(NULL, Object(Config\Cache), false)
#5 C:\Apache24\htdocs\QuickQuiz\public\index.php(37): CodeIgniter\CodeIgniter->run()
#6 C:\Apache24\htdocs\QuickQuiz\system\Commands\Server\rewrite.php(43): require_once('C:\\Apache24\\htd...')
#7 {main}
CRITICAL - 2021-12-26 06:52:53 --> Undefined array key "count"
#0 C:\Apache24\htdocs\QuickQuiz\app\Models\Quiz_model.php(108): CodeIgniter\Debug\Exceptions->errorHandler(2, 'Undefined array...', 'C:\\Apache24\\htd...', 108)
#1 C:\Apache24\htdocs\QuickQuiz\app\Controllers\Student\BookmarkController.php(29): App\Models\Quiz_model->isExistsInInteraction('1', '8')
#2 C:\Apache24\htdocs\QuickQuiz\system\CodeIgniter.php(824): App\Controllers\Student\BookmarkController->bookmarkQuiz()
#3 C:\Apache24\htdocs\QuickQuiz\system\CodeIgniter.php(410): CodeIgniter\CodeIgniter->runController(Object(App\Controllers\Student\BookmarkController))
#4 C:\Apache24\htdocs\QuickQuiz\system\CodeIgniter.php(318): CodeIgniter\CodeIgniter->handleRequest(NULL, Object(Config\Cache), false)
#5 C:\Apache24\htdocs\QuickQuiz\public\index.php(37): CodeIgniter\CodeIgniter->run()
#6 C:\Apache24\htdocs\QuickQuiz\system\Commands\Server\rewrite.php(43): require_once('C:\\Apache24\\htd...')
#7 {main}
CRITICAL - 2021-12-26 06:52:57 --> Undefined array key "count"
#0 C:\Apache24\htdocs\QuickQuiz\app\Models\Quiz_model.php(108): CodeIgniter\Debug\Exceptions->errorHandler(2, 'Undefined array...', 'C:\\Apache24\\htd...', 108)
#1 C:\Apache24\htdocs\QuickQuiz\app\Controllers\Student\BookmarkController.php(29): App\Models\Quiz_model->isExistsInInteraction('2', '8')
#2 C:\Apache24\htdocs\QuickQuiz\system\CodeIgniter.php(824): App\Controllers\Student\BookmarkController->bookmarkQuiz()
#3 C:\Apache24\htdocs\QuickQuiz\system\CodeIgniter.php(410): CodeIgniter\CodeIgniter->runController(Object(App\Controllers\Student\BookmarkController))
#4 C:\Apache24\htdocs\QuickQuiz\system\CodeIgniter.php(318): CodeIgniter\CodeIgniter->handleRequest(NULL, Object(Config\Cache), false)
#5 C:\Apache24\htdocs\QuickQuiz\public\index.php(37): CodeIgniter\CodeIgniter->run()
#6 C:\Apache24\htdocs\QuickQuiz\system\Commands\Server\rewrite.php(43): require_once('C:\\Apache24\\htd...')
#7 {main}
CRITICAL - 2021-12-26 06:53:11 --> Undefined array key "count"
#0 C:\Apache24\htdocs\QuickQuiz\app\Models\Quiz_model.php(108): CodeIgniter\Debug\Exceptions->errorHandler(2, 'Undefined array...', 'C:\\Apache24\\htd...', 108)
#1 C:\Apache24\htdocs\QuickQuiz\app\Controllers\Student\BookmarkController.php(29): App\Models\Quiz_model->isExistsInInteraction('1', '8')
#2 C:\Apache24\htdocs\QuickQuiz\system\CodeIgniter.php(824): App\Controllers\Student\BookmarkController->bookmarkQuiz()
#3 C:\Apache24\htdocs\QuickQuiz\system\CodeIgniter.php(410): CodeIgniter\CodeIgniter->runController(Object(App\Controllers\Student\BookmarkController))
#4 C:\Apache24\htdocs\QuickQuiz\system\CodeIgniter.php(318): CodeIgniter\CodeIgniter->handleRequest(NULL, Object(Config\Cache), false)
#5 C:\Apache24\htdocs\QuickQuiz\public\index.php(37): CodeIgniter\CodeIgniter->run()
#6 C:\Apache24\htdocs\QuickQuiz\system\Commands\Server\rewrite.php(43): require_once('C:\\Apache24\\htd...')
#7 {main}
CRITICAL - 2021-12-26 06:53:14 --> Undefined array key "count"
#0 C:\Apache24\htdocs\QuickQuiz\app\Models\Quiz_model.php(108): CodeIgniter\Debug\Exceptions->errorHandler(2, 'Undefined array...', 'C:\\Apache24\\htd...', 108)
#1 C:\Apache24\htdocs\QuickQuiz\app\Controllers\Student\BookmarkController.php(29): App\Models\Quiz_model->isExistsInInteraction('2', '8')
#2 C:\Apache24\htdocs\QuickQuiz\system\CodeIgniter.php(824): App\Controllers\Student\BookmarkController->bookmarkQuiz()
#3 C:\Apache24\htdocs\QuickQuiz\system\CodeIgniter.php(410): CodeIgniter\CodeIgniter->runController(Object(App\Controllers\Student\BookmarkController))
#4 C:\Apache24\htdocs\QuickQuiz\system\CodeIgniter.php(318): CodeIgniter\CodeIgniter->handleRequest(NULL, Object(Config\Cache), false)
#5 C:\Apache24\htdocs\QuickQuiz\public\index.php(37): CodeIgniter\CodeIgniter->run()
#6 C:\Apache24\htdocs\QuickQuiz\system\Commands\Server\rewrite.php(43): require_once('C:\\Apache24\\htd...')
#7 {main}
CRITICAL - 2021-12-26 06:53:17 --> Undefined array key "count"
#0 C:\Apache24\htdocs\QuickQuiz\app\Models\Quiz_model.php(108): CodeIgniter\Debug\Exceptions->errorHandler(2, 'Undefined array...', 'C:\\Apache24\\htd...', 108)
#1 C:\Apache24\htdocs\QuickQuiz\app\Controllers\Student\BookmarkController.php(29): App\Models\Quiz_model->isExistsInInteraction('3', '8')
#2 C:\Apache24\htdocs\QuickQuiz\system\CodeIgniter.php(824): App\Controllers\Student\BookmarkController->bookmarkQuiz()
#3 C:\Apache24\htdocs\QuickQuiz\system\CodeIgniter.php(410): CodeIgniter\CodeIgniter->runController(Object(App\Controllers\Student\BookmarkController))
#4 C:\Apache24\htdocs\QuickQuiz\system\CodeIgniter.php(318): CodeIgniter\CodeIgniter->handleRequest(NULL, Object(Config\Cache), false)
#5 C:\Apache24\htdocs\QuickQuiz\public\index.php(37): CodeIgniter\CodeIgniter->run()
#6 C:\Apache24\htdocs\QuickQuiz\system\Commands\Server\rewrite.php(43): require_once('C:\\Apache24\\htd...')
#7 {main}
CRITICAL - 2021-12-26 06:53:57 --> Undefined array key "count"
#0 C:\Apache24\htdocs\QuickQuiz\app\Models\Quiz_model.php(108): CodeIgniter\Debug\Exceptions->errorHandler(2, 'Undefined array...', 'C:\\Apache24\\htd...', 108)
#1 C:\Apache24\htdocs\QuickQuiz\app\Controllers\Student\BookmarkController.php(29): App\Models\Quiz_model->isExistsInInteraction('1', '8')
#2 C:\Apache24\htdocs\QuickQuiz\system\CodeIgniter.php(824): App\Controllers\Student\BookmarkController->bookmarkQuiz()
#3 C:\Apache24\htdocs\QuickQuiz\system\CodeIgniter.php(410): CodeIgniter\CodeIgniter->runController(Object(App\Controllers\Student\BookmarkController))
#4 C:\Apache24\htdocs\QuickQuiz\system\CodeIgniter.php(318): CodeIgniter\CodeIgniter->handleRequest(NULL, Object(Config\Cache), false)
#5 C:\Apache24\htdocs\QuickQuiz\public\index.php(37): CodeIgniter\CodeIgniter->run()
#6 C:\Apache24\htdocs\QuickQuiz\system\Commands\Server\rewrite.php(43): require_once('C:\\Apache24\\htd...')
#7 {main}
CRITICAL - 2021-12-26 06:54:06 --> Undefined array key "count"
#0 C:\Apache24\htdocs\QuickQuiz\app\Models\Quiz_model.php(108): CodeIgniter\Debug\Exceptions->errorHandler(2, 'Undefined array...', 'C:\\Apache24\\htd...', 108)
#1 C:\Apache24\htdocs\QuickQuiz\app\Controllers\Student\BookmarkController.php(29): App\Models\Quiz_model->isExistsInInteraction('1', '8')
#2 C:\Apache24\htdocs\QuickQuiz\system\CodeIgniter.php(824): App\Controllers\Student\BookmarkController->bookmarkQuiz()
#3 C:\Apache24\htdocs\QuickQuiz\system\CodeIgniter.php(410): CodeIgniter\CodeIgniter->runController(Object(App\Controllers\Student\BookmarkController))
#4 C:\Apache24\htdocs\QuickQuiz\system\CodeIgniter.php(318): CodeIgniter\CodeIgniter->handleRequest(NULL, Object(Config\Cache), false)
#5 C:\Apache24\htdocs\QuickQuiz\public\index.php(37): CodeIgniter\CodeIgniter->run()
#6 C:\Apache24\htdocs\QuickQuiz\system\Commands\Server\rewrite.php(43): require_once('C:\\Apache24\\htd...')
#7 {main}
CRITICAL - 2021-12-26 06:58:06 --> Undefined array key "count"
#0 C:\Apache24\htdocs\QuickQuiz\app\Models\Quiz_model.php(108): CodeIgniter\Debug\Exceptions->errorHandler(2, 'Undefined array...', 'C:\\Apache24\\htd...', 108)
#1 C:\Apache24\htdocs\QuickQuiz\app\Controllers\Student\BookmarkController.php(29): App\Models\Quiz_model->isExistsInInteraction('3', '8')
#2 C:\Apache24\htdocs\QuickQuiz\system\CodeIgniter.php(824): App\Controllers\Student\BookmarkController->bookmarkQuiz()
#3 C:\Apache24\htdocs\QuickQuiz\system\CodeIgniter.php(410): CodeIgniter\CodeIgniter->runController(Object(App\Controllers\Student\BookmarkController))
#4 C:\Apache24\htdocs\QuickQuiz\system\CodeIgniter.php(318): CodeIgniter\CodeIgniter->handleRequest(NULL, Object(Config\Cache), false)
#5 C:\Apache24\htdocs\QuickQuiz\public\index.php(37): CodeIgniter\CodeIgniter->run()
#6 C:\Apache24\htdocs\QuickQuiz\system\Commands\Server\rewrite.php(43): require_once('C:\\Apache24\\htd...')
#7 {main}
ERROR - 2021-12-26 07:00:31 --> Duplicate entry '1-8' for key 'interaction.PRIMARY'
ERROR - 2021-12-26 07:00:34 --> Duplicate entry '1-8' for key 'interaction.PRIMARY'
ERROR - 2021-12-26 07:00:36 --> Duplicate entry '1-8' for key 'interaction.PRIMARY'
ERROR - 2021-12-26 07:01:01 --> Duplicate entry '1-8' for key 'interaction.PRIMARY'
ERROR - 2021-12-26 07:01:03 --> Duplicate entry '2-8' for key 'interaction.PRIMARY'
ERROR - 2021-12-26 07:01:03 --> Duplicate entry '3-8' for key 'interaction.PRIMARY'
CRITICAL - 2021-12-26 08:06:10 --> Undefined array key "done"
#0 C:\Apache24\htdocs\QuickQuiz\app\Models\Quiz_model.php(133): CodeIgniter\Debug\Exceptions->errorHandler(2, 'Undefined array...', 'C:\\Apache24\\htd...', 133)
#1 C:\Apache24\htdocs\QuickQuiz\app\Controllers\Student\QuizController.php(64): App\Models\Quiz_model->isQuizDoneByUser('1', '8')
#2 C:\Apache24\htdocs\QuickQuiz\system\CodeIgniter.php(824): App\Controllers\Student\QuizController->checkResult()
#3 C:\Apache24\htdocs\QuickQuiz\system\CodeIgniter.php(410): CodeIgniter\CodeIgniter->runController(Object(App\Controllers\Student\QuizController))
#4 C:\Apache24\htdocs\QuickQuiz\system\CodeIgniter.php(318): CodeIgniter\CodeIgniter->handleRequest(NULL, Object(Config\Cache), false)
#5 C:\Apache24\htdocs\QuickQuiz\public\index.php(37): CodeIgniter\CodeIgniter->run()
#6 C:\Apache24\htdocs\QuickQuiz\system\Commands\Server\rewrite.php(43): require_once('C:\\Apache24\\htd...')
#7 {main}
CRITICAL - 2021-12-26 08:08:23 --> Undefined array key "done"
#0 C:\Apache24\htdocs\QuickQuiz\app\Models\Quiz_model.php(133): CodeIgniter\Debug\Exceptions->errorHandler(2, 'Undefined array...', 'C:\\Apache24\\htd...', 133)
#1 C:\Apache24\htdocs\QuickQuiz\app\Controllers\Student\QuizController.php(64): App\Models\Quiz_model->isQuizDoneByUser('1', '8')
#2 C:\Apache24\htdocs\QuickQuiz\system\CodeIgniter.php(824): App\Controllers\Student\QuizController->checkResult()
#3 C:\Apache24\htdocs\QuickQuiz\system\CodeIgniter.php(410): CodeIgniter\CodeIgniter->runController(Object(App\Controllers\Student\QuizController))
#4 C:\Apache24\htdocs\QuickQuiz\system\CodeIgniter.php(318): CodeIgniter\CodeIgniter->handleRequest(NULL, Object(Config\Cache), false)
#5 C:\Apache24\htdocs\QuickQuiz\public\index.php(37): CodeIgniter\CodeIgniter->run()
#6 C:\Apache24\htdocs\QuickQuiz\system\Commands\Server\rewrite.php(43): require_once('C:\\Apache24\\htd...')
#7 {main}
CRITICAL - 2021-12-26 08:13:07 --> Undefined array key "done"
#0 C:\Apache24\htdocs\QuickQuiz\app\Models\Quiz_model.php(133): CodeIgniter\Debug\Exceptions->errorHandler(2, 'Undefined array...', 'C:\\Apache24\\htd...', 133)
#1 C:\Apache24\htdocs\QuickQuiz\app\Controllers\Student\QuizController.php(65): App\Models\Quiz_model->isQuizDoneByUser('1', '8')
#2 C:\Apache24\htdocs\QuickQuiz\system\CodeIgniter.php(824): App\Controllers\Student\QuizController->checkResult()
#3 C:\Apache24\htdocs\QuickQuiz\system\CodeIgniter.php(410): CodeIgniter\CodeIgniter->runController(Object(App\Controllers\Student\QuizController))
#4 C:\Apache24\htdocs\QuickQuiz\system\CodeIgniter.php(318): CodeIgniter\CodeIgniter->handleRequest(NULL, Object(Config\Cache), false)
#5 C:\Apache24\htdocs\QuickQuiz\public\index.php(37): CodeIgniter\CodeIgniter->run()
#6 C:\Apache24\htdocs\QuickQuiz\system\Commands\Server\rewrite.php(43): require_once('C:\\Apache24\\htd...')
#7 {main}
CRITICAL - 2021-12-26 08:16:04 --> Undefined array key "done"
#0 C:\Apache24\htdocs\QuickQuiz\app\Models\Quiz_model.php(133): CodeIgniter\Debug\Exceptions->errorHandler(2, 'Undefined array...', 'C:\\Apache24\\htd...', 133)
#1 C:\Apache24\htdocs\QuickQuiz\app\Controllers\Student\QuizController.php(65): App\Models\Quiz_model->isQuizDoneByUser('1', '8')
#2 C:\Apache24\htdocs\QuickQuiz\system\CodeIgniter.php(824): App\Controllers\Student\QuizController->checkResult()
#3 C:\Apache24\htdocs\QuickQuiz\system\CodeIgniter.php(410): CodeIgniter\CodeIgniter->runController(Object(App\Controllers\Student\QuizController))
#4 C:\Apache24\htdocs\QuickQuiz\system\CodeIgniter.php(318): CodeIgniter\CodeIgniter->handleRequest(NULL, Object(Config\Cache), false)
#5 C:\Apache24\htdocs\QuickQuiz\public\index.php(37): CodeIgniter\CodeIgniter->run()
#6 C:\Apache24\htdocs\QuickQuiz\system\Commands\Server\rewrite.php(43): require_once('C:\\Apache24\\htd...')
#7 {main}
CRITICAL - 2021-12-26 08:19:55 --> Undefined array key "done"
#0 C:\Apache24\htdocs\QuickQuiz\app\Models\Quiz_model.php(135): CodeIgniter\Debug\Exceptions->errorHandler(2, 'Undefined array...', 'C:\\Apache24\\htd...', 135)
#1 C:\Apache24\htdocs\QuickQuiz\app\Controllers\Student\QuizController.php(65): App\Models\Quiz_model->isQuizDoneByUser('1', '8')
#2 C:\Apache24\htdocs\QuickQuiz\system\CodeIgniter.php(824): App\Controllers\Student\QuizController->checkResult()
#3 C:\Apache24\htdocs\QuickQuiz\system\CodeIgniter.php(410): CodeIgniter\CodeIgniter->runController(Object(App\Controllers\Student\QuizController))
#4 C:\Apache24\htdocs\QuickQuiz\system\CodeIgniter.php(318): CodeIgniter\CodeIgniter->handleRequest(NULL, Object(Config\Cache), false)
#5 C:\Apache24\htdocs\QuickQuiz\public\index.php(37): CodeIgniter\CodeIgniter->run()
#6 C:\Apache24\htdocs\QuickQuiz\system\Commands\Server\rewrite.php(43): require_once('C:\\Apache24\\htd...')
#7 {main}
CRITICAL - 2021-12-26 08:23:02 --> Trying to access array offset on value of type int
#0 C:\Apache24\htdocs\QuickQuiz\app\Controllers\Student\QuizController.php(60): CodeIgniter\Debug\Exceptions->errorHandler(2, 'Trying to acces...', 'C:\\Apache24\\htd...', 60)
#1 C:\Apache24\htdocs\QuickQuiz\system\CodeIgniter.php(824): App\Controllers\Student\QuizController->checkResult()
#2 C:\Apache24\htdocs\QuickQuiz\system\CodeIgniter.php(410): CodeIgniter\CodeIgniter->runController(Object(App\Controllers\Student\QuizController))
#3 C:\Apache24\htdocs\QuickQuiz\system\CodeIgniter.php(318): CodeIgniter\CodeIgniter->handleRequest(NULL, Object(Config\Cache), false)
#4 C:\Apache24\htdocs\QuickQuiz\public\index.php(37): CodeIgniter\CodeIgniter->run()
#5 C:\Apache24\htdocs\QuickQuiz\system\Commands\Server\rewrite.php(43): require_once('C:\\Apache24\\htd...')
#6 {main}
CRITICAL - 2021-12-26 08:37:14 --> Undefined array key "done"
#0 C:\Apache24\htdocs\QuickQuiz\app\Models\Quiz_model.php(136): CodeIgniter\Debug\Exceptions->errorHandler(2, 'Undefined array...', 'C:\\Apache24\\htd...', 136)
#1 C:\Apache24\htdocs\QuickQuiz\app\Controllers\Student\QuizController.php(65): App\Models\Quiz_model->isQuizDoneByUser('1', '8')
#2 C:\Apache24\htdocs\QuickQuiz\system\CodeIgniter.php(824): App\Controllers\Student\QuizController->checkResult()
#3 C:\Apache24\htdocs\QuickQuiz\system\CodeIgniter.php(410): CodeIgniter\CodeIgniter->runController(Object(App\Controllers\Student\QuizController))
#4 C:\Apache24\htdocs\QuickQuiz\system\CodeIgniter.php(318): CodeIgniter\CodeIgniter->handleRequest(NULL, Object(Config\Cache), false)
#5 C:\Apache24\htdocs\QuickQuiz\public\index.php(37): CodeIgniter\CodeIgniter->run()
#6 C:\Apache24\htdocs\QuickQuiz\system\Commands\Server\rewrite.php(43): require_once('C:\\Apache24\\htd...')
#7 {main}
CRITICAL - 2021-12-26 08:38:54 --> Undefined array key "done"
#0 C:\Apache24\htdocs\QuickQuiz\app\Models\Quiz_model.php(136): CodeIgniter\Debug\Exceptions->errorHandler(2, 'Undefined array...', 'C:\\Apache24\\htd...', 136)
#1 C:\Apache24\htdocs\QuickQuiz\app\Controllers\Student\QuizController.php(66): App\Models\Quiz_model->isQuizDoneByUser('1', '8')
#2 C:\Apache24\htdocs\QuickQuiz\system\CodeIgniter.php(824): App\Controllers\Student\QuizController->checkResult()
#3 C:\Apache24\htdocs\QuickQuiz\system\CodeIgniter.php(410): CodeIgniter\CodeIgniter->runController(Object(App\Controllers\Student\QuizController))
#4 C:\Apache24\htdocs\QuickQuiz\system\CodeIgniter.php(318): CodeIgniter\CodeIgniter->handleRequest(NULL, Object(Config\Cache), false)
#5 C:\Apache24\htdocs\QuickQuiz\public\index.php(37): CodeIgniter\CodeIgniter->run()
#6 C:\Apache24\htdocs\QuickQuiz\system\Commands\Server\rewrite.php(43): require_once('C:\\Apache24\\htd...')
#7 {main}
CRITICAL - 2021-12-26 08:41:46 --> Undefined array key "done"
#0 C:\Apache24\htdocs\QuickQuiz\app\Controllers\Student\QuizController.php(67): CodeIgniter\Debug\Exceptions->errorHandler(2, 'Undefined array...', 'C:\\Apache24\\htd...', 67)
#1 C:\Apache24\htdocs\QuickQuiz\system\CodeIgniter.php(824): App\Controllers\Student\QuizController->checkResult()
#2 C:\Apache24\htdocs\QuickQuiz\system\CodeIgniter.php(410): CodeIgniter\CodeIgniter->runController(Object(App\Controllers\Student\QuizController))
#3 C:\Apache24\htdocs\QuickQuiz\system\CodeIgniter.php(318): CodeIgniter\CodeIgniter->handleRequest(NULL, Object(Config\Cache), false)
#4 C:\Apache24\htdocs\QuickQuiz\public\index.php(37): CodeIgniter\CodeIgniter->run()
#5 C:\Apache24\htdocs\QuickQuiz\system\Commands\Server\rewrite.php(43): require_once('C:\\Apache24\\htd...')
#6 {main}
CRITICAL - 2021-12-26 08:45:33 --> Undefined array key "done"
#0 C:\Apache24\htdocs\QuickQuiz\app\Models\Quiz_model.php(136): CodeIgniter\Debug\Exceptions->errorHandler(2, 'Undefined array...', 'C:\\Apache24\\htd...', 136)
#1 C:\Apache24\htdocs\QuickQuiz\app\Controllers\Student\QuizController.php(66): App\Models\Quiz_model->isQuizDoneByUser('1', '8')
#2 C:\Apache24\htdocs\QuickQuiz\system\CodeIgniter.php(824): App\Controllers\Student\QuizController->checkResult()
#3 C:\Apache24\htdocs\QuickQuiz\system\CodeIgniter.php(410): CodeIgniter\CodeIgniter->runController(Object(App\Controllers\Student\QuizController))
#4 C:\Apache24\htdocs\QuickQuiz\system\CodeIgniter.php(318): CodeIgniter\CodeIgniter->handleRequest(NULL, Object(Config\Cache), false)
#5 C:\Apache24\htdocs\QuickQuiz\public\index.php(37): CodeIgniter\CodeIgniter->run()
#6 C:\Apache24\htdocs\QuickQuiz\system\Commands\Server\rewrite.php(43): require_once('C:\\Apache24\\htd...')
#7 {main}
CRITICAL - 2021-12-26 08:48:30 --> Undefined array key "done"
#0 C:\Apache24\htdocs\QuickQuiz\app\Models\Quiz_model.php(136): CodeIgniter\Debug\Exceptions->errorHandler(2, 'Undefined array...', 'C:\\Apache24\\htd...', 136)
#1 C:\Apache24\htdocs\QuickQuiz\app\Controllers\Student\QuizController.php(66): App\Models\Quiz_model->isQuizDoneByUser('1', '8')
#2 C:\Apache24\htdocs\QuickQuiz\system\CodeIgniter.php(824): App\Controllers\Student\QuizController->checkResult()
#3 C:\Apache24\htdocs\QuickQuiz\system\CodeIgniter.php(410): CodeIgniter\CodeIgniter->runController(Object(App\Controllers\Student\QuizController))
#4 C:\Apache24\htdocs\QuickQuiz\system\CodeIgniter.php(318): CodeIgniter\CodeIgniter->handleRequest(NULL, Object(Config\Cache), false)
#5 C:\Apache24\htdocs\QuickQuiz\public\index.php(37): CodeIgniter\CodeIgniter->run()
#6 C:\Apache24\htdocs\QuickQuiz\system\Commands\Server\rewrite.php(43): require_once('C:\\Apache24\\htd...')
#7 {main}
CRITICAL - 2021-12-26 08:52:28 --> Undefined array key "done"
#0 C:\Apache24\htdocs\QuickQuiz\app\Models\Quiz_model.php(135): CodeIgniter\Debug\Exceptions->errorHandler(2, 'Undefined array...', 'C:\\Apache24\\htd...', 135)
#1 C:\Apache24\htdocs\QuickQuiz\app\Controllers\Student\QuizController.php(67): App\Models\Quiz_model->isQuizDoneByUser('1', '8')
#2 C:\Apache24\htdocs\QuickQuiz\system\CodeIgniter.php(824): App\Controllers\Student\QuizController->checkResult()
#3 C:\Apache24\htdocs\QuickQuiz\system\CodeIgniter.php(410): CodeIgniter\CodeIgniter->runController(Object(App\Controllers\Student\QuizController))
#4 C:\Apache24\htdocs\QuickQuiz\system\CodeIgniter.php(318): CodeIgniter\CodeIgniter->handleRequest(NULL, Object(Config\Cache), false)
#5 C:\Apache24\htdocs\QuickQuiz\public\index.php(37): CodeIgniter\CodeIgniter->run()
#6 C:\Apache24\htdocs\QuickQuiz\system\Commands\Server\rewrite.php(43): require_once('C:\\Apache24\\htd...')
#7 {main}
CRITICAL - 2021-12-26 08:54:28 --> Undefined array key "done"
#0 C:\Apache24\htdocs\QuickQuiz\app\Controllers\Student\QuizController.php(75): CodeIgniter\Debug\Exceptions->errorHandler(2, 'Undefined array...', 'C:\\Apache24\\htd...', 75)
#1 C:\Apache24\htdocs\QuickQuiz\system\CodeIgniter.php(824): App\Controllers\Student\QuizController->checkResult()
#2 C:\Apache24\htdocs\QuickQuiz\system\CodeIgniter.php(410): CodeIgniter\CodeIgniter->runController(Object(App\Controllers\Student\QuizController))
#3 C:\Apache24\htdocs\QuickQuiz\system\CodeIgniter.php(318): CodeIgniter\CodeIgniter->handleRequest(NULL, Object(Config\Cache), false)
#4 C:\Apache24\htdocs\QuickQuiz\public\index.php(37): CodeIgniter\CodeIgniter->run()
#5 C:\Apache24\htdocs\QuickQuiz\system\Commands\Server\rewrite.php(43): require_once('C:\\Apache24\\htd...')
#6 {main}
CRITICAL - 2021-12-26 08:55:45 --> Undefined array key "done"
#0 C:\Apache24\htdocs\QuickQuiz\app\Models\Quiz_model.php(134): CodeIgniter\Debug\Exceptions->errorHandler(2, 'Undefined array...', 'C:\\Apache24\\htd...', 134)
#1 C:\Apache24\htdocs\QuickQuiz\app\Controllers\Student\QuizController.php(67): App\Models\Quiz_model->isQuizDoneByUser('1', '8')
#2 C:\Apache24\htdocs\QuickQuiz\system\CodeIgniter.php(824): App\Controllers\Student\QuizController->checkResult()
#3 C:\Apache24\htdocs\QuickQuiz\system\CodeIgniter.php(410): CodeIgniter\CodeIgniter->runController(Object(App\Controllers\Student\QuizController))
#4 C:\Apache24\htdocs\QuickQuiz\system\CodeIgniter.php(318): CodeIgniter\CodeIgniter->handleRequest(NULL, Object(Config\Cache), false)
#5 C:\Apache24\htdocs\QuickQuiz\public\index.php(37): CodeIgniter\CodeIgniter->run()
#6 C:\Apache24\htdocs\QuickQuiz\system\Commands\Server\rewrite.php(43): require_once('C:\\Apache24\\htd...')
#7 {main}
CRITICAL - 2021-12-26 09:22:48 --> Undefined array key "answerList"
#0 C:\Apache24\htdocs\QuickQuiz\app\Controllers\Student\QuizController.php(42): CodeIgniter\Debug\Exceptions->errorHandler(2, 'Undefined array...', 'C:\\Apache24\\htd...', 42)
#1 C:\Apache24\htdocs\QuickQuiz\system\CodeIgniter.php(824): App\Controllers\Student\QuizController->checkResult()
#2 C:\Apache24\htdocs\QuickQuiz\system\CodeIgniter.php(410): CodeIgniter\CodeIgniter->runController(Object(App\Controllers\Student\QuizController))
#3 C:\Apache24\htdocs\QuickQuiz\system\CodeIgniter.php(318): CodeIgniter\CodeIgniter->handleRequest(NULL, Object(Config\Cache), false)
#4 C:\Apache24\htdocs\QuickQuiz\public\index.php(37): CodeIgniter\CodeIgniter->run()
#5 C:\Apache24\htdocs\QuickQuiz\system\Commands\Server\rewrite.php(43): require_once('C:\\Apache24\\htd...')
#6 {main}
CRITICAL - 2021-12-26 10:54:20 --> Undefined array key "filter"
#0 C:\Apache24\htdocs\QuickQuiz\app\Controllers\Coach\QuestionbankController.php(51): CodeIgniter\Debug\Exceptions->errorHandler(2, 'Undefined array...', 'C:\\Apache24\\htd...', 51)
#1 C:\Apache24\htdocs\QuickQuiz\system\CodeIgniter.php(824): App\Controllers\Coach\QuestionbankController->fetch_filter()
#2 C:\Apache24\htdocs\QuickQuiz\system\CodeIgniter.php(410): CodeIgniter\CodeIgniter->runController(Object(App\Controllers\Coach\QuestionbankController))
#3 C:\Apache24\htdocs\QuickQuiz\system\CodeIgniter.php(318): CodeIgniter\CodeIgniter->handleRequest(NULL, Object(Config\Cache), false)
#4 C:\Apache24\htdocs\QuickQuiz\public\index.php(37): CodeIgniter\CodeIgniter->run()
#5 C:\Apache24\htdocs\QuickQuiz\system\Commands\Server\rewrite.php(43): require_once('C:\\Apache24\\htd...')
#6 {main}
CRITICAL - 2021-12-26 10:54:33 --> Undefined array key "filter"
#0 C:\Apache24\htdocs\QuickQuiz\app\Controllers\Coach\QuestionbankController.php(51): CodeIgniter\Debug\Exceptions->errorHandler(2, 'Undefined array...', 'C:\\Apache24\\htd...', 51)
#1 C:\Apache24\htdocs\QuickQuiz\system\CodeIgniter.php(824): App\Controllers\Coach\QuestionbankController->fetch_filter()
#2 C:\Apache24\htdocs\QuickQuiz\system\CodeIgniter.php(410): CodeIgniter\CodeIgniter->runController(Object(App\Controllers\Coach\QuestionbankController))
#3 C:\Apache24\htdocs\QuickQuiz\system\CodeIgniter.php(318): CodeIgniter\CodeIgniter->handleRequest(NULL, Object(Config\Cache), false)
#4 C:\Apache24\htdocs\QuickQuiz\public\index.php(37): CodeIgniter\CodeIgniter->run()
#5 C:\Apache24\htdocs\QuickQuiz\system\Commands\Server\rewrite.php(43): require_once('C:\\Apache24\\htd...')
#6 {main}
CRITICAL - 2021-12-26 10:58:18 --> Undefined array key "filter"
#0 C:\Apache24\htdocs\QuickQuiz\app\Controllers\Coach\QuestionbankController.php(51): CodeIgniter\Debug\Exceptions->errorHandler(2, 'Undefined array...', 'C:\\Apache24\\htd...', 51)
#1 C:\Apache24\htdocs\QuickQuiz\system\CodeIgniter.php(824): App\Controllers\Coach\QuestionbankController->fetch_filter()
#2 C:\Apache24\htdocs\QuickQuiz\system\CodeIgniter.php(410): CodeIgniter\CodeIgniter->runController(Object(App\Controllers\Coach\QuestionbankController))
#3 C:\Apache24\htdocs\QuickQuiz\system\CodeIgniter.php(318): CodeIgniter\CodeIgniter->handleRequest(NULL, Object(Config\Cache), false)
#4 C:\Apache24\htdocs\QuickQuiz\public\index.php(37): CodeIgniter\CodeIgniter->run()
#5 C:\Apache24\htdocs\QuickQuiz\system\Commands\Server\rewrite.php(43): require_once('C:\\Apache24\\htd...')
#6 {main}
CRITICAL - 2021-12-26 10:59:37 --> Undefined array key "filter"
#0 C:\Apache24\htdocs\QuickQuiz\app\Controllers\Coach\QuestionbankController.php(51): CodeIgniter\Debug\Exceptions->errorHandler(2, 'Undefined array...', 'C:\\Apache24\\htd...', 51)
#1 C:\Apache24\htdocs\QuickQuiz\system\CodeIgniter.php(824): App\Controllers\Coach\QuestionbankController->fetch_filter()
#2 C:\Apache24\htdocs\QuickQuiz\system\CodeIgniter.php(410): CodeIgniter\CodeIgniter->runController(Object(App\Controllers\Coach\QuestionbankController))
#3 C:\Apache24\htdocs\QuickQuiz\system\CodeIgniter.php(318): CodeIgniter\CodeIgniter->handleRequest(NULL, Object(Config\Cache), false)
#4 C:\Apache24\htdocs\QuickQuiz\public\index.php(37): CodeIgniter\CodeIgniter->run()
#5 C:\Apache24\htdocs\QuickQuiz\system\Commands\Server\rewrite.php(43): require_once('C:\\Apache24\\htd...')
#6 {main}
CRITICAL - 2021-12-26 11:00:33 --> Undefined array key "filter"
#0 C:\Apache24\htdocs\QuickQuiz\app\Controllers\Coach\QuestionbankController.php(51): CodeIgniter\Debug\Exceptions->errorHandler(2, 'Undefined array...', 'C:\\Apache24\\htd...', 51)
#1 C:\Apache24\htdocs\QuickQuiz\system\CodeIgniter.php(824): App\Controllers\Coach\QuestionbankController->fetch_filter()
#2 C:\Apache24\htdocs\QuickQuiz\system\CodeIgniter.php(410): CodeIgniter\CodeIgniter->runController(Object(App\Controllers\Coach\QuestionbankController))
#3 C:\Apache24\htdocs\QuickQuiz\system\CodeIgniter.php(318): CodeIgniter\CodeIgniter->handleRequest(NULL, Object(Config\Cache), false)
#4 C:\Apache24\htdocs\QuickQuiz\public\index.php(37): CodeIgniter\CodeIgniter->run()
#5 C:\Apache24\htdocs\QuickQuiz\system\Commands\Server\rewrite.php(43): require_once('C:\\Apache24\\htd...')
#6 {main}
CRITICAL - 2021-12-26 11:03:21 --> Undefined array key "filter"
#0 C:\Apache24\htdocs\QuickQuiz\app\Controllers\Coach\QuestionbankController.php(51): CodeIgniter\Debug\Exceptions->errorHandler(2, 'Undefined array...', 'C:\\Apache24\\htd...', 51)
#1 C:\Apache24\htdocs\QuickQuiz\system\CodeIgniter.php(824): App\Controllers\Coach\QuestionbankController->fetch_filter()
#2 C:\Apache24\htdocs\QuickQuiz\system\CodeIgniter.php(410): CodeIgniter\CodeIgniter->runController(Object(App\Controllers\Coach\QuestionbankController))
#3 C:\Apache24\htdocs\QuickQuiz\system\CodeIgniter.php(318): CodeIgniter\CodeIgniter->handleRequest(NULL, Object(Config\Cache), false)
#4 C:\Apache24\htdocs\QuickQuiz\public\index.php(37): CodeIgniter\CodeIgniter->run()
#5 C:\Apache24\htdocs\QuickQuiz\system\Commands\Server\rewrite.php(43): require_once('C:\\Apache24\\htd...')
#6 {main}
CRITICAL - 2021-12-26 11:03:33 --> Undefined array key "filter"
#0 C:\Apache24\htdocs\QuickQuiz\app\Controllers\Coach\QuestionbankController.php(51): CodeIgniter\Debug\Exceptions->errorHandler(2, 'Undefined array...', 'C:\\Apache24\\htd...', 51)
#1 C:\Apache24\htdocs\QuickQuiz\system\CodeIgniter.php(824): App\Controllers\Coach\QuestionbankController->fetch_filter()
#2 C:\Apache24\htdocs\QuickQuiz\system\CodeIgniter.php(410): CodeIgniter\CodeIgniter->runController(Object(App\Controllers\Coach\QuestionbankController))
#3 C:\Apache24\htdocs\QuickQuiz\system\CodeIgniter.php(318): CodeIgniter\CodeIgniter->handleRequest(NULL, Object(Config\Cache), false)
#4 C:\Apache24\htdocs\QuickQuiz\public\index.php(37): CodeIgniter\CodeIgniter->run()
#5 C:\Apache24\htdocs\QuickQuiz\system\Commands\Server\rewrite.php(43): require_once('C:\\Apache24\\htd...')
#6 {main}
CRITICAL - 2021-12-26 11:05:09 --> Undefined array key "filter"
#0 C:\Apache24\htdocs\QuickQuiz\app\Controllers\Coach\QuestionbankController.php(51): CodeIgniter\Debug\Exceptions->errorHandler(2, 'Undefined array...', 'C:\\Apache24\\htd...', 51)
#1 C:\Apache24\htdocs\QuickQuiz\system\CodeIgniter.php(824): App\Controllers\Coach\QuestionbankController->fetch_filter()
#2 C:\Apache24\htdocs\QuickQuiz\system\CodeIgniter.php(410): CodeIgniter\CodeIgniter->runController(Object(App\Controllers\Coach\QuestionbankController))
#3 C:\Apache24\htdocs\QuickQuiz\system\CodeIgniter.php(318): CodeIgniter\CodeIgniter->handleRequest(NULL, Object(Config\Cache), false)
#4 C:\Apache24\htdocs\QuickQuiz\public\index.php(37): CodeIgniter\CodeIgniter->run()
#5 C:\Apache24\htdocs\QuickQuiz\system\Commands\Server\rewrite.php(43): require_once('C:\\Apache24\\htd...')
#6 {main}
CRITICAL - 2021-12-26 11:50:44 --> Undefined array key "filter"
#0 C:\Apache24\htdocs\QuickQuiz\app\Controllers\Coach\QuestionbankController.php(51): CodeIgniter\Debug\Exceptions->errorHandler(2, 'Undefined array...', 'C:\\Apache24\\htd...', 51)
#1 C:\Apache24\htdocs\QuickQuiz\system\CodeIgniter.php(824): App\Controllers\Coach\QuestionbankController->fetch_filter()
#2 C:\Apache24\htdocs\QuickQuiz\system\CodeIgniter.php(410): CodeIgniter\CodeIgniter->runController(Object(App\Controllers\Coach\QuestionbankController))
#3 C:\Apache24\htdocs\QuickQuiz\system\CodeIgniter.php(318): CodeIgniter\CodeIgniter->handleRequest(NULL, Object(Config\Cache), false)
#4 C:\Apache24\htdocs\QuickQuiz\public\index.php(37): CodeIgniter\CodeIgniter->run()
#5 C:\Apache24\htdocs\QuickQuiz\system\Commands\Server\rewrite.php(43): require_once('C:\\Apache24\\htd...')
#6 {main}
CRITICAL - 2021-12-26 11:56:14 --> Undefined array key "arr"
#0 C:\Apache24\htdocs\QuickQuiz\app\Controllers\Coach\AddquestionController.php(129): CodeIgniter\Debug\Exceptions->errorHandler(2, 'Undefined array...', 'C:\\Apache24\\htd...', 129)
#1 C:\Apache24\htdocs\QuickQuiz\system\CodeIgniter.php(824): App\Controllers\Coach\AddquestionController->previewQuiz()
#2 C:\Apache24\htdocs\QuickQuiz\system\CodeIgniter.php(410): CodeIgniter\CodeIgniter->runController(Object(App\Controllers\Coach\AddquestionController))
#3 C:\Apache24\htdocs\QuickQuiz\system\CodeIgniter.php(318): CodeIgniter\CodeIgniter->handleRequest(NULL, Object(Config\Cache), false)
#4 C:\Apache24\htdocs\QuickQuiz\public\index.php(37): CodeIgniter\CodeIgniter->run()
#5 C:\Apache24\htdocs\QuickQuiz\system\Commands\Server\rewrite.php(43): require_once('C:\\Apache24\\htd...')
#6 {main}
CRITICAL - 2021-12-26 11:56:17 --> Undefined array key "filter"
#0 C:\Apache24\htdocs\QuickQuiz\app\Controllers\Coach\QuestionbankController.php(51): CodeIgniter\Debug\Exceptions->errorHandler(2, 'Undefined array...', 'C:\\Apache24\\htd...', 51)
#1 C:\Apache24\htdocs\QuickQuiz\system\CodeIgniter.php(824): App\Controllers\Coach\QuestionbankController->fetch_filter()
#2 C:\Apache24\htdocs\QuickQuiz\system\CodeIgniter.php(410): CodeIgniter\CodeIgniter->runController(Object(App\Controllers\Coach\QuestionbankController))
#3 C:\Apache24\htdocs\QuickQuiz\system\CodeIgniter.php(318): CodeIgniter\CodeIgniter->handleRequest(NULL, Object(Config\Cache), false)
#4 C:\Apache24\htdocs\QuickQuiz\public\index.php(37): CodeIgniter\CodeIgniter->run()
#5 C:\Apache24\htdocs\QuickQuiz\system\Commands\Server\rewrite.php(43): require_once('C:\\Apache24\\htd...')
#6 {main}
CRITICAL - 2021-12-26 11:56:22 --> Undefined array key "arr"
#0 C:\Apache24\htdocs\QuickQuiz\app\Controllers\Coach\AddquestionController.php(129): CodeIgniter\Debug\Exceptions->errorHandler(2, 'Undefined array...', 'C:\\Apache24\\htd...', 129)
#1 C:\Apache24\htdocs\QuickQuiz\system\CodeIgniter.php(824): App\Controllers\Coach\AddquestionController->previewQuiz()
#2 C:\Apache24\htdocs\QuickQuiz\system\CodeIgniter.php(410): CodeIgniter\CodeIgniter->runController(Object(App\Controllers\Coach\AddquestionController))
#3 C:\Apache24\htdocs\QuickQuiz\system\CodeIgniter.php(318): CodeIgniter\CodeIgniter->handleRequest(NULL, Object(Config\Cache), false)
#4 C:\Apache24\htdocs\QuickQuiz\public\index.php(37): CodeIgniter\CodeIgniter->run()
#5 C:\Apache24\htdocs\QuickQuiz\system\Commands\Server\rewrite.php(43): require_once('C:\\Apache24\\htd...')
#6 {main}
CRITICAL - 2021-12-26 11:59:29 --> Undefined array key "filter"
#0 C:\Apache24\htdocs\QuickQuiz\app\Controllers\Coach\QuestionbankController.php(51): CodeIgniter\Debug\Exceptions->errorHandler(2, 'Undefined array...', 'C:\\Apache24\\htd...', 51)
#1 C:\Apache24\htdocs\QuickQuiz\system\CodeIgniter.php(824): App\Controllers\Coach\QuestionbankController->fetch_filter()
#2 C:\Apache24\htdocs\QuickQuiz\system\CodeIgniter.php(410): CodeIgniter\CodeIgniter->runController(Object(App\Controllers\Coach\QuestionbankController))
#3 C:\Apache24\htdocs\QuickQuiz\system\CodeIgniter.php(318): CodeIgniter\CodeIgniter->handleRequest(NULL, Object(Config\Cache), false)
#4 C:\Apache24\htdocs\QuickQuiz\public\index.php(37): CodeIgniter\CodeIgniter->run()
#5 C:\Apache24\htdocs\QuickQuiz\system\Commands\Server\rewrite.php(43): require_once('C:\\Apache24\\htd...')
#6 {main}
CRITICAL - 2021-12-26 12:18:39 --> Too few arguments to function App\Models\Quiz_model::addQuestion(), 7 passed in C:\Apache24\htdocs\QuickQuiz\app\Controllers\Coach\AddquestionController.php on line 52 and exactly 8 expected
#0 C:\Apache24\htdocs\QuickQuiz\app\Controllers\Coach\AddquestionController.php(52): App\Models\Quiz_model->addQuestion('\\\\text{n\xE1\xBB\x99i du...', '\\\\frac{2}{3}', '\\\\frac{2}{3}', '\\\\frac{2}{3}', '\\\\frac{2}{3}', 'C', '1')
#1 C:\Apache24\htdocs\QuickQuiz\system\CodeIgniter.php(824): App\Controllers\Coach\AddquestionController->addQuestion()
#2 C:\Apache24\htdocs\QuickQuiz\system\CodeIgniter.php(410): CodeIgniter\CodeIgniter->runController(Object(App\Controllers\Coach\AddquestionController))
#3 C:\Apache24\htdocs\QuickQuiz\system\CodeIgniter.php(318): CodeIgniter\CodeIgniter->handleRequest(NULL, Object(Config\Cache), false)
#4 C:\Apache24\htdocs\QuickQuiz\public\index.php(37): CodeIgniter\CodeIgniter->run()
#5 C:\Apache24\htdocs\QuickQuiz\system\Commands\Server\rewrite.php(43): require_once('C:\\Apache24\\htd...')
#6 {main}
CRITICAL - 2021-12-26 12:19:36 --> Undefined array key "filter"
#0 C:\Apache24\htdocs\QuickQuiz\app\Controllers\Coach\QuestionbankController.php(51): CodeIgniter\Debug\Exceptions->errorHandler(2, 'Undefined array...', 'C:\\Apache24\\htd...', 51)
#1 C:\Apache24\htdocs\QuickQuiz\system\CodeIgniter.php(824): App\Controllers\Coach\QuestionbankController->fetch_filter()
#2 C:\Apache24\htdocs\QuickQuiz\system\CodeIgniter.php(410): CodeIgniter\CodeIgniter->runController(Object(App\Controllers\Coach\QuestionbankController))
#3 C:\Apache24\htdocs\QuickQuiz\system\CodeIgniter.php(318): CodeIgniter\CodeIgniter->handleRequest(NULL, Object(Config\Cache), false)
#4 C:\Apache24\htdocs\QuickQuiz\public\index.php(37): CodeIgniter\CodeIgniter->run()
#5 C:\Apache24\htdocs\QuickQuiz\system\Commands\Server\rewrite.php(43): require_once('C:\\Apache24\\htd...')
#6 {main}
CRITICAL - 2021-12-26 12:22:29 --> Undefined array key "filter"
#0 C:\Apache24\htdocs\QuickQuiz\app\Controllers\Coach\QuestionbankController.php(51): CodeIgniter\Debug\Exceptions->errorHandler(2, 'Undefined array...', 'C:\\Apache24\\htd...', 51)
#1 C:\Apache24\htdocs\QuickQuiz\system\CodeIgniter.php(824): App\Controllers\Coach\QuestionbankController->fetch_filter()
#2 C:\Apache24\htdocs\QuickQuiz\system\CodeIgniter.php(410): CodeIgniter\CodeIgniter->runController(Object(App\Controllers\Coach\QuestionbankController))
#3 C:\Apache24\htdocs\QuickQuiz\system\CodeIgniter.php(318): CodeIgniter\CodeIgniter->handleRequest(NULL, Object(Config\Cache), false)
#4 C:\Apache24\htdocs\QuickQuiz\public\index.php(37): CodeIgniter\CodeIgniter->run()
#5 C:\Apache24\htdocs\QuickQuiz\system\Commands\Server\rewrite.php(43): require_once('C:\\Apache24\\htd...')
#6 {main}
CRITICAL - 2021-12-26 12:23:24 --> Undefined array key "filter"
#0 C:\Apache24\htdocs\QuickQuiz\app\Controllers\Coach\QuestionbankController.php(51): CodeIgniter\Debug\Exceptions->errorHandler(2, 'Undefined array...', 'C:\\Apache24\\htd...', 51)
#1 C:\Apache24\htdocs\QuickQuiz\system\CodeIgniter.php(824): App\Controllers\Coach\QuestionbankController->fetch_filter()
#2 C:\Apache24\htdocs\QuickQuiz\system\CodeIgniter.php(410): CodeIgniter\CodeIgniter->runController(Object(App\Controllers\Coach\QuestionbankController))
#3 C:\Apache24\htdocs\QuickQuiz\system\CodeIgniter.php(318): CodeIgniter\CodeIgniter->handleRequest(NULL, Object(Config\Cache), false)
#4 C:\Apache24\htdocs\QuickQuiz\public\index.php(37): CodeIgniter\CodeIgniter->run()
#5 C:\Apache24\htdocs\QuickQuiz\system\Commands\Server\rewrite.php(43): require_once('C:\\Apache24\\htd...')
#6 {main}
CRITICAL - 2021-12-26 12:24:48 --> Undefined array key "filter"
#0 C:\Apache24\htdocs\QuickQuiz\app\Controllers\Coach\QuestionbankController.php(51): CodeIgniter\Debug\Exceptions->errorHandler(2, 'Undefined array...', 'C:\\Apache24\\htd...', 51)
#1 C:\Apache24\htdocs\QuickQuiz\system\CodeIgniter.php(824): App\Controllers\Coach\QuestionbankController->fetch_filter()
#2 C:\Apache24\htdocs\QuickQuiz\system\CodeIgniter.php(410): CodeIgniter\CodeIgniter->runController(Object(App\Controllers\Coach\QuestionbankController))
#3 C:\Apache24\htdocs\QuickQuiz\system\CodeIgniter.php(318): CodeIgniter\CodeIgniter->handleRequest(NULL, Object(Config\Cache), false)
#4 C:\Apache24\htdocs\QuickQuiz\public\index.php(37): CodeIgniter\CodeIgniter->run()
#5 C:\Apache24\htdocs\QuickQuiz\system\Commands\Server\rewrite.php(43): require_once('C:\\Apache24\\htd...')
#6 {main}
CRITICAL - 2021-12-26 12:25:10 --> Undefined array key "filter"
#0 C:\Apache24\htdocs\QuickQuiz\app\Controllers\Coach\QuestionbankController.php(51): CodeIgniter\Debug\Exceptions->errorHandler(2, 'Undefined array...', 'C:\\Apache24\\htd...', 51)
#1 C:\Apache24\htdocs\QuickQuiz\system\CodeIgniter.php(824): App\Controllers\Coach\QuestionbankController->fetch_filter()
#2 C:\Apache24\htdocs\QuickQuiz\system\CodeIgniter.php(410): CodeIgniter\CodeIgniter->runController(Object(App\Controllers\Coach\QuestionbankController))
#3 C:\Apache24\htdocs\QuickQuiz\system\CodeIgniter.php(318): CodeIgniter\CodeIgniter->handleRequest(NULL, Object(Config\Cache), false)
#4 C:\Apache24\htdocs\QuickQuiz\public\index.php(37): CodeIgniter\CodeIgniter->run()
#5 C:\Apache24\htdocs\QuickQuiz\system\Commands\Server\rewrite.php(43): require_once('C:\\Apache24\\htd...')
#6 {main}
CRITICAL - 2021-12-26 12:46:11 --> Undefined array key "arr"
#0 C:\Apache24\htdocs\QuickQuiz\app\Controllers\Coach\AddquestionController.php(129): CodeIgniter\Debug\Exceptions->errorHandler(2, 'Undefined array...', 'C:\\Apache24\\htd...', 129)
#1 C:\Apache24\htdocs\QuickQuiz\system\CodeIgniter.php(824): App\Controllers\Coach\AddquestionController->previewQuiz()
#2 C:\Apache24\htdocs\QuickQuiz\system\CodeIgniter.php(410): CodeIgniter\CodeIgniter->runController(Object(App\Controllers\Coach\AddquestionController))
#3 C:\Apache24\htdocs\QuickQuiz\system\CodeIgniter.php(318): CodeIgniter\CodeIgniter->handleRequest(NULL, Object(Config\Cache), false)
#4 C:\Apache24\htdocs\QuickQuiz\public\index.php(37): CodeIgniter\CodeIgniter->run()
#5 C:\Apache24\htdocs\QuickQuiz\system\Commands\Server\rewrite.php(43): require_once('C:\\Apache24\\htd...')
#6 {main}
CRITICAL - 2021-12-26 16:08:55 --> Undefined array key "userID"
#0 C:\Apache24\htdocs\QuickQuiz\app\Controllers\Coach\QuestionbankController.php(31): CodeIgniter\Debug\Exceptions->errorHandler(2, 'Undefined array...', 'C:\\Apache24\\htd...', 31)
#1 C:\Apache24\htdocs\QuickQuiz\system\CodeIgniter.php(824): App\Controllers\Coach\QuestionbankController->fetch_c()
#2 C:\Apache24\htdocs\QuickQuiz\system\CodeIgniter.php(410): CodeIgniter\CodeIgniter->runController(Object(App\Controllers\Coach\QuestionbankController))
#3 C:\Apache24\htdocs\QuickQuiz\system\CodeIgniter.php(318): CodeIgniter\CodeIgniter->handleRequest(NULL, Object(Config\Cache), false)
#4 C:\Apache24\htdocs\QuickQuiz\public\index.php(37): CodeIgniter\CodeIgniter->run()
#5 C:\Apache24\htdocs\QuickQuiz\system\Commands\Server\rewrite.php(43): require_once('C:\\Apache24\\htd...')
#6 {main}
CRITICAL - 2021-12-26 16:13:31 --> Undefined array key "userID"
#0 C:\Apache24\htdocs\QuickQuiz\app\Controllers\Coach\QuestionbankController.php(31): CodeIgniter\Debug\Exceptions->errorHandler(2, 'Undefined array...', 'C:\\Apache24\\htd...', 31)
#1 C:\Apache24\htdocs\QuickQuiz\system\CodeIgniter.php(824): App\Controllers\Coach\QuestionbankController->fetch_c()
#2 C:\Apache24\htdocs\QuickQuiz\system\CodeIgniter.php(410): CodeIgniter\CodeIgniter->runController(Object(App\Controllers\Coach\QuestionbankController))
#3 C:\Apache24\htdocs\QuickQuiz\system\CodeIgniter.php(318): CodeIgniter\CodeIgniter->handleRequest(NULL, Object(Config\Cache), false)
#4 C:\Apache24\htdocs\QuickQuiz\public\index.php(37): CodeIgniter\CodeIgniter->run()
#5 C:\Apache24\htdocs\QuickQuiz\system\Commands\Server\rewrite.php(43): require_once('C:\\Apache24\\htd...')
#6 {main}
CRITICAL - 2021-12-26 16:16:46 --> Undefined array key "userID"
#0 C:\Apache24\htdocs\QuickQuiz\app\Controllers\Coach\QuestionbankController.php(31): CodeIgniter\Debug\Exceptions->errorHandler(2, 'Undefined array...', 'C:\\Apache24\\htd...', 31)
#1 C:\Apache24\htdocs\QuickQuiz\system\CodeIgniter.php(824): App\Controllers\Coach\QuestionbankController->fetch_c()
#2 C:\Apache24\htdocs\QuickQuiz\system\CodeIgniter.php(410): CodeIgniter\CodeIgniter->runController(Object(App\Controllers\Coach\QuestionbankController))
#3 C:\Apache24\htdocs\QuickQuiz\system\CodeIgniter.php(318): CodeIgniter\CodeIgniter->handleRequest(NULL, Object(Config\Cache), false)
#4 C:\Apache24\htdocs\QuickQuiz\public\index.php(37): CodeIgniter\CodeIgniter->run()
#5 C:\Apache24\htdocs\QuickQuiz\system\Commands\Server\rewrite.php(43): require_once('C:\\Apache24\\htd...')
#6 {main}
CRITICAL - 2021-12-26 16:30:31 --> Undefined array key "userID"
#0 C:\Apache24\htdocs\QuickQuiz\app\Controllers\Coach\QuizgeneratorController.php(60): CodeIgniter\Debug\Exceptions->errorHandler(2, 'Undefined array...', 'C:\\Apache24\\htd...', 60)
#1 C:\Apache24\htdocs\QuickQuiz\system\CodeIgniter.php(824): App\Controllers\Coach\QuizgeneratorController->fetch()
#2 C:\Apache24\htdocs\QuickQuiz\system\CodeIgniter.php(410): CodeIgniter\CodeIgniter->runController(Object(App\Controllers\Coach\QuizgeneratorController))
#3 C:\Apache24\htdocs\QuickQuiz\system\CodeIgniter.php(318): CodeIgniter\CodeIgniter->handleRequest(NULL, Object(Config\Cache), false)
#4 C:\Apache24\htdocs\QuickQuiz\public\index.php(37): CodeIgniter\CodeIgniter->run()
#5 C:\Apache24\htdocs\QuickQuiz\system\Commands\Server\rewrite.php(43): require_once('C:\\Apache24\\htd...')
#6 {main}
CRITICAL - 2021-12-26 16:32:10 --> Undefined array key "userID"
#0 C:\Apache24\htdocs\QuickQuiz\app\Controllers\Coach\QuizgeneratorController.php(60): CodeIgniter\Debug\Exceptions->errorHandler(2, 'Undefined array...', 'C:\\Apache24\\htd...', 60)
#1 C:\Apache24\htdocs\QuickQuiz\system\CodeIgniter.php(824): App\Controllers\Coach\QuizgeneratorController->fetch()
#2 C:\Apache24\htdocs\QuickQuiz\system\CodeIgniter.php(410): CodeIgniter\CodeIgniter->runController(Object(App\Controllers\Coach\QuizgeneratorController))
#3 C:\Apache24\htdocs\QuickQuiz\system\CodeIgniter.php(318): CodeIgniter\CodeIgniter->handleRequest(NULL, Object(Config\Cache), false)
#4 C:\Apache24\htdocs\QuickQuiz\public\index.php(37): CodeIgniter\CodeIgniter->run()
#5 C:\Apache24\htdocs\QuickQuiz\system\Commands\Server\rewrite.php(43): require_once('C:\\Apache24\\htd...')
#6 {main}
CRITICAL - 2021-12-26 16:32:14 --> Undefined array key "userID"
#0 C:\Apache24\htdocs\QuickQuiz\app\Controllers\Coach\QuizgeneratorController.php(60): CodeIgniter\Debug\Exceptions->errorHandler(2, 'Undefined array...', 'C:\\Apache24\\htd...', 60)
#1 C:\Apache24\htdocs\QuickQuiz\system\CodeIgniter.php(824): App\Controllers\Coach\QuizgeneratorController->fetch()
#2 C:\Apache24\htdocs\QuickQuiz\system\CodeIgniter.php(410): CodeIgniter\CodeIgniter->runController(Object(App\Controllers\Coach\QuizgeneratorController))
#3 C:\Apache24\htdocs\QuickQuiz\system\CodeIgniter.php(318): CodeIgniter\CodeIgniter->handleRequest(NULL, Object(Config\Cache), false)
#4 C:\Apache24\htdocs\QuickQuiz\public\index.php(37): CodeIgniter\CodeIgniter->run()
#5 C:\Apache24\htdocs\QuickQuiz\system\Commands\Server\rewrite.php(43): require_once('C:\\Apache24\\htd...')
#6 {main}
CRITICAL - 2021-12-26 16:35:36 --> Undefined array key "userID"
#0 C:\Apache24\htdocs\QuickQuiz\app\Controllers\Coach\QuizgeneratorController.php(60): CodeIgniter\Debug\Exceptions->errorHandler(2, 'Undefined array...', 'C:\\Apache24\\htd...', 60)
#1 C:\Apache24\htdocs\QuickQuiz\system\CodeIgniter.php(824): App\Controllers\Coach\QuizgeneratorController->fetch()
#2 C:\Apache24\htdocs\QuickQuiz\system\CodeIgniter.php(410): CodeIgniter\CodeIgniter->runController(Object(App\Controllers\Coach\QuizgeneratorController))
#3 C:\Apache24\htdocs\QuickQuiz\system\CodeIgniter.php(318): CodeIgniter\CodeIgniter->handleRequest(NULL, Object(Config\Cache), false)
#4 C:\Apache24\htdocs\QuickQuiz\public\index.php(37): CodeIgniter\CodeIgniter->run()
#5 C:\Apache24\htdocs\QuickQuiz\system\Commands\Server\rewrite.php(43): require_once('C:\\Apache24\\htd...')
#6 {main}
ERROR - 2021-12-26 17:24:22 --> Cannot add or update a child row: a foreign key constraint fails (`doan`.`question`, CONSTRAINT `FK_question_uid` FOREIGN KEY (`uid`) REFERENCES `user` (`id`) ON DELETE CASCADE ON UPDATE CASCADE)
ERROR - 2021-12-26 17:25:17 --> Cannot delete or update a parent row: a foreign key constraint fails (`doan`.`belong`, CONSTRAINT `FK_belong_qid` FOREIGN KEY (`qid`) REFERENCES `question` (`id`))
ERROR - 2021-12-26 17:25:50 --> Cannot delete or update a parent row: a foreign key constraint fails (`doan`.`belong`, CONSTRAINT `FK_belong_qid` FOREIGN KEY (`qid`) REFERENCES `question` (`id`))
ERROR - 2021-12-26 17:36:31 --> Cannot add or update a child row: a foreign key constraint fails (`doan`.`question`, CONSTRAINT `FK_question_uid` FOREIGN KEY (`uid`) REFERENCES `user` (`id`) ON DELETE CASCADE ON UPDATE CASCADE)
