ERROR - 2021-11-30 05:24:06 --> Error connecting to the database: Unknown database 'testing'
CRITICAL - 2021-11-30 05:24:06 --> Unable to connect to the database.
Main connection [MySQLi]: Unknown database 'testing'
#0 C:\Apache24\htdocs\QuickQuiz\system\Database\BaseConnection.php(577): CodeIgniter\Database\BaseConnection->initialize()
#1 C:\Apache24\htdocs\QuickQuiz\system\Database\BaseBuilder.php(1443): CodeIgniter\Database\BaseConnection->query('SELECT *\nFROM `...', Array, false)
#2 C:\Apache24\htdocs\QuickQuiz\system\Model.php(145): CodeIgniter\Database\BaseBuilder->get()
#3 C:\Apache24\htdocs\QuickQuiz\system\BaseModel.php(523): CodeIgniter\Model->doFind(false, NULL)
#4 C:\Apache24\htdocs\QuickQuiz\app\Controllers\Scroll_pagination.php(12): CodeIgniter\BaseModel->find()
#5 C:\Apache24\htdocs\QuickQuiz\system\CodeIgniter.php(824): App\Controllers\Scroll_pagination->show()
#6 C:\Apache24\htdocs\QuickQuiz\system\CodeIgniter.php(410): CodeIgniter\CodeIgniter->runController(Object(App\Controllers\Scroll_pagination))
#7 C:\Apache24\htdocs\QuickQuiz\system\CodeIgniter.php(318): CodeIgniter\CodeIgniter->handleRequest(NULL, Object(Config\Cache), false)
#8 C:\Apache24\htdocs\QuickQuiz\public\index.php(37): CodeIgniter\CodeIgniter->run()
#9 C:\Apache24\htdocs\QuickQuiz\system\Commands\Server\rewrite.php(43): require_once('C:\\Apache24\\htd...')
#10 {main}
ERROR - 2021-11-30 05:24:55 --> Error connecting to the database: Unknown database 'testing'
CRITICAL - 2021-11-30 05:24:55 --> Unable to connect to the database.
Main connection [MySQLi]: Unknown database 'testing'
#0 C:\Apache24\htdocs\QuickQuiz\system\Database\BaseConnection.php(577): CodeIgniter\Database\BaseConnection->initialize()
#1 C:\Apache24\htdocs\QuickQuiz\system\Database\BaseBuilder.php(1443): CodeIgniter\Database\BaseConnection->query('SELECT *\nFROM `...', Array, false)
#2 C:\Apache24\htdocs\QuickQuiz\system\Model.php(145): CodeIgniter\Database\BaseBuilder->get()
#3 C:\Apache24\htdocs\QuickQuiz\system\BaseModel.php(523): CodeIgniter\Model->doFind(false, NULL)
#4 C:\Apache24\htdocs\QuickQuiz\app\Controllers\Scroll_pagination.php(20): CodeIgniter\BaseModel->find()
#5 C:\Apache24\htdocs\QuickQuiz\system\CodeIgniter.php(824): App\Controllers\Scroll_pagination->index()
#6 C:\Apache24\htdocs\QuickQuiz\system\CodeIgniter.php(410): CodeIgniter\CodeIgniter->runController(Object(App\Controllers\Scroll_pagination))
#7 C:\Apache24\htdocs\QuickQuiz\system\CodeIgniter.php(318): CodeIgniter\CodeIgniter->handleRequest(NULL, Object(Config\Cache), false)
#8 C:\Apache24\htdocs\QuickQuiz\public\index.php(37): CodeIgniter\CodeIgniter->run()
#9 C:\Apache24\htdocs\QuickQuiz\system\Commands\Server\rewrite.php(43): require_once('C:\\Apache24\\htd...')
#10 {main}
CRITICAL - 2021-11-30 06:07:57 --> Invalid file: index.php
#0 C:\Apache24\htdocs\QuickQuiz\system\View\View.php(198): CodeIgniter\Exceptions\FrameworkException::forInvalidFile('index.php')
#1 C:\Apache24\htdocs\QuickQuiz\system\Common.php(1097): CodeIgniter\View\View->render('index', Array, true)
#2 C:\Apache24\htdocs\QuickQuiz\app\Controllers\Scroll_pagination.php(21): view('index')
#3 C:\Apache24\htdocs\QuickQuiz\system\CodeIgniter.php(824): App\Controllers\Scroll_pagination->index()
#4 C:\Apache24\htdocs\QuickQuiz\system\CodeIgniter.php(410): CodeIgniter\CodeIgniter->runController(Object(App\Controllers\Scroll_pagination))
#5 C:\Apache24\htdocs\QuickQuiz\system\CodeIgniter.php(318): CodeIgniter\CodeIgniter->handleRequest(NULL, Object(Config\Cache), false)
#6 C:\Apache24\htdocs\QuickQuiz\public\index.php(37): CodeIgniter\CodeIgniter->run()
#7 C:\Apache24\htdocs\QuickQuiz\system\Commands\Server\rewrite.php(43): require_once('C:\\Apache24\\htd...')
#8 {main}
CRITICAL - 2021-11-30 08:43:45 --> Undefined variable $emp
#0 C:\Apache24\htdocs\QuickQuiz\app\Views\emp.php(15): CodeIgniter\Debug\Exceptions->errorHandler(2, 'Undefined varia...', 'C:\\Apache24\\htd...', 15)
#1 C:\Apache24\htdocs\QuickQuiz\system\View\View.php(214): include('C:\\Apache24\\htd...')
#2 C:\Apache24\htdocs\QuickQuiz\system\View\View.php(217): CodeIgniter\View\View->CodeIgniter\View\{closure}()
#3 C:\Apache24\htdocs\QuickQuiz\system\Common.php(1097): CodeIgniter\View\View->render('emp', Array, true)
#4 C:\Apache24\htdocs\QuickQuiz\app\Controllers\Scroll_pagination.php(13): view('emp', Array)
#5 C:\Apache24\htdocs\QuickQuiz\system\CodeIgniter.php(824): App\Controllers\Scroll_pagination->show()
#6 C:\Apache24\htdocs\QuickQuiz\system\CodeIgniter.php(410): CodeIgniter\CodeIgniter->runController(Object(App\Controllers\Scroll_pagination))
#7 C:\Apache24\htdocs\QuickQuiz\system\CodeIgniter.php(318): CodeIgniter\CodeIgniter->handleRequest(NULL, Object(Config\Cache), false)
#8 C:\Apache24\htdocs\QuickQuiz\public\index.php(37): CodeIgniter\CodeIgniter->run()
#9 C:\Apache24\htdocs\QuickQuiz\system\Commands\Server\rewrite.php(43): require_once('C:\\Apache24\\htd...')
#10 {main}
CRITICAL - 2021-11-30 08:43:56 --> Undefined variable $data
#0 C:\Apache24\htdocs\QuickQuiz\app\Views\emp.php(15): CodeIgniter\Debug\Exceptions->errorHandler(2, 'Undefined varia...', 'C:\\Apache24\\htd...', 15)
#1 C:\Apache24\htdocs\QuickQuiz\system\View\View.php(214): include('C:\\Apache24\\htd...')
#2 C:\Apache24\htdocs\QuickQuiz\system\View\View.php(217): CodeIgniter\View\View->CodeIgniter\View\{closure}()
#3 C:\Apache24\htdocs\QuickQuiz\system\Common.php(1097): CodeIgniter\View\View->render('emp', Array, true)
#4 C:\Apache24\htdocs\QuickQuiz\app\Controllers\Scroll_pagination.php(13): view('emp', Array)
#5 C:\Apache24\htdocs\QuickQuiz\system\CodeIgniter.php(824): App\Controllers\Scroll_pagination->show()
#6 C:\Apache24\htdocs\QuickQuiz\system\CodeIgniter.php(410): CodeIgniter\CodeIgniter->runController(Object(App\Controllers\Scroll_pagination))
#7 C:\Apache24\htdocs\QuickQuiz\system\CodeIgniter.php(318): CodeIgniter\CodeIgniter->handleRequest(NULL, Object(Config\Cache), false)
#8 C:\Apache24\htdocs\QuickQuiz\public\index.php(37): CodeIgniter\CodeIgniter->run()
#9 C:\Apache24\htdocs\QuickQuiz\system\Commands\Server\rewrite.php(43): require_once('C:\\Apache24\\htd...')
#10 {main}
CRITICAL - 2021-11-30 08:43:58 --> Undefined variable $data
#0 C:\Apache24\htdocs\QuickQuiz\app\Views\emp.php(15): CodeIgniter\Debug\Exceptions->errorHandler(2, 'Undefined varia...', 'C:\\Apache24\\htd...', 15)
#1 C:\Apache24\htdocs\QuickQuiz\system\View\View.php(214): include('C:\\Apache24\\htd...')
#2 C:\Apache24\htdocs\QuickQuiz\system\View\View.php(217): CodeIgniter\View\View->CodeIgniter\View\{closure}()
#3 C:\Apache24\htdocs\QuickQuiz\system\Common.php(1097): CodeIgniter\View\View->render('emp', Array, true)
#4 C:\Apache24\htdocs\QuickQuiz\app\Controllers\Scroll_pagination.php(13): view('emp', Array)
#5 C:\Apache24\htdocs\QuickQuiz\system\CodeIgniter.php(824): App\Controllers\Scroll_pagination->show()
#6 C:\Apache24\htdocs\QuickQuiz\system\CodeIgniter.php(410): CodeIgniter\CodeIgniter->runController(Object(App\Controllers\Scroll_pagination))
#7 C:\Apache24\htdocs\QuickQuiz\system\CodeIgniter.php(318): CodeIgniter\CodeIgniter->handleRequest(NULL, Object(Config\Cache), false)
#8 C:\Apache24\htdocs\QuickQuiz\public\index.php(37): CodeIgniter\CodeIgniter->run()
#9 C:\Apache24\htdocs\QuickQuiz\system\Commands\Server\rewrite.php(43): require_once('C:\\Apache24\\htd...')
#10 {main}
CRITICAL - 2021-11-30 08:45:14 --> Undefined variable $data
#0 C:\Apache24\htdocs\QuickQuiz\app\Views\emp.php(15): CodeIgniter\Debug\Exceptions->errorHandler(2, 'Undefined varia...', 'C:\\Apache24\\htd...', 15)
#1 C:\Apache24\htdocs\QuickQuiz\system\View\View.php(214): include('C:\\Apache24\\htd...')
#2 C:\Apache24\htdocs\QuickQuiz\system\View\View.php(217): CodeIgniter\View\View->CodeIgniter\View\{closure}()
#3 C:\Apache24\htdocs\QuickQuiz\system\Common.php(1097): CodeIgniter\View\View->render('emp', Array, true)
#4 C:\Apache24\htdocs\QuickQuiz\app\Controllers\Scroll_pagination.php(13): view('emp', Array)
#5 C:\Apache24\htdocs\QuickQuiz\system\CodeIgniter.php(824): App\Controllers\Scroll_pagination->show()
#6 C:\Apache24\htdocs\QuickQuiz\system\CodeIgniter.php(410): CodeIgniter\CodeIgniter->runController(Object(App\Controllers\Scroll_pagination))
#7 C:\Apache24\htdocs\QuickQuiz\system\CodeIgniter.php(318): CodeIgniter\CodeIgniter->handleRequest(NULL, Object(Config\Cache), false)
#8 C:\Apache24\htdocs\QuickQuiz\public\index.php(37): CodeIgniter\CodeIgniter->run()
#9 C:\Apache24\htdocs\QuickQuiz\system\Commands\Server\rewrite.php(43): require_once('C:\\Apache24\\htd...')
#10 {main}
CRITICAL - 2021-11-30 08:45:41 --> Undefined variable $f
#0 C:\Apache24\htdocs\QuickQuiz\app\Views\emp.php(15): CodeIgniter\Debug\Exceptions->errorHandler(2, 'Undefined varia...', 'C:\\Apache24\\htd...', 15)
#1 C:\Apache24\htdocs\QuickQuiz\system\View\View.php(214): include('C:\\Apache24\\htd...')
#2 C:\Apache24\htdocs\QuickQuiz\system\View\View.php(217): CodeIgniter\View\View->CodeIgniter\View\{closure}()
#3 C:\Apache24\htdocs\QuickQuiz\system\Common.php(1097): CodeIgniter\View\View->render('emp', Array, true)
#4 C:\Apache24\htdocs\QuickQuiz\app\Controllers\Scroll_pagination.php(13): view('emp', Array)
#5 C:\Apache24\htdocs\QuickQuiz\system\CodeIgniter.php(824): App\Controllers\Scroll_pagination->show()
#6 C:\Apache24\htdocs\QuickQuiz\system\CodeIgniter.php(410): CodeIgniter\CodeIgniter->runController(Object(App\Controllers\Scroll_pagination))
#7 C:\Apache24\htdocs\QuickQuiz\system\CodeIgniter.php(318): CodeIgniter\CodeIgniter->handleRequest(NULL, Object(Config\Cache), false)
#8 C:\Apache24\htdocs\QuickQuiz\public\index.php(37): CodeIgniter\CodeIgniter->run()
#9 C:\Apache24\htdocs\QuickQuiz\system\Commands\Server\rewrite.php(43): require_once('C:\\Apache24\\htd...')
#10 {main}
CRITICAL - 2021-11-30 08:45:42 --> Undefined variable $f
#0 C:\Apache24\htdocs\QuickQuiz\app\Views\emp.php(15): CodeIgniter\Debug\Exceptions->errorHandler(2, 'Undefined varia...', 'C:\\Apache24\\htd...', 15)
#1 C:\Apache24\htdocs\QuickQuiz\system\View\View.php(214): include('C:\\Apache24\\htd...')
#2 C:\Apache24\htdocs\QuickQuiz\system\View\View.php(217): CodeIgniter\View\View->CodeIgniter\View\{closure}()
#3 C:\Apache24\htdocs\QuickQuiz\system\Common.php(1097): CodeIgniter\View\View->render('emp', Array, true)
#4 C:\Apache24\htdocs\QuickQuiz\app\Controllers\Scroll_pagination.php(13): view('emp', Array)
#5 C:\Apache24\htdocs\QuickQuiz\system\CodeIgniter.php(824): App\Controllers\Scroll_pagination->show()
#6 C:\Apache24\htdocs\QuickQuiz\system\CodeIgniter.php(410): CodeIgniter\CodeIgniter->runController(Object(App\Controllers\Scroll_pagination))
#7 C:\Apache24\htdocs\QuickQuiz\system\CodeIgniter.php(318): CodeIgniter\CodeIgniter->handleRequest(NULL, Object(Config\Cache), false)
#8 C:\Apache24\htdocs\QuickQuiz\public\index.php(37): CodeIgniter\CodeIgniter->run()
#9 C:\Apache24\htdocs\QuickQuiz\system\Commands\Server\rewrite.php(43): require_once('C:\\Apache24\\htd...')
#10 {main}
CRITICAL - 2021-11-30 08:45:43 --> Undefined variable $f
#0 C:\Apache24\htdocs\QuickQuiz\app\Views\emp.php(15): CodeIgniter\Debug\Exceptions->errorHandler(2, 'Undefined varia...', 'C:\\Apache24\\htd...', 15)
#1 C:\Apache24\htdocs\QuickQuiz\system\View\View.php(214): include('C:\\Apache24\\htd...')
#2 C:\Apache24\htdocs\QuickQuiz\system\View\View.php(217): CodeIgniter\View\View->CodeIgniter\View\{closure}()
#3 C:\Apache24\htdocs\QuickQuiz\system\Common.php(1097): CodeIgniter\View\View->render('emp', Array, true)
#4 C:\Apache24\htdocs\QuickQuiz\app\Controllers\Scroll_pagination.php(13): view('emp', Array)
#5 C:\Apache24\htdocs\QuickQuiz\system\CodeIgniter.php(824): App\Controllers\Scroll_pagination->show()
#6 C:\Apache24\htdocs\QuickQuiz\system\CodeIgniter.php(410): CodeIgniter\CodeIgniter->runController(Object(App\Controllers\Scroll_pagination))
#7 C:\Apache24\htdocs\QuickQuiz\system\CodeIgniter.php(318): CodeIgniter\CodeIgniter->handleRequest(NULL, Object(Config\Cache), false)
#8 C:\Apache24\htdocs\QuickQuiz\public\index.php(37): CodeIgniter\CodeIgniter->run()
#9 C:\Apache24\htdocs\QuickQuiz\system\Commands\Server\rewrite.php(43): require_once('C:\\Apache24\\htd...')
#10 {main}
CRITICAL - 2021-11-30 08:46:12 --> Undefined variable $data
#0 C:\Apache24\htdocs\QuickQuiz\app\Views\emp.php(15): CodeIgniter\Debug\Exceptions->errorHandler(2, 'Undefined varia...', 'C:\\Apache24\\htd...', 15)
#1 C:\Apache24\htdocs\QuickQuiz\system\View\View.php(214): include('C:\\Apache24\\htd...')
#2 C:\Apache24\htdocs\QuickQuiz\system\View\View.php(217): CodeIgniter\View\View->CodeIgniter\View\{closure}()
#3 C:\Apache24\htdocs\QuickQuiz\system\Common.php(1097): CodeIgniter\View\View->render('emp', Array, true)
#4 C:\Apache24\htdocs\QuickQuiz\app\Controllers\Scroll_pagination.php(13): view('emp', Array)
#5 C:\Apache24\htdocs\QuickQuiz\system\CodeIgniter.php(824): App\Controllers\Scroll_pagination->show()
#6 C:\Apache24\htdocs\QuickQuiz\system\CodeIgniter.php(410): CodeIgniter\CodeIgniter->runController(Object(App\Controllers\Scroll_pagination))
#7 C:\Apache24\htdocs\QuickQuiz\system\CodeIgniter.php(318): CodeIgniter\CodeIgniter->handleRequest(NULL, Object(Config\Cache), false)
#8 C:\Apache24\htdocs\QuickQuiz\public\index.php(37): CodeIgniter\CodeIgniter->run()
#9 C:\Apache24\htdocs\QuickQuiz\system\Commands\Server\rewrite.php(43): require_once('C:\\Apache24\\htd...')
#10 {main}
CRITICAL - 2021-11-30 08:46:13 --> Undefined variable $data
#0 C:\Apache24\htdocs\QuickQuiz\app\Views\emp.php(15): CodeIgniter\Debug\Exceptions->errorHandler(2, 'Undefined varia...', 'C:\\Apache24\\htd...', 15)
#1 C:\Apache24\htdocs\QuickQuiz\system\View\View.php(214): include('C:\\Apache24\\htd...')
#2 C:\Apache24\htdocs\QuickQuiz\system\View\View.php(217): CodeIgniter\View\View->CodeIgniter\View\{closure}()
#3 C:\Apache24\htdocs\QuickQuiz\system\Common.php(1097): CodeIgniter\View\View->render('emp', Array, true)
#4 C:\Apache24\htdocs\QuickQuiz\app\Controllers\Scroll_pagination.php(13): view('emp', Array)
#5 C:\Apache24\htdocs\QuickQuiz\system\CodeIgniter.php(824): App\Controllers\Scroll_pagination->show()
#6 C:\Apache24\htdocs\QuickQuiz\system\CodeIgniter.php(410): CodeIgniter\CodeIgniter->runController(Object(App\Controllers\Scroll_pagination))
#7 C:\Apache24\htdocs\QuickQuiz\system\CodeIgniter.php(318): CodeIgniter\CodeIgniter->handleRequest(NULL, Object(Config\Cache), false)
#8 C:\Apache24\htdocs\QuickQuiz\public\index.php(37): CodeIgniter\CodeIgniter->run()
#9 C:\Apache24\htdocs\QuickQuiz\system\Commands\Server\rewrite.php(43): require_once('C:\\Apache24\\htd...')
#10 {main}
CRITICAL - 2021-11-30 08:46:14 --> Undefined variable $data
#0 C:\Apache24\htdocs\QuickQuiz\app\Views\emp.php(15): CodeIgniter\Debug\Exceptions->errorHandler(2, 'Undefined varia...', 'C:\\Apache24\\htd...', 15)
#1 C:\Apache24\htdocs\QuickQuiz\system\View\View.php(214): include('C:\\Apache24\\htd...')
#2 C:\Apache24\htdocs\QuickQuiz\system\View\View.php(217): CodeIgniter\View\View->CodeIgniter\View\{closure}()
#3 C:\Apache24\htdocs\QuickQuiz\system\Common.php(1097): CodeIgniter\View\View->render('emp', Array, true)
#4 C:\Apache24\htdocs\QuickQuiz\app\Controllers\Scroll_pagination.php(13): view('emp', Array)
#5 C:\Apache24\htdocs\QuickQuiz\system\CodeIgniter.php(824): App\Controllers\Scroll_pagination->show()
#6 C:\Apache24\htdocs\QuickQuiz\system\CodeIgniter.php(410): CodeIgniter\CodeIgniter->runController(Object(App\Controllers\Scroll_pagination))
#7 C:\Apache24\htdocs\QuickQuiz\system\CodeIgniter.php(318): CodeIgniter\CodeIgniter->handleRequest(NULL, Object(Config\Cache), false)
#8 C:\Apache24\htdocs\QuickQuiz\public\index.php(37): CodeIgniter\CodeIgniter->run()
#9 C:\Apache24\htdocs\QuickQuiz\system\Commands\Server\rewrite.php(43): require_once('C:\\Apache24\\htd...')
#10 {main}
CRITICAL - 2021-11-30 08:46:14 --> Undefined variable $data
#0 C:\Apache24\htdocs\QuickQuiz\app\Views\emp.php(15): CodeIgniter\Debug\Exceptions->errorHandler(2, 'Undefined varia...', 'C:\\Apache24\\htd...', 15)
#1 C:\Apache24\htdocs\QuickQuiz\system\View\View.php(214): include('C:\\Apache24\\htd...')
#2 C:\Apache24\htdocs\QuickQuiz\system\View\View.php(217): CodeIgniter\View\View->CodeIgniter\View\{closure}()
#3 C:\Apache24\htdocs\QuickQuiz\system\Common.php(1097): CodeIgniter\View\View->render('emp', Array, true)
#4 C:\Apache24\htdocs\QuickQuiz\app\Controllers\Scroll_pagination.php(13): view('emp', Array)
#5 C:\Apache24\htdocs\QuickQuiz\system\CodeIgniter.php(824): App\Controllers\Scroll_pagination->show()
#6 C:\Apache24\htdocs\QuickQuiz\system\CodeIgniter.php(410): CodeIgniter\CodeIgniter->runController(Object(App\Controllers\Scroll_pagination))
#7 C:\Apache24\htdocs\QuickQuiz\system\CodeIgniter.php(318): CodeIgniter\CodeIgniter->handleRequest(NULL, Object(Config\Cache), false)
#8 C:\Apache24\htdocs\QuickQuiz\public\index.php(37): CodeIgniter\CodeIgniter->run()
#9 C:\Apache24\htdocs\QuickQuiz\system\Commands\Server\rewrite.php(43): require_once('C:\\Apache24\\htd...')
#10 {main}
CRITICAL - 2021-11-30 08:46:18 --> Undefined variable $data
#0 C:\Apache24\htdocs\QuickQuiz\app\Views\emp.php(15): CodeIgniter\Debug\Exceptions->errorHandler(2, 'Undefined varia...', 'C:\\Apache24\\htd...', 15)
#1 C:\Apache24\htdocs\QuickQuiz\system\View\View.php(214): include('C:\\Apache24\\htd...')
#2 C:\Apache24\htdocs\QuickQuiz\system\View\View.php(217): CodeIgniter\View\View->CodeIgniter\View\{closure}()
#3 C:\Apache24\htdocs\QuickQuiz\system\Common.php(1097): CodeIgniter\View\View->render('emp', Array, true)
#4 C:\Apache24\htdocs\QuickQuiz\app\Controllers\Scroll_pagination.php(13): view('emp', Array)
#5 C:\Apache24\htdocs\QuickQuiz\system\CodeIgniter.php(824): App\Controllers\Scroll_pagination->show()
#6 C:\Apache24\htdocs\QuickQuiz\system\CodeIgniter.php(410): CodeIgniter\CodeIgniter->runController(Object(App\Controllers\Scroll_pagination))
#7 C:\Apache24\htdocs\QuickQuiz\system\CodeIgniter.php(318): CodeIgniter\CodeIgniter->handleRequest(NULL, Object(Config\Cache), false)
#8 C:\Apache24\htdocs\QuickQuiz\public\index.php(37): CodeIgniter\CodeIgniter->run()
#9 C:\Apache24\htdocs\QuickQuiz\system\Commands\Server\rewrite.php(43): require_once('C:\\Apache24\\htd...')
#10 {main}
CRITICAL - 2021-11-30 08:46:19 --> Undefined variable $data
#0 C:\Apache24\htdocs\QuickQuiz\app\Views\emp.php(15): CodeIgniter\Debug\Exceptions->errorHandler(2, 'Undefined varia...', 'C:\\Apache24\\htd...', 15)
#1 C:\Apache24\htdocs\QuickQuiz\system\View\View.php(214): include('C:\\Apache24\\htd...')
#2 C:\Apache24\htdocs\QuickQuiz\system\View\View.php(217): CodeIgniter\View\View->CodeIgniter\View\{closure}()
#3 C:\Apache24\htdocs\QuickQuiz\system\Common.php(1097): CodeIgniter\View\View->render('emp', Array, true)
#4 C:\Apache24\htdocs\QuickQuiz\app\Controllers\Scroll_pagination.php(13): view('emp', Array)
#5 C:\Apache24\htdocs\QuickQuiz\system\CodeIgniter.php(824): App\Controllers\Scroll_pagination->show()
#6 C:\Apache24\htdocs\QuickQuiz\system\CodeIgniter.php(410): CodeIgniter\CodeIgniter->runController(Object(App\Controllers\Scroll_pagination))
#7 C:\Apache24\htdocs\QuickQuiz\system\CodeIgniter.php(318): CodeIgniter\CodeIgniter->handleRequest(NULL, Object(Config\Cache), false)
#8 C:\Apache24\htdocs\QuickQuiz\public\index.php(37): CodeIgniter\CodeIgniter->run()
#9 C:\Apache24\htdocs\QuickQuiz\system\Commands\Server\rewrite.php(43): require_once('C:\\Apache24\\htd...')
#10 {main}
CRITICAL - 2021-11-30 08:48:24 --> Undefined variable $k
#0 C:\Apache24\htdocs\QuickQuiz\app\Views\emp.php(15): CodeIgniter\Debug\Exceptions->errorHandler(2, 'Undefined varia...', 'C:\\Apache24\\htd...', 15)
#1 C:\Apache24\htdocs\QuickQuiz\system\View\View.php(214): include('C:\\Apache24\\htd...')
#2 C:\Apache24\htdocs\QuickQuiz\system\View\View.php(217): CodeIgniter\View\View->CodeIgniter\View\{closure}()
#3 C:\Apache24\htdocs\QuickQuiz\system\Common.php(1097): CodeIgniter\View\View->render('emp', Array, true)
#4 C:\Apache24\htdocs\QuickQuiz\app\Controllers\Scroll_pagination.php(13): view('emp', Array)
#5 C:\Apache24\htdocs\QuickQuiz\system\CodeIgniter.php(824): App\Controllers\Scroll_pagination->show()
#6 C:\Apache24\htdocs\QuickQuiz\system\CodeIgniter.php(410): CodeIgniter\CodeIgniter->runController(Object(App\Controllers\Scroll_pagination))
#7 C:\Apache24\htdocs\QuickQuiz\system\CodeIgniter.php(318): CodeIgniter\CodeIgniter->handleRequest(NULL, Object(Config\Cache), false)
#8 C:\Apache24\htdocs\QuickQuiz\public\index.php(37): CodeIgniter\CodeIgniter->run()
#9 C:\Apache24\htdocs\QuickQuiz\system\Commands\Server\rewrite.php(43): require_once('C:\\Apache24\\htd...')
#10 {main}
CRITICAL - 2021-11-30 08:48:25 --> Undefined variable $k
#0 C:\Apache24\htdocs\QuickQuiz\app\Views\emp.php(15): CodeIgniter\Debug\Exceptions->errorHandler(2, 'Undefined varia...', 'C:\\Apache24\\htd...', 15)
#1 C:\Apache24\htdocs\QuickQuiz\system\View\View.php(214): include('C:\\Apache24\\htd...')
#2 C:\Apache24\htdocs\QuickQuiz\system\View\View.php(217): CodeIgniter\View\View->CodeIgniter\View\{closure}()
#3 C:\Apache24\htdocs\QuickQuiz\system\Common.php(1097): CodeIgniter\View\View->render('emp', Array, true)
#4 C:\Apache24\htdocs\QuickQuiz\app\Controllers\Scroll_pagination.php(13): view('emp', Array)
#5 C:\Apache24\htdocs\QuickQuiz\system\CodeIgniter.php(824): App\Controllers\Scroll_pagination->show()
#6 C:\Apache24\htdocs\QuickQuiz\system\CodeIgniter.php(410): CodeIgniter\CodeIgniter->runController(Object(App\Controllers\Scroll_pagination))
#7 C:\Apache24\htdocs\QuickQuiz\system\CodeIgniter.php(318): CodeIgniter\CodeIgniter->handleRequest(NULL, Object(Config\Cache), false)
#8 C:\Apache24\htdocs\QuickQuiz\public\index.php(37): CodeIgniter\CodeIgniter->run()
#9 C:\Apache24\htdocs\QuickQuiz\system\Commands\Server\rewrite.php(43): require_once('C:\\Apache24\\htd...')
#10 {main}
CRITICAL - 2021-11-30 08:48:25 --> Undefined variable $k
#0 C:\Apache24\htdocs\QuickQuiz\app\Views\emp.php(15): CodeIgniter\Debug\Exceptions->errorHandler(2, 'Undefined varia...', 'C:\\Apache24\\htd...', 15)
#1 C:\Apache24\htdocs\QuickQuiz\system\View\View.php(214): include('C:\\Apache24\\htd...')
#2 C:\Apache24\htdocs\QuickQuiz\system\View\View.php(217): CodeIgniter\View\View->CodeIgniter\View\{closure}()
#3 C:\Apache24\htdocs\QuickQuiz\system\Common.php(1097): CodeIgniter\View\View->render('emp', Array, true)
#4 C:\Apache24\htdocs\QuickQuiz\app\Controllers\Scroll_pagination.php(13): view('emp', Array)
#5 C:\Apache24\htdocs\QuickQuiz\system\CodeIgniter.php(824): App\Controllers\Scroll_pagination->show()
#6 C:\Apache24\htdocs\QuickQuiz\system\CodeIgniter.php(410): CodeIgniter\CodeIgniter->runController(Object(App\Controllers\Scroll_pagination))
#7 C:\Apache24\htdocs\QuickQuiz\system\CodeIgniter.php(318): CodeIgniter\CodeIgniter->handleRequest(NULL, Object(Config\Cache), false)
#8 C:\Apache24\htdocs\QuickQuiz\public\index.php(37): CodeIgniter\CodeIgniter->run()
#9 C:\Apache24\htdocs\QuickQuiz\system\Commands\Server\rewrite.php(43): require_once('C:\\Apache24\\htd...')
#10 {main}
CRITICAL - 2021-11-30 08:48:26 --> Undefined variable $k
#0 C:\Apache24\htdocs\QuickQuiz\app\Views\emp.php(15): CodeIgniter\Debug\Exceptions->errorHandler(2, 'Undefined varia...', 'C:\\Apache24\\htd...', 15)
#1 C:\Apache24\htdocs\QuickQuiz\system\View\View.php(214): include('C:\\Apache24\\htd...')
#2 C:\Apache24\htdocs\QuickQuiz\system\View\View.php(217): CodeIgniter\View\View->CodeIgniter\View\{closure}()
#3 C:\Apache24\htdocs\QuickQuiz\system\Common.php(1097): CodeIgniter\View\View->render('emp', Array, true)
#4 C:\Apache24\htdocs\QuickQuiz\app\Controllers\Scroll_pagination.php(13): view('emp', Array)
#5 C:\Apache24\htdocs\QuickQuiz\system\CodeIgniter.php(824): App\Controllers\Scroll_pagination->show()
#6 C:\Apache24\htdocs\QuickQuiz\system\CodeIgniter.php(410): CodeIgniter\CodeIgniter->runController(Object(App\Controllers\Scroll_pagination))
#7 C:\Apache24\htdocs\QuickQuiz\system\CodeIgniter.php(318): CodeIgniter\CodeIgniter->handleRequest(NULL, Object(Config\Cache), false)
#8 C:\Apache24\htdocs\QuickQuiz\public\index.php(37): CodeIgniter\CodeIgniter->run()
#9 C:\Apache24\htdocs\QuickQuiz\system\Commands\Server\rewrite.php(43): require_once('C:\\Apache24\\htd...')
#10 {main}
CRITICAL - 2021-11-30 08:48:26 --> Undefined variable $k
#0 C:\Apache24\htdocs\QuickQuiz\app\Views\emp.php(15): CodeIgniter\Debug\Exceptions->errorHandler(2, 'Undefined varia...', 'C:\\Apache24\\htd...', 15)
#1 C:\Apache24\htdocs\QuickQuiz\system\View\View.php(214): include('C:\\Apache24\\htd...')
#2 C:\Apache24\htdocs\QuickQuiz\system\View\View.php(217): CodeIgniter\View\View->CodeIgniter\View\{closure}()
#3 C:\Apache24\htdocs\QuickQuiz\system\Common.php(1097): CodeIgniter\View\View->render('emp', Array, true)
#4 C:\Apache24\htdocs\QuickQuiz\app\Controllers\Scroll_pagination.php(13): view('emp', Array)
#5 C:\Apache24\htdocs\QuickQuiz\system\CodeIgniter.php(824): App\Controllers\Scroll_pagination->show()
#6 C:\Apache24\htdocs\QuickQuiz\system\CodeIgniter.php(410): CodeIgniter\CodeIgniter->runController(Object(App\Controllers\Scroll_pagination))
#7 C:\Apache24\htdocs\QuickQuiz\system\CodeIgniter.php(318): CodeIgniter\CodeIgniter->handleRequest(NULL, Object(Config\Cache), false)
#8 C:\Apache24\htdocs\QuickQuiz\public\index.php(37): CodeIgniter\CodeIgniter->run()
#9 C:\Apache24\htdocs\QuickQuiz\system\Commands\Server\rewrite.php(43): require_once('C:\\Apache24\\htd...')
#10 {main}
CRITICAL - 2021-11-30 08:48:45 --> Undefined variable $k
#0 C:\Apache24\htdocs\QuickQuiz\app\Views\emp.php(15): CodeIgniter\Debug\Exceptions->errorHandler(2, 'Undefined varia...', 'C:\\Apache24\\htd...', 15)
#1 C:\Apache24\htdocs\QuickQuiz\system\View\View.php(214): include('C:\\Apache24\\htd...')
#2 C:\Apache24\htdocs\QuickQuiz\system\View\View.php(217): CodeIgniter\View\View->CodeIgniter\View\{closure}()
#3 C:\Apache24\htdocs\QuickQuiz\system\Common.php(1097): CodeIgniter\View\View->render('emp', Array, true)
#4 C:\Apache24\htdocs\QuickQuiz\app\Controllers\Scroll_pagination.php(13): view('emp', Array)
#5 C:\Apache24\htdocs\QuickQuiz\system\CodeIgniter.php(824): App\Controllers\Scroll_pagination->show()
#6 C:\Apache24\htdocs\QuickQuiz\system\CodeIgniter.php(410): CodeIgniter\CodeIgniter->runController(Object(App\Controllers\Scroll_pagination))
#7 C:\Apache24\htdocs\QuickQuiz\system\CodeIgniter.php(318): CodeIgniter\CodeIgniter->handleRequest(NULL, Object(Config\Cache), false)
#8 C:\Apache24\htdocs\QuickQuiz\public\index.php(37): CodeIgniter\CodeIgniter->run()
#9 C:\Apache24\htdocs\QuickQuiz\system\Commands\Server\rewrite.php(43): require_once('C:\\Apache24\\htd...')
#10 {main}
CRITICAL - 2021-11-30 08:48:46 --> Undefined variable $k
#0 C:\Apache24\htdocs\QuickQuiz\app\Views\emp.php(15): CodeIgniter\Debug\Exceptions->errorHandler(2, 'Undefined varia...', 'C:\\Apache24\\htd...', 15)
#1 C:\Apache24\htdocs\QuickQuiz\system\View\View.php(214): include('C:\\Apache24\\htd...')
#2 C:\Apache24\htdocs\QuickQuiz\system\View\View.php(217): CodeIgniter\View\View->CodeIgniter\View\{closure}()
#3 C:\Apache24\htdocs\QuickQuiz\system\Common.php(1097): CodeIgniter\View\View->render('emp', Array, true)
#4 C:\Apache24\htdocs\QuickQuiz\app\Controllers\Scroll_pagination.php(13): view('emp', Array)
#5 C:\Apache24\htdocs\QuickQuiz\system\CodeIgniter.php(824): App\Controllers\Scroll_pagination->show()
#6 C:\Apache24\htdocs\QuickQuiz\system\CodeIgniter.php(410): CodeIgniter\CodeIgniter->runController(Object(App\Controllers\Scroll_pagination))
#7 C:\Apache24\htdocs\QuickQuiz\system\CodeIgniter.php(318): CodeIgniter\CodeIgniter->handleRequest(NULL, Object(Config\Cache), false)
#8 C:\Apache24\htdocs\QuickQuiz\public\index.php(37): CodeIgniter\CodeIgniter->run()
#9 C:\Apache24\htdocs\QuickQuiz\system\Commands\Server\rewrite.php(43): require_once('C:\\Apache24\\htd...')
#10 {main}
CRITICAL - 2021-11-30 08:48:46 --> Undefined variable $k
#0 C:\Apache24\htdocs\QuickQuiz\app\Views\emp.php(15): CodeIgniter\Debug\Exceptions->errorHandler(2, 'Undefined varia...', 'C:\\Apache24\\htd...', 15)
#1 C:\Apache24\htdocs\QuickQuiz\system\View\View.php(214): include('C:\\Apache24\\htd...')
#2 C:\Apache24\htdocs\QuickQuiz\system\View\View.php(217): CodeIgniter\View\View->CodeIgniter\View\{closure}()
#3 C:\Apache24\htdocs\QuickQuiz\system\Common.php(1097): CodeIgniter\View\View->render('emp', Array, true)
#4 C:\Apache24\htdocs\QuickQuiz\app\Controllers\Scroll_pagination.php(13): view('emp', Array)
#5 C:\Apache24\htdocs\QuickQuiz\system\CodeIgniter.php(824): App\Controllers\Scroll_pagination->show()
#6 C:\Apache24\htdocs\QuickQuiz\system\CodeIgniter.php(410): CodeIgniter\CodeIgniter->runController(Object(App\Controllers\Scroll_pagination))
#7 C:\Apache24\htdocs\QuickQuiz\system\CodeIgniter.php(318): CodeIgniter\CodeIgniter->handleRequest(NULL, Object(Config\Cache), false)
#8 C:\Apache24\htdocs\QuickQuiz\public\index.php(37): CodeIgniter\CodeIgniter->run()
#9 C:\Apache24\htdocs\QuickQuiz\system\Commands\Server\rewrite.php(43): require_once('C:\\Apache24\\htd...')
#10 {main}
CRITICAL - 2021-11-30 08:48:47 --> Undefined variable $k
#0 C:\Apache24\htdocs\QuickQuiz\app\Views\emp.php(15): CodeIgniter\Debug\Exceptions->errorHandler(2, 'Undefined varia...', 'C:\\Apache24\\htd...', 15)
#1 C:\Apache24\htdocs\QuickQuiz\system\View\View.php(214): include('C:\\Apache24\\htd...')
#2 C:\Apache24\htdocs\QuickQuiz\system\View\View.php(217): CodeIgniter\View\View->CodeIgniter\View\{closure}()
#3 C:\Apache24\htdocs\QuickQuiz\system\Common.php(1097): CodeIgniter\View\View->render('emp', Array, true)
#4 C:\Apache24\htdocs\QuickQuiz\app\Controllers\Scroll_pagination.php(13): view('emp', Array)
#5 C:\Apache24\htdocs\QuickQuiz\system\CodeIgniter.php(824): App\Controllers\Scroll_pagination->show()
#6 C:\Apache24\htdocs\QuickQuiz\system\CodeIgniter.php(410): CodeIgniter\CodeIgniter->runController(Object(App\Controllers\Scroll_pagination))
#7 C:\Apache24\htdocs\QuickQuiz\system\CodeIgniter.php(318): CodeIgniter\CodeIgniter->handleRequest(NULL, Object(Config\Cache), false)
#8 C:\Apache24\htdocs\QuickQuiz\public\index.php(37): CodeIgniter\CodeIgniter->run()
#9 C:\Apache24\htdocs\QuickQuiz\system\Commands\Server\rewrite.php(43): require_once('C:\\Apache24\\htd...')
#10 {main}
CRITICAL - 2021-11-30 09:45:32 --> Undefined property: App\Controllers\Scroll_pagination::$load
#0 C:\Apache24\htdocs\QuickQuiz\app\Controllers\Scroll_pagination.php(18): CodeIgniter\Debug\Exceptions->errorHandler(2, 'Undefined prope...', 'C:\\Apache24\\htd...', 18)
#1 C:\Apache24\htdocs\QuickQuiz\system\CodeIgniter.php(824): App\Controllers\Scroll_pagination->showInfo()
#2 C:\Apache24\htdocs\QuickQuiz\system\CodeIgniter.php(410): CodeIgniter\CodeIgniter->runController(Object(App\Controllers\Scroll_pagination))
#3 C:\Apache24\htdocs\QuickQuiz\system\CodeIgniter.php(318): CodeIgniter\CodeIgniter->handleRequest(NULL, Object(Config\Cache), false)
#4 C:\Apache24\htdocs\QuickQuiz\public\index.php(37): CodeIgniter\CodeIgniter->run()
#5 C:\Apache24\htdocs\QuickQuiz\system\Commands\Server\rewrite.php(43): require_once('C:\\Apache24\\htd...')
#6 {main}
CRITICAL - 2021-11-30 09:57:09 --> Undefined property: App\Controllers\Scroll_pagination::$Scroll_pagination_model
#0 C:\Apache24\htdocs\QuickQuiz\app\Controllers\Scroll_pagination.php(19): CodeIgniter\Debug\Exceptions->errorHandler(2, 'Undefined prope...', 'C:\\Apache24\\htd...', 19)
#1 C:\Apache24\htdocs\QuickQuiz\system\CodeIgniter.php(824): App\Controllers\Scroll_pagination->showInfo()
#2 C:\Apache24\htdocs\QuickQuiz\system\CodeIgniter.php(410): CodeIgniter\CodeIgniter->runController(Object(App\Controllers\Scroll_pagination))
#3 C:\Apache24\htdocs\QuickQuiz\system\CodeIgniter.php(318): CodeIgniter\CodeIgniter->handleRequest(NULL, Object(Config\Cache), false)
#4 C:\Apache24\htdocs\QuickQuiz\public\index.php(37): CodeIgniter\CodeIgniter->run()
#5 C:\Apache24\htdocs\QuickQuiz\system\Commands\Server\rewrite.php(43): require_once('C:\\Apache24\\htd...')
#6 {main}
CRITICAL - 2021-11-30 09:57:33 --> Invalid file: emp, $data.php
#0 C:\Apache24\htdocs\QuickQuiz\system\View\View.php(198): CodeIgniter\Exceptions\FrameworkException::forInvalidFile('emp, $data.php')
#1 C:\Apache24\htdocs\QuickQuiz\system\Common.php(1097): CodeIgniter\View\View->render('emp, $data', Array, true)
#2 C:\Apache24\htdocs\QuickQuiz\app\Controllers\Scroll_pagination.php(20): view('emp, $data')
#3 C:\Apache24\htdocs\QuickQuiz\system\CodeIgniter.php(824): App\Controllers\Scroll_pagination->showInfo()
#4 C:\Apache24\htdocs\QuickQuiz\system\CodeIgniter.php(410): CodeIgniter\CodeIgniter->runController(Object(App\Controllers\Scroll_pagination))
#5 C:\Apache24\htdocs\QuickQuiz\system\CodeIgniter.php(318): CodeIgniter\CodeIgniter->handleRequest(NULL, Object(Config\Cache), false)
#6 C:\Apache24\htdocs\QuickQuiz\public\index.php(37): CodeIgniter\CodeIgniter->run()
#7 C:\Apache24\htdocs\QuickQuiz\system\Commands\Server\rewrite.php(43): require_once('C:\\Apache24\\htd...')
#8 {main}
CRITICAL - 2021-11-30 09:59:01 --> Undefined variable $userlist
#0 C:\Apache24\htdocs\QuickQuiz\app\Views\emp.php(15): CodeIgniter\Debug\Exceptions->errorHandler(2, 'Undefined varia...', 'C:\\Apache24\\htd...', 15)
#1 C:\Apache24\htdocs\QuickQuiz\system\View\View.php(214): include('C:\\Apache24\\htd...')
#2 C:\Apache24\htdocs\QuickQuiz\system\View\View.php(217): CodeIgniter\View\View->CodeIgniter\View\{closure}()
#3 C:\Apache24\htdocs\QuickQuiz\system\Common.php(1097): CodeIgniter\View\View->render('emp', Array, true)
#4 C:\Apache24\htdocs\QuickQuiz\app\Controllers\Scroll_pagination.php(20): view('emp', Array)
#5 C:\Apache24\htdocs\QuickQuiz\system\CodeIgniter.php(824): App\Controllers\Scroll_pagination->showInfo()
#6 C:\Apache24\htdocs\QuickQuiz\system\CodeIgniter.php(410): CodeIgniter\CodeIgniter->runController(Object(App\Controllers\Scroll_pagination))
#7 C:\Apache24\htdocs\QuickQuiz\system\CodeIgniter.php(318): CodeIgniter\CodeIgniter->handleRequest(NULL, Object(Config\Cache), false)
#8 C:\Apache24\htdocs\QuickQuiz\public\index.php(37): CodeIgniter\CodeIgniter->run()
#9 C:\Apache24\htdocs\QuickQuiz\system\Commands\Server\rewrite.php(43): require_once('C:\\Apache24\\htd...')
#10 {main}
