CRITICAL - 2021-12-03 00:02:22 --> Class "App\Models\Quiz_model" not found
#0 C:\Apache24\htdocs\QuickQuiz\system\CodeIgniter.php(824): App\Controllers\Student\Home->fetch()
#1 C:\Apache24\htdocs\QuickQuiz\system\CodeIgniter.php(410): CodeIgniter\CodeIgniter->runController(Object(App\Controllers\Student\Home))
#2 C:\Apache24\htdocs\QuickQuiz\system\CodeIgniter.php(318): CodeIgniter\CodeIgniter->handleRequest(NULL, Object(Config\Cache), false)
#3 C:\Apache24\htdocs\QuickQuiz\public\index.php(37): CodeIgniter\CodeIgniter->run()
#4 C:\Apache24\htdocs\QuickQuiz\system\Commands\Server\rewrite.php(43): require_once('C:\\Apache24\\htd...')
#5 {main}
CRITICAL - 2021-12-03 00:11:35 --> Class "App\Models\Quiz_model" not found
#0 C:\Apache24\htdocs\QuickQuiz\system\CodeIgniter.php(824): App\Controllers\Student\Home->fetch()
#1 C:\Apache24\htdocs\QuickQuiz\system\CodeIgniter.php(410): CodeIgniter\CodeIgniter->runController(Object(App\Controllers\Student\Home))
#2 C:\Apache24\htdocs\QuickQuiz\system\CodeIgniter.php(318): CodeIgniter\CodeIgniter->handleRequest(NULL, Object(Config\Cache), false)
#3 C:\Apache24\htdocs\QuickQuiz\public\index.php(37): CodeIgniter\CodeIgniter->run()
#4 C:\Apache24\htdocs\QuickQuiz\system\Commands\Server\rewrite.php(43): require_once('C:\\Apache24\\htd...')
#5 {main}
CRITICAL - 2021-12-03 00:12:56 --> Class "App\Models\Quiz_model" not found
#0 C:\Apache24\htdocs\QuickQuiz\system\CodeIgniter.php(824): App\Controllers\Student\Home->fetch()
#1 C:\Apache24\htdocs\QuickQuiz\system\CodeIgniter.php(410): CodeIgniter\CodeIgniter->runController(Object(App\Controllers\Student\Home))
#2 C:\Apache24\htdocs\QuickQuiz\system\CodeIgniter.php(318): CodeIgniter\CodeIgniter->handleRequest(NULL, Object(Config\Cache), false)
#3 C:\Apache24\htdocs\QuickQuiz\public\index.php(37): CodeIgniter\CodeIgniter->run()
#4 C:\Apache24\htdocs\QuickQuiz\system\Commands\Server\rewrite.php(43): require_once('C:\\Apache24\\htd...')
#5 {main}
CRITICAL - 2021-12-03 01:06:07 --> Class "App\Models\Quiz_model" not found
#0 C:\Apache24\htdocs\QuickQuiz\system\CodeIgniter.php(824): App\Controllers\Student\Home->fetch()
#1 C:\Apache24\htdocs\QuickQuiz\system\CodeIgniter.php(410): CodeIgniter\CodeIgniter->runController(Object(App\Controllers\Student\Home))
#2 C:\Apache24\htdocs\QuickQuiz\system\CodeIgniter.php(318): CodeIgniter\CodeIgniter->handleRequest(NULL, Object(Config\Cache), false)
#3 C:\Apache24\htdocs\QuickQuiz\public\index.php(37): CodeIgniter\CodeIgniter->run()
#4 C:\Apache24\htdocs\QuickQuiz\system\Commands\Server\rewrite.php(43): require_once('C:\\Apache24\\htd...')
#5 {main}
CRITICAL - 2021-12-03 01:07:04 --> Class "App\Models\Quiz_model" not found
#0 C:\Apache24\htdocs\QuickQuiz\system\CodeIgniter.php(824): App\Controllers\Student\Home->fetch()
#1 C:\Apache24\htdocs\QuickQuiz\system\CodeIgniter.php(410): CodeIgniter\CodeIgniter->runController(Object(App\Controllers\Student\Home))
#2 C:\Apache24\htdocs\QuickQuiz\system\CodeIgniter.php(318): CodeIgniter\CodeIgniter->handleRequest(NULL, Object(Config\Cache), false)
#3 C:\Apache24\htdocs\QuickQuiz\public\index.php(37): CodeIgniter\CodeIgniter->run()
#4 C:\Apache24\htdocs\QuickQuiz\system\Commands\Server\rewrite.php(43): require_once('C:\\Apache24\\htd...')
#5 {main}
CRITICAL - 2021-12-03 01:11:55 --> Class "App\Models\Quiz_model" not found
#0 C:\Apache24\htdocs\QuickQuiz\system\CodeIgniter.php(824): App\Controllers\Student\Home->fetch()
#1 C:\Apache24\htdocs\QuickQuiz\system\CodeIgniter.php(410): CodeIgniter\CodeIgniter->runController(Object(App\Controllers\Student\Home))
#2 C:\Apache24\htdocs\QuickQuiz\system\CodeIgniter.php(318): CodeIgniter\CodeIgniter->handleRequest(NULL, Object(Config\Cache), false)
#3 C:\Apache24\htdocs\QuickQuiz\public\index.php(37): CodeIgniter\CodeIgniter->run()
#4 C:\Apache24\htdocs\QuickQuiz\system\Commands\Server\rewrite.php(43): require_once('C:\\Apache24\\htd...')
#5 {main}
CRITICAL - 2021-12-03 01:14:30 --> Class "App\Models\Quiz_model" not found
#0 C:\Apache24\htdocs\QuickQuiz\system\CodeIgniter.php(824): App\Controllers\Student\Home->fetch()
#1 C:\Apache24\htdocs\QuickQuiz\system\CodeIgniter.php(410): CodeIgniter\CodeIgniter->runController(Object(App\Controllers\Student\Home))
#2 C:\Apache24\htdocs\QuickQuiz\system\CodeIgniter.php(318): CodeIgniter\CodeIgniter->handleRequest(NULL, Object(Config\Cache), false)
#3 C:\Apache24\htdocs\QuickQuiz\public\index.php(37): CodeIgniter\CodeIgniter->run()
#4 C:\Apache24\htdocs\QuickQuiz\system\Commands\Server\rewrite.php(43): require_once('C:\\Apache24\\htd...')
#5 {main}
CRITICAL - 2021-12-03 01:53:54 --> Unclosed '{' on line 8
#0 C:\Apache24\htdocs\QuickQuiz\system\Autoloader\Autoloader.php(241): CodeIgniter\Autoloader\Autoloader->includeFile('C:\\Apache24\\htd...')
#1 C:\Apache24\htdocs\QuickQuiz\system\Autoloader\Autoloader.php(219): CodeIgniter\Autoloader\Autoloader->loadInNamespace('App\\Models\\Scro...')
#2 C:\Apache24\htdocs\QuickQuiz\app\Controllers\StudentController.php(31): CodeIgniter\Autoloader\Autoloader->loadClass('App\\Models\\Scro...')
#3 C:\Apache24\htdocs\QuickQuiz\system\CodeIgniter.php(824): App\Controllers\StudentController->fetch()
#4 C:\Apache24\htdocs\QuickQuiz\system\CodeIgniter.php(410): CodeIgniter\CodeIgniter->runController(Object(App\Controllers\StudentController))
#5 C:\Apache24\htdocs\QuickQuiz\system\CodeIgniter.php(318): CodeIgniter\CodeIgniter->handleRequest(NULL, Object(Config\Cache), false)
#6 C:\Apache24\htdocs\QuickQuiz\public\index.php(37): CodeIgniter\CodeIgniter->run()
#7 C:\Apache24\htdocs\QuickQuiz\system\Commands\Server\rewrite.php(43): require_once('C:\\Apache24\\htd...')
#8 {main}
