CRITICAL - 2021-12-24 10:17:32 --> Undefined array key "user"
#0 C:\Apache24\htdocs\QuickQuiz\app\Controllers\AuthenController.php(17): CodeIgniter\Debug\Exceptions->errorHandler(2, 'Undefined array...', 'C:\\Apache24\\htd...', 17)
#1 C:\Apache24\htdocs\QuickQuiz\system\CodeIgniter.php(824): App\Controllers\AuthenController->login()
#2 C:\Apache24\htdocs\QuickQuiz\system\CodeIgniter.php(410): CodeIgniter\CodeIgniter->runController(Object(App\Controllers\AuthenController))
#3 C:\Apache24\htdocs\QuickQuiz\system\CodeIgniter.php(318): CodeIgniter\CodeIgniter->handleRequest(NULL, Object(Config\Cache), false)
#4 C:\Apache24\htdocs\QuickQuiz\public\index.php(37): CodeIgniter\CodeIgniter->run()
#5 C:\Apache24\htdocs\QuickQuiz\system\Commands\Server\rewrite.php(43): require_once('C:\\Apache24\\htd...')
#6 {main}
CRITICAL - 2021-12-24 10:20:19 --> Undefined array key "user"
#0 C:\Apache24\htdocs\QuickQuiz\app\Controllers\AuthenController.php(17): CodeIgniter\Debug\Exceptions->errorHandler(2, 'Undefined array...', 'C:\\Apache24\\htd...', 17)
#1 C:\Apache24\htdocs\QuickQuiz\system\CodeIgniter.php(824): App\Controllers\AuthenController->login()
#2 C:\Apache24\htdocs\QuickQuiz\system\CodeIgniter.php(410): CodeIgniter\CodeIgniter->runController(Object(App\Controllers\AuthenController))
#3 C:\Apache24\htdocs\QuickQuiz\system\CodeIgniter.php(318): CodeIgniter\CodeIgniter->handleRequest(NULL, Object(Config\Cache), false)
#4 C:\Apache24\htdocs\QuickQuiz\public\index.php(37): CodeIgniter\CodeIgniter->run()
#5 C:\Apache24\htdocs\QuickQuiz\system\Commands\Server\rewrite.php(43): require_once('C:\\Apache24\\htd...')
#6 {main}
CRITICAL - 2021-12-24 10:22:28 --> You must set the database table to be used with your query.
#0 C:\Apache24\htdocs\QuickQuiz\system\Model.php(545): CodeIgniter\Database\BaseConnection->table(NULL)
#1 C:\Apache24\htdocs\QuickQuiz\system\Model.php(717): CodeIgniter\Model->builder()
#2 C:\Apache24\htdocs\QuickQuiz\app\Controllers\AuthenController.php(58): CodeIgniter\Model->__call('createNewUser', Array)
#3 C:\Apache24\htdocs\QuickQuiz\system\CodeIgniter.php(824): App\Controllers\AuthenController->signup()
#4 C:\Apache24\htdocs\QuickQuiz\system\CodeIgniter.php(410): CodeIgniter\CodeIgniter->runController(Object(App\Controllers\AuthenController))
#5 C:\Apache24\htdocs\QuickQuiz\system\CodeIgniter.php(318): CodeIgniter\CodeIgniter->handleRequest(NULL, Object(Config\Cache), false)
#6 C:\Apache24\htdocs\QuickQuiz\public\index.php(37): CodeIgniter\CodeIgniter->run()
#7 C:\Apache24\htdocs\QuickQuiz\system\Commands\Server\rewrite.php(43): require_once('C:\\Apache24\\htd...')
#8 {main}
CRITICAL - 2021-12-24 10:23:49 --> You must set the database table to be used with your query.
#0 C:\Apache24\htdocs\QuickQuiz\system\Model.php(545): CodeIgniter\Database\BaseConnection->table(NULL)
#1 C:\Apache24\htdocs\QuickQuiz\system\Model.php(717): CodeIgniter\Model->builder()
#2 C:\Apache24\htdocs\QuickQuiz\app\Controllers\AuthenController.php(58): CodeIgniter\Model->__call('createNewUser', Array)
#3 C:\Apache24\htdocs\QuickQuiz\system\CodeIgniter.php(824): App\Controllers\AuthenController->signup()
#4 C:\Apache24\htdocs\QuickQuiz\system\CodeIgniter.php(410): CodeIgniter\CodeIgniter->runController(Object(App\Controllers\AuthenController))
#5 C:\Apache24\htdocs\QuickQuiz\system\CodeIgniter.php(318): CodeIgniter\CodeIgniter->handleRequest(NULL, Object(Config\Cache), false)
#6 C:\Apache24\htdocs\QuickQuiz\public\index.php(37): CodeIgniter\CodeIgniter->run()
#7 C:\Apache24\htdocs\QuickQuiz\system\Commands\Server\rewrite.php(43): require_once('C:\\Apache24\\htd...')
#8 {main}
CRITICAL - 2021-12-24 10:25:17 --> You must set the database table to be used with your query.
#0 C:\Apache24\htdocs\QuickQuiz\system\Model.php(545): CodeIgniter\Database\BaseConnection->table(NULL)
#1 C:\Apache24\htdocs\QuickQuiz\system\Model.php(717): CodeIgniter\Model->builder()
#2 C:\Apache24\htdocs\QuickQuiz\app\Controllers\AuthenController.php(58): CodeIgniter\Model->__call('createNewUser', Array)
#3 C:\Apache24\htdocs\QuickQuiz\system\CodeIgniter.php(824): App\Controllers\AuthenController->signup()
#4 C:\Apache24\htdocs\QuickQuiz\system\CodeIgniter.php(410): CodeIgniter\CodeIgniter->runController(Object(App\Controllers\AuthenController))
#5 C:\Apache24\htdocs\QuickQuiz\system\CodeIgniter.php(318): CodeIgniter\CodeIgniter->handleRequest(NULL, Object(Config\Cache), false)
#6 C:\Apache24\htdocs\QuickQuiz\public\index.php(37): CodeIgniter\CodeIgniter->run()
#7 C:\Apache24\htdocs\QuickQuiz\system\Commands\Server\rewrite.php(43): require_once('C:\\Apache24\\htd...')
#8 {main}
CRITICAL - 2021-12-24 10:26:51 --> You must set the database table to be used with your query.
#0 C:\Apache24\htdocs\QuickQuiz\system\Model.php(545): CodeIgniter\Database\BaseConnection->table(NULL)
#1 C:\Apache24\htdocs\QuickQuiz\system\Model.php(717): CodeIgniter\Model->builder()
#2 C:\Apache24\htdocs\QuickQuiz\app\Controllers\AuthenController.php(58): CodeIgniter\Model->__call('createNewUser', Array)
#3 C:\Apache24\htdocs\QuickQuiz\system\CodeIgniter.php(824): App\Controllers\AuthenController->signup()
#4 C:\Apache24\htdocs\QuickQuiz\system\CodeIgniter.php(410): CodeIgniter\CodeIgniter->runController(Object(App\Controllers\AuthenController))
#5 C:\Apache24\htdocs\QuickQuiz\system\CodeIgniter.php(318): CodeIgniter\CodeIgniter->handleRequest(NULL, Object(Config\Cache), false)
#6 C:\Apache24\htdocs\QuickQuiz\public\index.php(37): CodeIgniter\CodeIgniter->run()
#7 C:\Apache24\htdocs\QuickQuiz\system\Commands\Server\rewrite.php(43): require_once('C:\\Apache24\\htd...')
#8 {main}
CRITICAL - 2021-12-24 11:04:47 --> You must set the database table to be used with your query.
#0 C:\Apache24\htdocs\QuickQuiz\system\Model.php(545): CodeIgniter\Database\BaseConnection->table(NULL)
#1 C:\Apache24\htdocs\QuickQuiz\system\Model.php(717): CodeIgniter\Model->builder()
#2 C:\Apache24\htdocs\QuickQuiz\app\Controllers\AuthenController.php(58): CodeIgniter\Model->__call('createNewUser', Array)
#3 C:\Apache24\htdocs\QuickQuiz\system\CodeIgniter.php(824): App\Controllers\AuthenController->signup()
#4 C:\Apache24\htdocs\QuickQuiz\system\CodeIgniter.php(410): CodeIgniter\CodeIgniter->runController(Object(App\Controllers\AuthenController))
#5 C:\Apache24\htdocs\QuickQuiz\system\CodeIgniter.php(318): CodeIgniter\CodeIgniter->handleRequest(NULL, Object(Config\Cache), false)
#6 C:\Apache24\htdocs\QuickQuiz\public\index.php(37): CodeIgniter\CodeIgniter->run()
#7 C:\Apache24\htdocs\QuickQuiz\system\Commands\Server\rewrite.php(43): require_once('C:\\Apache24\\htd...')
#8 {main}
CRITICAL - 2021-12-24 11:05:17 --> You must set the database table to be used with your query.
#0 C:\Apache24\htdocs\QuickQuiz\system\Model.php(545): CodeIgniter\Database\BaseConnection->table(NULL)
#1 C:\Apache24\htdocs\QuickQuiz\system\Model.php(717): CodeIgniter\Model->builder()
#2 C:\Apache24\htdocs\QuickQuiz\app\Controllers\AuthenController.php(58): CodeIgniter\Model->__call('signup', Array)
#3 C:\Apache24\htdocs\QuickQuiz\system\CodeIgniter.php(824): App\Controllers\AuthenController->signup()
#4 C:\Apache24\htdocs\QuickQuiz\system\CodeIgniter.php(410): CodeIgniter\CodeIgniter->runController(Object(App\Controllers\AuthenController))
#5 C:\Apache24\htdocs\QuickQuiz\system\CodeIgniter.php(318): CodeIgniter\CodeIgniter->handleRequest(NULL, Object(Config\Cache), false)
#6 C:\Apache24\htdocs\QuickQuiz\public\index.php(37): CodeIgniter\CodeIgniter->run()
#7 C:\Apache24\htdocs\QuickQuiz\system\Commands\Server\rewrite.php(43): require_once('C:\\Apache24\\htd...')
#8 {main}
CRITICAL - 2021-12-24 11:09:46 --> Call to a member function getResult() on bool
#0 C:\Apache24\htdocs\QuickQuiz\app\Controllers\AuthenController.php(58): App\Models\User_model->createUser('nhanuit', '1234', 'Nguyen Hoai Nha...', '0')
#1 C:\Apache24\htdocs\QuickQuiz\system\CodeIgniter.php(824): App\Controllers\AuthenController->signup()
#2 C:\Apache24\htdocs\QuickQuiz\system\CodeIgniter.php(410): CodeIgniter\CodeIgniter->runController(Object(App\Controllers\AuthenController))
#3 C:\Apache24\htdocs\QuickQuiz\system\CodeIgniter.php(318): CodeIgniter\CodeIgniter->handleRequest(NULL, Object(Config\Cache), false)
#4 C:\Apache24\htdocs\QuickQuiz\public\index.php(37): CodeIgniter\CodeIgniter->run()
#5 C:\Apache24\htdocs\QuickQuiz\system\Commands\Server\rewrite.php(43): require_once('C:\\Apache24\\htd...')
#6 {main}
