ERROR - 2021-12-20 03:56:36 --> Column 'id' in field list is ambiguous
CRITICAL - 2021-12-20 03:56:36 --> Call to a member function getResult() on bool
#0 C:\Apache24\htdocs\QuickQuiz\app\Controllers\Student\QuizController.php(13): App\Models\Quiz_model->startQuiz('1')
#1 C:\Apache24\htdocs\QuickQuiz\system\CodeIgniter.php(824): App\Controllers\Student\QuizController->startQuiz()
#2 C:\Apache24\htdocs\QuickQuiz\system\CodeIgniter.php(410): CodeIgniter\CodeIgniter->runController(Object(App\Controllers\Student\QuizController))
#3 C:\Apache24\htdocs\QuickQuiz\system\CodeIgniter.php(318): CodeIgniter\CodeIgniter->handleRequest(NULL, Object(Config\Cache), false)
#4 C:\Apache24\htdocs\QuickQuiz\public\index.php(37): CodeIgniter\CodeIgniter->run()
#5 C:\Apache24\htdocs\QuickQuiz\system\Commands\Server\rewrite.php(43): require_once('C:\\Apache24\\htd...')
#6 {main}
CRITICAL - 2021-12-20 04:06:48 --> Invalid file: Student/Pages/question_bank.php
#0 C:\Apache24\htdocs\QuickQuiz\system\View\View.php(198): CodeIgniter\Exceptions\FrameworkException::forInvalidFile('Student/Pages/q...')
#1 C:\Apache24\htdocs\QuickQuiz\system\Common.php(1097): CodeIgniter\View\View->render('Student/Pages/q...', Array, true)
#2 C:\Apache24\htdocs\QuickQuiz\app\Controllers\BaseController.php(57): view('Student/Pages/q...')
#3 C:\Apache24\htdocs\QuickQuiz\app\Controllers\Coach\QuestionbankController.php(19): App\Controllers\BaseController->loadMasterLayout('Ng\xC3\xA2n h\xC3\xA0ng c\xC3\xA2...', 'question_bank', 'question_bank', 1)
#4 C:\Apache24\htdocs\QuickQuiz\system\CodeIgniter.php(824): App\Controllers\Coach\QuestionbankController->index()
#5 C:\Apache24\htdocs\QuickQuiz\system\CodeIgniter.php(410): CodeIgniter\CodeIgniter->runController(Object(App\Controllers\Coach\QuestionbankController))
#6 C:\Apache24\htdocs\QuickQuiz\system\CodeIgniter.php(318): CodeIgniter\CodeIgniter->handleRequest(NULL, Object(Config\Cache), false)
#7 C:\Apache24\htdocs\QuickQuiz\public\index.php(37): CodeIgniter\CodeIgniter->run()
#8 C:\Apache24\htdocs\QuickQuiz\system\Commands\Server\rewrite.php(43): require_once('C:\\Apache24\\htd...')
#9 {main}
CRITICAL - 2021-12-20 04:10:15 --> Invalid file: Student/Pages/question_bank.php
#0 C:\Apache24\htdocs\QuickQuiz\system\View\View.php(198): CodeIgniter\Exceptions\FrameworkException::forInvalidFile('Student/Pages/q...')
#1 C:\Apache24\htdocs\QuickQuiz\system\Common.php(1097): CodeIgniter\View\View->render('Student/Pages/q...', Array, true)
#2 C:\Apache24\htdocs\QuickQuiz\app\Controllers\BaseController.php(57): view('Student/Pages/q...')
#3 C:\Apache24\htdocs\QuickQuiz\app\Controllers\Coach\QuestionbankController.php(19): App\Controllers\BaseController->loadMasterLayout('Ng\xC3\xA2n h\xC3\xA0ng c\xC3\xA2...', 'question_bank', 'question_bank', 1)
#4 C:\Apache24\htdocs\QuickQuiz\system\CodeIgniter.php(824): App\Controllers\Coach\QuestionbankController->index()
#5 C:\Apache24\htdocs\QuickQuiz\system\CodeIgniter.php(410): CodeIgniter\CodeIgniter->runController(Object(App\Controllers\Coach\QuestionbankController))
#6 C:\Apache24\htdocs\QuickQuiz\system\CodeIgniter.php(318): CodeIgniter\CodeIgniter->handleRequest(NULL, Object(Config\Cache), false)
#7 C:\Apache24\htdocs\QuickQuiz\public\index.php(37): CodeIgniter\CodeIgniter->run()
#8 C:\Apache24\htdocs\QuickQuiz\system\Commands\Server\rewrite.php(43): require_once('C:\\Apache24\\htd...')
#9 {main}
CRITICAL - 2021-12-20 04:11:33 --> Invalid file: Student/Pages/personal.php
#0 C:\Apache24\htdocs\QuickQuiz\system\View\View.php(198): CodeIgniter\Exceptions\FrameworkException::forInvalidFile('Student/Pages/p...')
#1 C:\Apache24\htdocs\QuickQuiz\system\Common.php(1097): CodeIgniter\View\View->render('Student/Pages/p...', Array, true)
#2 C:\Apache24\htdocs\QuickQuiz\app\Controllers\BaseController.php(57): view('Student/Pages/p...')
#3 C:\Apache24\htdocs\QuickQuiz\app\Controllers\Coach\PersonalController.php(19): App\Controllers\BaseController->loadMasterLayout('Th\xC3\xB4ng tin c\xC3\xA1 ...', 'personal', 'personal', 1)
#4 C:\Apache24\htdocs\QuickQuiz\system\CodeIgniter.php(824): App\Controllers\Coach\PersonalController->index()
#5 C:\Apache24\htdocs\QuickQuiz\system\CodeIgniter.php(410): CodeIgniter\CodeIgniter->runController(Object(App\Controllers\Coach\PersonalController))
#6 C:\Apache24\htdocs\QuickQuiz\system\CodeIgniter.php(318): CodeIgniter\CodeIgniter->handleRequest(NULL, Object(Config\Cache), false)
#7 C:\Apache24\htdocs\QuickQuiz\public\index.php(37): CodeIgniter\CodeIgniter->run()
#8 C:\Apache24\htdocs\QuickQuiz\system\Commands\Server\rewrite.php(43): require_once('C:\\Apache24\\htd...')
#9 {main}
CRITICAL - 2021-12-20 04:11:38 --> Invalid file: Student/Pages/question_bank.php
#0 C:\Apache24\htdocs\QuickQuiz\system\View\View.php(198): CodeIgniter\Exceptions\FrameworkException::forInvalidFile('Student/Pages/q...')
#1 C:\Apache24\htdocs\QuickQuiz\system\Common.php(1097): CodeIgniter\View\View->render('Student/Pages/q...', Array, true)
#2 C:\Apache24\htdocs\QuickQuiz\app\Controllers\BaseController.php(57): view('Student/Pages/q...')
#3 C:\Apache24\htdocs\QuickQuiz\app\Controllers\Coach\QuestionbankController.php(19): App\Controllers\BaseController->loadMasterLayout('Ng\xC3\xA2n h\xC3\xA0ng c\xC3\xA2...', 'question_bank', 'question_bank', 1)
#4 C:\Apache24\htdocs\QuickQuiz\system\CodeIgniter.php(824): App\Controllers\Coach\QuestionbankController->index()
#5 C:\Apache24\htdocs\QuickQuiz\system\CodeIgniter.php(410): CodeIgniter\CodeIgniter->runController(Object(App\Controllers\Coach\QuestionbankController))
#6 C:\Apache24\htdocs\QuickQuiz\system\CodeIgniter.php(318): CodeIgniter\CodeIgniter->handleRequest(NULL, Object(Config\Cache), false)
#7 C:\Apache24\htdocs\QuickQuiz\public\index.php(37): CodeIgniter\CodeIgniter->run()
#8 C:\Apache24\htdocs\QuickQuiz\system\Commands\Server\rewrite.php(43): require_once('C:\\Apache24\\htd...')
#9 {main}
CRITICAL - 2021-12-20 04:14:11 --> You must set the database table to be used with your query.
#0 C:\Apache24\htdocs\QuickQuiz\system\Model.php(545): CodeIgniter\Database\BaseConnection->table(NULL)
#1 C:\Apache24\htdocs\QuickQuiz\system\Model.php(717): CodeIgniter\Model->builder()
#2 C:\Apache24\htdocs\QuickQuiz\app\Controllers\Coach\QuestionbankController.php(30): CodeIgniter\Model->__call('fetch_question', Array)
#3 C:\Apache24\htdocs\QuickQuiz\system\CodeIgniter.php(824): App\Controllers\Coach\QuestionbankController->fetch_c()
#4 C:\Apache24\htdocs\QuickQuiz\system\CodeIgniter.php(410): CodeIgniter\CodeIgniter->runController(Object(App\Controllers\Coach\QuestionbankController))
#5 C:\Apache24\htdocs\QuickQuiz\system\CodeIgniter.php(318): CodeIgniter\CodeIgniter->handleRequest(NULL, Object(Config\Cache), false)
#6 C:\Apache24\htdocs\QuickQuiz\public\index.php(37): CodeIgniter\CodeIgniter->run()
#7 C:\Apache24\htdocs\QuickQuiz\system\Commands\Server\rewrite.php(43): require_once('C:\\Apache24\\htd...')
#8 {main}
CRITICAL - 2021-12-20 04:14:11 --> You must set the database table to be used with your query.
#0 C:\Apache24\htdocs\QuickQuiz\system\Model.php(545): CodeIgniter\Database\BaseConnection->table(NULL)
#1 C:\Apache24\htdocs\QuickQuiz\system\Model.php(717): CodeIgniter\Model->builder()
#2 C:\Apache24\htdocs\QuickQuiz\app\Controllers\Coach\QuestionbankController.php(47): CodeIgniter\Model->__call('fetch_tag', Array)
#3 C:\Apache24\htdocs\QuickQuiz\system\CodeIgniter.php(824): App\Controllers\Coach\QuestionbankController->fetch_t()
#4 C:\Apache24\htdocs\QuickQuiz\system\CodeIgniter.php(410): CodeIgniter\CodeIgniter->runController(Object(App\Controllers\Coach\QuestionbankController))
#5 C:\Apache24\htdocs\QuickQuiz\system\CodeIgniter.php(318): CodeIgniter\CodeIgniter->handleRequest(NULL, Object(Config\Cache), false)
#6 C:\Apache24\htdocs\QuickQuiz\public\index.php(37): CodeIgniter\CodeIgniter->run()
#7 C:\Apache24\htdocs\QuickQuiz\system\Commands\Server\rewrite.php(43): require_once('C:\\Apache24\\htd...')
#8 {main}
CRITICAL - 2021-12-20 04:14:43 --> You must set the database table to be used with your query.
#0 C:\Apache24\htdocs\QuickQuiz\system\Model.php(545): CodeIgniter\Database\BaseConnection->table(NULL)
#1 C:\Apache24\htdocs\QuickQuiz\system\Model.php(717): CodeIgniter\Model->builder()
#2 C:\Apache24\htdocs\QuickQuiz\app\Controllers\Coach\QuestionbankController.php(30): CodeIgniter\Model->__call('fetch_question', Array)
#3 C:\Apache24\htdocs\QuickQuiz\system\CodeIgniter.php(824): App\Controllers\Coach\QuestionbankController->fetch_c()
#4 C:\Apache24\htdocs\QuickQuiz\system\CodeIgniter.php(410): CodeIgniter\CodeIgniter->runController(Object(App\Controllers\Coach\QuestionbankController))
#5 C:\Apache24\htdocs\QuickQuiz\system\CodeIgniter.php(318): CodeIgniter\CodeIgniter->handleRequest(NULL, Object(Config\Cache), false)
#6 C:\Apache24\htdocs\QuickQuiz\public\index.php(37): CodeIgniter\CodeIgniter->run()
#7 C:\Apache24\htdocs\QuickQuiz\system\Commands\Server\rewrite.php(43): require_once('C:\\Apache24\\htd...')
#8 {main}
CRITICAL - 2021-12-20 04:14:43 --> You must set the database table to be used with your query.
#0 C:\Apache24\htdocs\QuickQuiz\system\Model.php(545): CodeIgniter\Database\BaseConnection->table(NULL)
#1 C:\Apache24\htdocs\QuickQuiz\system\Model.php(717): CodeIgniter\Model->builder()
#2 C:\Apache24\htdocs\QuickQuiz\app\Controllers\Coach\QuestionbankController.php(47): CodeIgniter\Model->__call('fetch_tag', Array)
#3 C:\Apache24\htdocs\QuickQuiz\system\CodeIgniter.php(824): App\Controllers\Coach\QuestionbankController->fetch_t()
#4 C:\Apache24\htdocs\QuickQuiz\system\CodeIgniter.php(410): CodeIgniter\CodeIgniter->runController(Object(App\Controllers\Coach\QuestionbankController))
#5 C:\Apache24\htdocs\QuickQuiz\system\CodeIgniter.php(318): CodeIgniter\CodeIgniter->handleRequest(NULL, Object(Config\Cache), false)
#6 C:\Apache24\htdocs\QuickQuiz\public\index.php(37): CodeIgniter\CodeIgniter->run()
#7 C:\Apache24\htdocs\QuickQuiz\system\Commands\Server\rewrite.php(43): require_once('C:\\Apache24\\htd...')
#8 {main}
CRITICAL - 2021-12-20 04:20:01 --> Undefined array key "filter"
#0 C:\Apache24\htdocs\QuickQuiz\app\Views\Coach\Pages\edit_question.php(31): CodeIgniter\Debug\Exceptions->errorHandler(2, 'Undefined array...', 'C:\\Apache24\\htd...', 31)
#1 C:\Apache24\htdocs\QuickQuiz\system\View\View.php(214): include('C:\\Apache24\\htd...')
#2 C:\Apache24\htdocs\QuickQuiz\system\View\View.php(217): CodeIgniter\View\View->CodeIgniter\View\{closure}()
#3 C:\Apache24\htdocs\QuickQuiz\system\Common.php(1097): CodeIgniter\View\View->render('Coach/Pages/edi...', Array, true)
#4 C:\Apache24\htdocs\QuickQuiz\app\Controllers\Coach\AddquestionController.php(66): view('Coach/Pages/edi...', Array)
#5 C:\Apache24\htdocs\QuickQuiz\system\CodeIgniter.php(824): App\Controllers\Coach\AddquestionController->editQuestion()
#6 C:\Apache24\htdocs\QuickQuiz\system\CodeIgniter.php(410): CodeIgniter\CodeIgniter->runController(Object(App\Controllers\Coach\AddquestionController))
#7 C:\Apache24\htdocs\QuickQuiz\system\CodeIgniter.php(318): CodeIgniter\CodeIgniter->handleRequest(NULL, Object(Config\Cache), false)
#8 C:\Apache24\htdocs\QuickQuiz\public\index.php(37): CodeIgniter\CodeIgniter->run()
#9 C:\Apache24\htdocs\QuickQuiz\system\Commands\Server\rewrite.php(43): require_once('C:\\Apache24\\htd...')
#10 {main}
CRITICAL - 2021-12-20 04:36:26 --> Undefined array key "filter"
#0 C:\Apache24\htdocs\QuickQuiz\app\Views\Coach\Pages\edit_question.php(31): CodeIgniter\Debug\Exceptions->errorHandler(2, 'Undefined array...', 'C:\\Apache24\\htd...', 31)
#1 C:\Apache24\htdocs\QuickQuiz\system\View\View.php(214): include('C:\\Apache24\\htd...')
#2 C:\Apache24\htdocs\QuickQuiz\system\View\View.php(217): CodeIgniter\View\View->CodeIgniter\View\{closure}()
#3 C:\Apache24\htdocs\QuickQuiz\system\Common.php(1097): CodeIgniter\View\View->render('Coach/Pages/edi...', Array, true)
#4 C:\Apache24\htdocs\QuickQuiz\app\Controllers\Coach\AddquestionController.php(46): view('Coach/Pages/edi...', Array)
#5 C:\Apache24\htdocs\QuickQuiz\system\CodeIgniter.php(824): App\Controllers\Coach\AddquestionController->editQuestion()
#6 C:\Apache24\htdocs\QuickQuiz\system\CodeIgniter.php(410): CodeIgniter\CodeIgniter->runController(Object(App\Controllers\Coach\AddquestionController))
#7 C:\Apache24\htdocs\QuickQuiz\system\CodeIgniter.php(318): CodeIgniter\CodeIgniter->handleRequest(NULL, Object(Config\Cache), false)
#8 C:\Apache24\htdocs\QuickQuiz\public\index.php(37): CodeIgniter\CodeIgniter->run()
#9 C:\Apache24\htdocs\QuickQuiz\system\Commands\Server\rewrite.php(43): require_once('C:\\Apache24\\htd...')
#10 {main}
CRITICAL - 2021-12-20 04:37:49 --> Undefined variable $masterData
#0 C:\Apache24\htdocs\QuickQuiz\app\Views\Coach\Pages\edit_question.php(31): CodeIgniter\Debug\Exceptions->errorHandler(2, 'Undefined varia...', 'C:\\Apache24\\htd...', 31)
#1 C:\Apache24\htdocs\QuickQuiz\system\View\View.php(214): include('C:\\Apache24\\htd...')
#2 C:\Apache24\htdocs\QuickQuiz\system\View\View.php(217): CodeIgniter\View\View->CodeIgniter\View\{closure}()
#3 C:\Apache24\htdocs\QuickQuiz\system\Common.php(1097): CodeIgniter\View\View->render('Coach/Pages/edi...', Array, true)
#4 C:\Apache24\htdocs\QuickQuiz\app\Controllers\Coach\AddquestionController.php(46): view('Coach/Pages/edi...')
#5 C:\Apache24\htdocs\QuickQuiz\system\CodeIgniter.php(824): App\Controllers\Coach\AddquestionController->editQuestion()
#6 C:\Apache24\htdocs\QuickQuiz\system\CodeIgniter.php(410): CodeIgniter\CodeIgniter->runController(Object(App\Controllers\Coach\AddquestionController))
#7 C:\Apache24\htdocs\QuickQuiz\system\CodeIgniter.php(318): CodeIgniter\CodeIgniter->handleRequest(NULL, Object(Config\Cache), false)
#8 C:\Apache24\htdocs\QuickQuiz\public\index.php(37): CodeIgniter\CodeIgniter->run()
#9 C:\Apache24\htdocs\QuickQuiz\system\Commands\Server\rewrite.php(43): require_once('C:\\Apache24\\htd...')
#10 {main}
CRITICAL - 2021-12-20 04:38:19 --> Undefined array key "filter"
#0 C:\Apache24\htdocs\QuickQuiz\app\Views\Coach\Pages\edit_question.php(31): CodeIgniter\Debug\Exceptions->errorHandler(2, 'Undefined array...', 'C:\\Apache24\\htd...', 31)
#1 C:\Apache24\htdocs\QuickQuiz\system\View\View.php(214): include('C:\\Apache24\\htd...')
#2 C:\Apache24\htdocs\QuickQuiz\system\View\View.php(217): CodeIgniter\View\View->CodeIgniter\View\{closure}()
#3 C:\Apache24\htdocs\QuickQuiz\system\Common.php(1097): CodeIgniter\View\View->render('Coach/Pages/edi...', Array, true)
#4 C:\Apache24\htdocs\QuickQuiz\app\Controllers\Coach\AddquestionController.php(46): view('Coach/Pages/edi...', Array)
#5 C:\Apache24\htdocs\QuickQuiz\system\CodeIgniter.php(824): App\Controllers\Coach\AddquestionController->editQuestion()
#6 C:\Apache24\htdocs\QuickQuiz\system\CodeIgniter.php(410): CodeIgniter\CodeIgniter->runController(Object(App\Controllers\Coach\AddquestionController))
#7 C:\Apache24\htdocs\QuickQuiz\system\CodeIgniter.php(318): CodeIgniter\CodeIgniter->handleRequest(NULL, Object(Config\Cache), false)
#8 C:\Apache24\htdocs\QuickQuiz\public\index.php(37): CodeIgniter\CodeIgniter->run()
#9 C:\Apache24\htdocs\QuickQuiz\system\Commands\Server\rewrite.php(43): require_once('C:\\Apache24\\htd...')
#10 {main}
CRITICAL - 2021-12-20 04:45:40 --> Undefined array key "filter"
#0 C:\Apache24\htdocs\QuickQuiz\app\Views\Coach\Pages\edit_question.php(31): CodeIgniter\Debug\Exceptions->errorHandler(2, 'Undefined array...', 'C:\\Apache24\\htd...', 31)
#1 C:\Apache24\htdocs\QuickQuiz\system\View\View.php(214): include('C:\\Apache24\\htd...')
#2 C:\Apache24\htdocs\QuickQuiz\system\View\View.php(217): CodeIgniter\View\View->CodeIgniter\View\{closure}()
#3 C:\Apache24\htdocs\QuickQuiz\system\Common.php(1097): CodeIgniter\View\View->render('Coach/Pages/edi...', Array, true)
#4 C:\Apache24\htdocs\QuickQuiz\app\Controllers\Coach\AddquestionController.php(46): view('Coach/Pages/edi...', Array)
#5 C:\Apache24\htdocs\QuickQuiz\system\CodeIgniter.php(824): App\Controllers\Coach\AddquestionController->editQuestion()
#6 C:\Apache24\htdocs\QuickQuiz\system\CodeIgniter.php(410): CodeIgniter\CodeIgniter->runController(Object(App\Controllers\Coach\AddquestionController))
#7 C:\Apache24\htdocs\QuickQuiz\system\CodeIgniter.php(318): CodeIgniter\CodeIgniter->handleRequest(NULL, Object(Config\Cache), false)
#8 C:\Apache24\htdocs\QuickQuiz\public\index.php(37): CodeIgniter\CodeIgniter->run()
#9 C:\Apache24\htdocs\QuickQuiz\system\Commands\Server\rewrite.php(43): require_once('C:\\Apache24\\htd...')
#10 {main}
CRITICAL - 2021-12-20 04:52:01 --> Undefined array key "ID"
#0 C:\Apache24\htdocs\QuickQuiz\app\Controllers\Coach\AddquestionController.php(47): CodeIgniter\Debug\Exceptions->errorHandler(2, 'Undefined array...', 'C:\\Apache24\\htd...', 47)
#1 C:\Apache24\htdocs\QuickQuiz\system\CodeIgniter.php(824): App\Controllers\Coach\AddquestionController->editQuestion()
#2 C:\Apache24\htdocs\QuickQuiz\system\CodeIgniter.php(410): CodeIgniter\CodeIgniter->runController(Object(App\Controllers\Coach\AddquestionController))
#3 C:\Apache24\htdocs\QuickQuiz\system\CodeIgniter.php(318): CodeIgniter\CodeIgniter->handleRequest(NULL, Object(Config\Cache), false)
#4 C:\Apache24\htdocs\QuickQuiz\public\index.php(37): CodeIgniter\CodeIgniter->run()
#5 C:\Apache24\htdocs\QuickQuiz\system\Commands\Server\rewrite.php(43): require_once('C:\\Apache24\\htd...')
#6 {main}
CRITICAL - 2021-12-20 04:53:15 --> Undefined array key "QuestionID"
#0 C:\Apache24\htdocs\QuickQuiz\app\Controllers\Student\QuizController.php(15): CodeIgniter\Debug\Exceptions->errorHandler(2, 'Undefined array...', 'C:\\Apache24\\htd...', 15)
#1 C:\Apache24\htdocs\QuickQuiz\system\CodeIgniter.php(824): App\Controllers\Student\QuizController->startQuiz()
#2 C:\Apache24\htdocs\QuickQuiz\system\CodeIgniter.php(410): CodeIgniter\CodeIgniter->runController(Object(App\Controllers\Student\QuizController))
#3 C:\Apache24\htdocs\QuickQuiz\system\CodeIgniter.php(318): CodeIgniter\CodeIgniter->handleRequest(NULL, Object(Config\Cache), false)
#4 C:\Apache24\htdocs\QuickQuiz\public\index.php(37): CodeIgniter\CodeIgniter->run()
#5 C:\Apache24\htdocs\QuickQuiz\system\Commands\Server\rewrite.php(43): require_once('C:\\Apache24\\htd...')
#6 {main}
CRITICAL - 2021-12-20 04:53:53 --> Undefined array key "QuestionID"
#0 C:\Apache24\htdocs\QuickQuiz\app\Controllers\Student\QuizController.php(15): CodeIgniter\Debug\Exceptions->errorHandler(2, 'Undefined array...', 'C:\\Apache24\\htd...', 15)
#1 C:\Apache24\htdocs\QuickQuiz\system\CodeIgniter.php(824): App\Controllers\Student\QuizController->startQuiz()
#2 C:\Apache24\htdocs\QuickQuiz\system\CodeIgniter.php(410): CodeIgniter\CodeIgniter->runController(Object(App\Controllers\Student\QuizController))
#3 C:\Apache24\htdocs\QuickQuiz\system\CodeIgniter.php(318): CodeIgniter\CodeIgniter->handleRequest(NULL, Object(Config\Cache), false)
#4 C:\Apache24\htdocs\QuickQuiz\public\index.php(37): CodeIgniter\CodeIgniter->run()
#5 C:\Apache24\htdocs\QuickQuiz\system\Commands\Server\rewrite.php(43): require_once('C:\\Apache24\\htd...')
#6 {main}
CRITICAL - 2021-12-20 04:53:56 --> Undefined array key "QuestionID"
#0 C:\Apache24\htdocs\QuickQuiz\app\Controllers\Student\QuizController.php(15): CodeIgniter\Debug\Exceptions->errorHandler(2, 'Undefined array...', 'C:\\Apache24\\htd...', 15)
#1 C:\Apache24\htdocs\QuickQuiz\system\CodeIgniter.php(824): App\Controllers\Student\QuizController->startQuiz()
#2 C:\Apache24\htdocs\QuickQuiz\system\CodeIgniter.php(410): CodeIgniter\CodeIgniter->runController(Object(App\Controllers\Student\QuizController))
#3 C:\Apache24\htdocs\QuickQuiz\system\CodeIgniter.php(318): CodeIgniter\CodeIgniter->handleRequest(NULL, Object(Config\Cache), false)
#4 C:\Apache24\htdocs\QuickQuiz\public\index.php(37): CodeIgniter\CodeIgniter->run()
#5 C:\Apache24\htdocs\QuickQuiz\system\Commands\Server\rewrite.php(43): require_once('C:\\Apache24\\htd...')
#6 {main}
CRITICAL - 2021-12-20 04:54:05 --> Array to string conversion
#0 C:\Apache24\htdocs\QuickQuiz\app\Controllers\Student\QuizController.php(15): CodeIgniter\Debug\Exceptions->errorHandler(2, 'Array to string...', 'C:\\Apache24\\htd...', 15)
#1 C:\Apache24\htdocs\QuickQuiz\system\CodeIgniter.php(824): App\Controllers\Student\QuizController->startQuiz()
#2 C:\Apache24\htdocs\QuickQuiz\system\CodeIgniter.php(410): CodeIgniter\CodeIgniter->runController(Object(App\Controllers\Student\QuizController))
#3 C:\Apache24\htdocs\QuickQuiz\system\CodeIgniter.php(318): CodeIgniter\CodeIgniter->handleRequest(NULL, Object(Config\Cache), false)
#4 C:\Apache24\htdocs\QuickQuiz\public\index.php(37): CodeIgniter\CodeIgniter->run()
#5 C:\Apache24\htdocs\QuickQuiz\system\Commands\Server\rewrite.php(43): require_once('C:\\Apache24\\htd...')
#6 {main}
CRITICAL - 2021-12-20 09:32:42 --> Undefined array key "ID"
#0 C:\Apache24\htdocs\QuickQuiz\app\Controllers\Coach\AddquestionController.php(47): CodeIgniter\Debug\Exceptions->errorHandler(2, 'Undefined array...', 'C:\\Apache24\\htd...', 47)
#1 C:\Apache24\htdocs\QuickQuiz\system\CodeIgniter.php(824): App\Controllers\Coach\AddquestionController->editQuestion()
#2 C:\Apache24\htdocs\QuickQuiz\system\CodeIgniter.php(410): CodeIgniter\CodeIgniter->runController(Object(App\Controllers\Coach\AddquestionController))
#3 C:\Apache24\htdocs\QuickQuiz\system\CodeIgniter.php(318): CodeIgniter\CodeIgniter->handleRequest(NULL, Object(Config\Cache), false)
#4 C:\Apache24\htdocs\QuickQuiz\public\index.php(37): CodeIgniter\CodeIgniter->run()
#5 C:\Apache24\htdocs\QuickQuiz\system\Commands\Server\rewrite.php(43): require_once('C:\\Apache24\\htd...')
#6 {main}
CRITICAL - 2021-12-20 09:33:31 --> Undefined array key "ID"
#0 C:\Apache24\htdocs\QuickQuiz\app\Controllers\Coach\AddquestionController.php(47): CodeIgniter\Debug\Exceptions->errorHandler(2, 'Undefined array...', 'C:\\Apache24\\htd...', 47)
#1 C:\Apache24\htdocs\QuickQuiz\system\CodeIgniter.php(824): App\Controllers\Coach\AddquestionController->editQuestion()
#2 C:\Apache24\htdocs\QuickQuiz\system\CodeIgniter.php(410): CodeIgniter\CodeIgniter->runController(Object(App\Controllers\Coach\AddquestionController))
#3 C:\Apache24\htdocs\QuickQuiz\system\CodeIgniter.php(318): CodeIgniter\CodeIgniter->handleRequest(NULL, Object(Config\Cache), false)
#4 C:\Apache24\htdocs\QuickQuiz\public\index.php(37): CodeIgniter\CodeIgniter->run()
#5 C:\Apache24\htdocs\QuickQuiz\system\Commands\Server\rewrite.php(43): require_once('C:\\Apache24\\htd...')
#6 {main}
CRITICAL - 2021-12-20 09:33:40 --> Array to string conversion
#0 C:\Apache24\htdocs\QuickQuiz\app\Controllers\Student\QuizController.php(15): CodeIgniter\Debug\Exceptions->errorHandler(2, 'Array to string...', 'C:\\Apache24\\htd...', 15)
#1 C:\Apache24\htdocs\QuickQuiz\system\CodeIgniter.php(824): App\Controllers\Student\QuizController->startQuiz()
#2 C:\Apache24\htdocs\QuickQuiz\system\CodeIgniter.php(410): CodeIgniter\CodeIgniter->runController(Object(App\Controllers\Student\QuizController))
#3 C:\Apache24\htdocs\QuickQuiz\system\CodeIgniter.php(318): CodeIgniter\CodeIgniter->handleRequest(NULL, Object(Config\Cache), false)
#4 C:\Apache24\htdocs\QuickQuiz\public\index.php(37): CodeIgniter\CodeIgniter->run()
#5 C:\Apache24\htdocs\QuickQuiz\system\Commands\Server\rewrite.php(43): require_once('C:\\Apache24\\htd...')
#6 {main}
CRITICAL - 2021-12-20 09:34:18 --> Undefined array key "QuestionID"
#0 C:\Apache24\htdocs\QuickQuiz\app\Controllers\Student\QuizController.php(15): CodeIgniter\Debug\Exceptions->errorHandler(2, 'Undefined array...', 'C:\\Apache24\\htd...', 15)
#1 C:\Apache24\htdocs\QuickQuiz\system\CodeIgniter.php(824): App\Controllers\Student\QuizController->startQuiz()
#2 C:\Apache24\htdocs\QuickQuiz\system\CodeIgniter.php(410): CodeIgniter\CodeIgniter->runController(Object(App\Controllers\Student\QuizController))
#3 C:\Apache24\htdocs\QuickQuiz\system\CodeIgniter.php(318): CodeIgniter\CodeIgniter->handleRequest(NULL, Object(Config\Cache), false)
#4 C:\Apache24\htdocs\QuickQuiz\public\index.php(37): CodeIgniter\CodeIgniter->run()
#5 C:\Apache24\htdocs\QuickQuiz\system\Commands\Server\rewrite.php(43): require_once('C:\\Apache24\\htd...')
#6 {main}
CRITICAL - 2021-12-20 09:41:56 --> Undefined array key "FilterData"
#0 C:\Apache24\htdocs\QuickQuiz\app\Views\Coach\Pages\edit_question.php(31): CodeIgniter\Debug\Exceptions->errorHandler(2, 'Undefined array...', 'C:\\Apache24\\htd...', 31)
#1 C:\Apache24\htdocs\QuickQuiz\system\View\View.php(214): include('C:\\Apache24\\htd...')
#2 C:\Apache24\htdocs\QuickQuiz\system\View\View.php(217): CodeIgniter\View\View->CodeIgniter\View\{closure}()
#3 C:\Apache24\htdocs\QuickQuiz\system\Common.php(1097): CodeIgniter\View\View->render('Coach/Pages/edi...', Array, true)
#4 C:\Apache24\htdocs\QuickQuiz\app\Controllers\Coach\AddquestionController.php(46): view('Coach/Pages/edi...', Array)
#5 C:\Apache24\htdocs\QuickQuiz\system\CodeIgniter.php(824): App\Controllers\Coach\AddquestionController->editQuestion()
#6 C:\Apache24\htdocs\QuickQuiz\system\CodeIgniter.php(410): CodeIgniter\CodeIgniter->runController(Object(App\Controllers\Coach\AddquestionController))
#7 C:\Apache24\htdocs\QuickQuiz\system\CodeIgniter.php(318): CodeIgniter\CodeIgniter->handleRequest(NULL, Object(Config\Cache), false)
#8 C:\Apache24\htdocs\QuickQuiz\public\index.php(37): CodeIgniter\CodeIgniter->run()
#9 C:\Apache24\htdocs\QuickQuiz\system\Commands\Server\rewrite.php(43): require_once('C:\\Apache24\\htd...')
#10 {main}
CRITICAL - 2021-12-20 09:48:37 --> Undefined array key "FilterData"
#0 C:\Apache24\htdocs\QuickQuiz\app\Views\Coach\Pages\edit_question.php(31): CodeIgniter\Debug\Exceptions->errorHandler(2, 'Undefined array...', 'C:\\Apache24\\htd...', 31)
#1 C:\Apache24\htdocs\QuickQuiz\system\View\View.php(214): include('C:\\Apache24\\htd...')
#2 C:\Apache24\htdocs\QuickQuiz\system\View\View.php(217): CodeIgniter\View\View->CodeIgniter\View\{closure}()
#3 C:\Apache24\htdocs\QuickQuiz\system\Common.php(1097): CodeIgniter\View\View->render('Coach/Pages/edi...', Array, true)
#4 C:\Apache24\htdocs\QuickQuiz\app\Controllers\Coach\AddquestionController.php(48): view('Coach/Pages/edi...', Array)
#5 C:\Apache24\htdocs\QuickQuiz\system\CodeIgniter.php(824): App\Controllers\Coach\AddquestionController->editQuestion()
#6 C:\Apache24\htdocs\QuickQuiz\system\CodeIgniter.php(410): CodeIgniter\CodeIgniter->runController(Object(App\Controllers\Coach\AddquestionController))
#7 C:\Apache24\htdocs\QuickQuiz\system\CodeIgniter.php(318): CodeIgniter\CodeIgniter->handleRequest(NULL, Object(Config\Cache), false)
#8 C:\Apache24\htdocs\QuickQuiz\public\index.php(37): CodeIgniter\CodeIgniter->run()
#9 C:\Apache24\htdocs\QuickQuiz\system\Commands\Server\rewrite.php(43): require_once('C:\\Apache24\\htd...')
#10 {main}
CRITICAL - 2021-12-20 09:51:15 --> Undefined array key "ID"
#0 C:\Apache24\htdocs\QuickQuiz\app\Views\Coach\Pages\edit_question.php(26): CodeIgniter\Debug\Exceptions->errorHandler(2, 'Undefined array...', 'C:\\Apache24\\htd...', 26)
#1 C:\Apache24\htdocs\QuickQuiz\system\View\View.php(214): include('C:\\Apache24\\htd...')
#2 C:\Apache24\htdocs\QuickQuiz\system\View\View.php(217): CodeIgniter\View\View->CodeIgniter\View\{closure}()
#3 C:\Apache24\htdocs\QuickQuiz\system\Common.php(1097): CodeIgniter\View\View->render('Coach/Pages/edi...', Array, true)
#4 C:\Apache24\htdocs\QuickQuiz\app\Controllers\Coach\AddquestionController.php(48): view('Coach/Pages/edi...', Array)
#5 C:\Apache24\htdocs\QuickQuiz\system\CodeIgniter.php(824): App\Controllers\Coach\AddquestionController->editQuestion()
#6 C:\Apache24\htdocs\QuickQuiz\system\CodeIgniter.php(410): CodeIgniter\CodeIgniter->runController(Object(App\Controllers\Coach\AddquestionController))
#7 C:\Apache24\htdocs\QuickQuiz\system\CodeIgniter.php(318): CodeIgniter\CodeIgniter->handleRequest(NULL, Object(Config\Cache), false)
#8 C:\Apache24\htdocs\QuickQuiz\public\index.php(37): CodeIgniter\CodeIgniter->run()
#9 C:\Apache24\htdocs\QuickQuiz\system\Commands\Server\rewrite.php(43): require_once('C:\\Apache24\\htd...')
#10 {main}
CRITICAL - 2021-12-20 10:00:40 --> Call to a member function num_rows() on array
#0 C:\Apache24\htdocs\QuickQuiz\system\View\View.php(214): include()
#1 C:\Apache24\htdocs\QuickQuiz\system\View\View.php(217): CodeIgniter\View\View->CodeIgniter\View\{closure}()
#2 C:\Apache24\htdocs\QuickQuiz\system\Common.php(1097): CodeIgniter\View\View->render('Coach/Pages/edi...', Array, true)
#3 C:\Apache24\htdocs\QuickQuiz\app\Controllers\Coach\AddquestionController.php(48): view('Coach/Pages/edi...', Array)
#4 C:\Apache24\htdocs\QuickQuiz\system\CodeIgniter.php(824): App\Controllers\Coach\AddquestionController->editQuestion()
#5 C:\Apache24\htdocs\QuickQuiz\system\CodeIgniter.php(410): CodeIgniter\CodeIgniter->runController(Object(App\Controllers\Coach\AddquestionController))
#6 C:\Apache24\htdocs\QuickQuiz\system\CodeIgniter.php(318): CodeIgniter\CodeIgniter->handleRequest(NULL, Object(Config\Cache), false)
#7 C:\Apache24\htdocs\QuickQuiz\public\index.php(37): CodeIgniter\CodeIgniter->run()
#8 C:\Apache24\htdocs\QuickQuiz\system\Commands\Server\rewrite.php(43): require_once('C:\\Apache24\\htd...')
#9 {main}
CRITICAL - 2021-12-20 10:08:15 --> Call to a member function num_rows() on array
#0 C:\Apache24\htdocs\QuickQuiz\system\View\View.php(214): include()
#1 C:\Apache24\htdocs\QuickQuiz\system\View\View.php(217): CodeIgniter\View\View->CodeIgniter\View\{closure}()
#2 C:\Apache24\htdocs\QuickQuiz\system\Common.php(1097): CodeIgniter\View\View->render('Coach/Pages/edi...', Array, true)
#3 C:\Apache24\htdocs\QuickQuiz\app\Controllers\Coach\AddquestionController.php(48): view('Coach/Pages/edi...', Array)
#4 C:\Apache24\htdocs\QuickQuiz\system\CodeIgniter.php(824): App\Controllers\Coach\AddquestionController->editQuestion()
#5 C:\Apache24\htdocs\QuickQuiz\system\CodeIgniter.php(410): CodeIgniter\CodeIgniter->runController(Object(App\Controllers\Coach\AddquestionController))
#6 C:\Apache24\htdocs\QuickQuiz\system\CodeIgniter.php(318): CodeIgniter\CodeIgniter->handleRequest(NULL, Object(Config\Cache), false)
#7 C:\Apache24\htdocs\QuickQuiz\public\index.php(37): CodeIgniter\CodeIgniter->run()
#8 C:\Apache24\htdocs\QuickQuiz\system\Commands\Server\rewrite.php(43): require_once('C:\\Apache24\\htd...')
#9 {main}
CRITICAL - 2021-12-20 10:08:16 --> Call to a member function num_rows() on array
#0 C:\Apache24\htdocs\QuickQuiz\system\View\View.php(214): include()
#1 C:\Apache24\htdocs\QuickQuiz\system\View\View.php(217): CodeIgniter\View\View->CodeIgniter\View\{closure}()
#2 C:\Apache24\htdocs\QuickQuiz\system\Common.php(1097): CodeIgniter\View\View->render('Coach/Pages/edi...', Array, true)
#3 C:\Apache24\htdocs\QuickQuiz\app\Controllers\Coach\AddquestionController.php(48): view('Coach/Pages/edi...', Array)
#4 C:\Apache24\htdocs\QuickQuiz\system\CodeIgniter.php(824): App\Controllers\Coach\AddquestionController->editQuestion()
#5 C:\Apache24\htdocs\QuickQuiz\system\CodeIgniter.php(410): CodeIgniter\CodeIgniter->runController(Object(App\Controllers\Coach\AddquestionController))
#6 C:\Apache24\htdocs\QuickQuiz\system\CodeIgniter.php(318): CodeIgniter\CodeIgniter->handleRequest(NULL, Object(Config\Cache), false)
#7 C:\Apache24\htdocs\QuickQuiz\public\index.php(37): CodeIgniter\CodeIgniter->run()
#8 C:\Apache24\htdocs\QuickQuiz\system\Commands\Server\rewrite.php(43): require_once('C:\\Apache24\\htd...')
#9 {main}
CRITICAL - 2021-12-20 10:08:17 --> Call to a member function num_rows() on array
#0 C:\Apache24\htdocs\QuickQuiz\system\View\View.php(214): include()
#1 C:\Apache24\htdocs\QuickQuiz\system\View\View.php(217): CodeIgniter\View\View->CodeIgniter\View\{closure}()
#2 C:\Apache24\htdocs\QuickQuiz\system\Common.php(1097): CodeIgniter\View\View->render('Coach/Pages/edi...', Array, true)
#3 C:\Apache24\htdocs\QuickQuiz\app\Controllers\Coach\AddquestionController.php(48): view('Coach/Pages/edi...', Array)
#4 C:\Apache24\htdocs\QuickQuiz\system\CodeIgniter.php(824): App\Controllers\Coach\AddquestionController->editQuestion()
#5 C:\Apache24\htdocs\QuickQuiz\system\CodeIgniter.php(410): CodeIgniter\CodeIgniter->runController(Object(App\Controllers\Coach\AddquestionController))
#6 C:\Apache24\htdocs\QuickQuiz\system\CodeIgniter.php(318): CodeIgniter\CodeIgniter->handleRequest(NULL, Object(Config\Cache), false)
#7 C:\Apache24\htdocs\QuickQuiz\public\index.php(37): CodeIgniter\CodeIgniter->run()
#8 C:\Apache24\htdocs\QuickQuiz\system\Commands\Server\rewrite.php(43): require_once('C:\\Apache24\\htd...')
#9 {main}
CRITICAL - 2021-12-20 10:08:48 --> Undefined array key "ID"
#0 C:\Apache24\htdocs\QuickQuiz\app\Views\Coach\Pages\edit_question.php(27): CodeIgniter\Debug\Exceptions->errorHandler(2, 'Undefined array...', 'C:\\Apache24\\htd...', 27)
#1 C:\Apache24\htdocs\QuickQuiz\system\View\View.php(214): include('C:\\Apache24\\htd...')
#2 C:\Apache24\htdocs\QuickQuiz\system\View\View.php(217): CodeIgniter\View\View->CodeIgniter\View\{closure}()
#3 C:\Apache24\htdocs\QuickQuiz\system\Common.php(1097): CodeIgniter\View\View->render('Coach/Pages/edi...', Array, true)
#4 C:\Apache24\htdocs\QuickQuiz\app\Controllers\Coach\AddquestionController.php(48): view('Coach/Pages/edi...', Array)
#5 C:\Apache24\htdocs\QuickQuiz\system\CodeIgniter.php(824): App\Controllers\Coach\AddquestionController->editQuestion()
#6 C:\Apache24\htdocs\QuickQuiz\system\CodeIgniter.php(410): CodeIgniter\CodeIgniter->runController(Object(App\Controllers\Coach\AddquestionController))
#7 C:\Apache24\htdocs\QuickQuiz\system\CodeIgniter.php(318): CodeIgniter\CodeIgniter->handleRequest(NULL, Object(Config\Cache), false)
#8 C:\Apache24\htdocs\QuickQuiz\public\index.php(37): CodeIgniter\CodeIgniter->run()
#9 C:\Apache24\htdocs\QuickQuiz\system\Commands\Server\rewrite.php(43): require_once('C:\\Apache24\\htd...')
#10 {main}
CRITICAL - 2021-12-20 10:10:15 --> Undefined array key "ID"
#0 C:\Apache24\htdocs\QuickQuiz\app\Views\Coach\Pages\edit_question.php(27): CodeIgniter\Debug\Exceptions->errorHandler(2, 'Undefined array...', 'C:\\Apache24\\htd...', 27)
#1 C:\Apache24\htdocs\QuickQuiz\system\View\View.php(214): include('C:\\Apache24\\htd...')
#2 C:\Apache24\htdocs\QuickQuiz\system\View\View.php(217): CodeIgniter\View\View->CodeIgniter\View\{closure}()
#3 C:\Apache24\htdocs\QuickQuiz\system\Common.php(1097): CodeIgniter\View\View->render('Coach/Pages/edi...', Array, true)
#4 C:\Apache24\htdocs\QuickQuiz\app\Controllers\Coach\AddquestionController.php(48): view('Coach/Pages/edi...', Array)
#5 C:\Apache24\htdocs\QuickQuiz\system\CodeIgniter.php(824): App\Controllers\Coach\AddquestionController->editQuestion()
#6 C:\Apache24\htdocs\QuickQuiz\system\CodeIgniter.php(410): CodeIgniter\CodeIgniter->runController(Object(App\Controllers\Coach\AddquestionController))
#7 C:\Apache24\htdocs\QuickQuiz\system\CodeIgniter.php(318): CodeIgniter\CodeIgniter->handleRequest(NULL, Object(Config\Cache), false)
#8 C:\Apache24\htdocs\QuickQuiz\public\index.php(37): CodeIgniter\CodeIgniter->run()
#9 C:\Apache24\htdocs\QuickQuiz\system\Commands\Server\rewrite.php(43): require_once('C:\\Apache24\\htd...')
#10 {main}
CRITICAL - 2021-12-20 10:10:27 --> Undefined array key "ID"
#0 C:\Apache24\htdocs\QuickQuiz\app\Views\Coach\Pages\edit_question.php(27): CodeIgniter\Debug\Exceptions->errorHandler(2, 'Undefined array...', 'C:\\Apache24\\htd...', 27)
#1 C:\Apache24\htdocs\QuickQuiz\system\View\View.php(214): include('C:\\Apache24\\htd...')
#2 C:\Apache24\htdocs\QuickQuiz\system\View\View.php(217): CodeIgniter\View\View->CodeIgniter\View\{closure}()
#3 C:\Apache24\htdocs\QuickQuiz\system\Common.php(1097): CodeIgniter\View\View->render('Coach/Pages/edi...', Array, true)
#4 C:\Apache24\htdocs\QuickQuiz\app\Controllers\Coach\AddquestionController.php(48): view('Coach/Pages/edi...', Array)
#5 C:\Apache24\htdocs\QuickQuiz\system\CodeIgniter.php(824): App\Controllers\Coach\AddquestionController->editQuestion()
#6 C:\Apache24\htdocs\QuickQuiz\system\CodeIgniter.php(410): CodeIgniter\CodeIgniter->runController(Object(App\Controllers\Coach\AddquestionController))
#7 C:\Apache24\htdocs\QuickQuiz\system\CodeIgniter.php(318): CodeIgniter\CodeIgniter->handleRequest(NULL, Object(Config\Cache), false)
#8 C:\Apache24\htdocs\QuickQuiz\public\index.php(37): CodeIgniter\CodeIgniter->run()
#9 C:\Apache24\htdocs\QuickQuiz\system\Commands\Server\rewrite.php(43): require_once('C:\\Apache24\\htd...')
#10 {main}
CRITICAL - 2021-12-20 10:10:32 --> Undefined array key "ID"
#0 C:\Apache24\htdocs\QuickQuiz\app\Views\Coach\Pages\edit_question.php(27): CodeIgniter\Debug\Exceptions->errorHandler(2, 'Undefined array...', 'C:\\Apache24\\htd...', 27)
#1 C:\Apache24\htdocs\QuickQuiz\system\View\View.php(214): include('C:\\Apache24\\htd...')
#2 C:\Apache24\htdocs\QuickQuiz\system\View\View.php(217): CodeIgniter\View\View->CodeIgniter\View\{closure}()
#3 C:\Apache24\htdocs\QuickQuiz\system\Common.php(1097): CodeIgniter\View\View->render('Coach/Pages/edi...', Array, true)
#4 C:\Apache24\htdocs\QuickQuiz\app\Controllers\Coach\AddquestionController.php(48): view('Coach/Pages/edi...', Array)
#5 C:\Apache24\htdocs\QuickQuiz\system\CodeIgniter.php(824): App\Controllers\Coach\AddquestionController->editQuestion()
#6 C:\Apache24\htdocs\QuickQuiz\system\CodeIgniter.php(410): CodeIgniter\CodeIgniter->runController(Object(App\Controllers\Coach\AddquestionController))
#7 C:\Apache24\htdocs\QuickQuiz\system\CodeIgniter.php(318): CodeIgniter\CodeIgniter->handleRequest(NULL, Object(Config\Cache), false)
#8 C:\Apache24\htdocs\QuickQuiz\public\index.php(37): CodeIgniter\CodeIgniter->run()
#9 C:\Apache24\htdocs\QuickQuiz\system\Commands\Server\rewrite.php(43): require_once('C:\\Apache24\\htd...')
#10 {main}
CRITICAL - 2021-12-20 10:11:24 --> Undefined array key "ID"
#0 C:\Apache24\htdocs\QuickQuiz\app\Views\Coach\Pages\edit_question.php(27): CodeIgniter\Debug\Exceptions->errorHandler(2, 'Undefined array...', 'C:\\Apache24\\htd...', 27)
#1 C:\Apache24\htdocs\QuickQuiz\system\View\View.php(214): include('C:\\Apache24\\htd...')
#2 C:\Apache24\htdocs\QuickQuiz\system\View\View.php(217): CodeIgniter\View\View->CodeIgniter\View\{closure}()
#3 C:\Apache24\htdocs\QuickQuiz\system\Common.php(1097): CodeIgniter\View\View->render('Coach/Pages/edi...', Array, true)
#4 C:\Apache24\htdocs\QuickQuiz\app\Controllers\Coach\AddquestionController.php(48): view('Coach/Pages/edi...', Array)
#5 C:\Apache24\htdocs\QuickQuiz\system\CodeIgniter.php(824): App\Controllers\Coach\AddquestionController->editQuestion()
#6 C:\Apache24\htdocs\QuickQuiz\system\CodeIgniter.php(410): CodeIgniter\CodeIgniter->runController(Object(App\Controllers\Coach\AddquestionController))
#7 C:\Apache24\htdocs\QuickQuiz\system\CodeIgniter.php(318): CodeIgniter\CodeIgniter->handleRequest(NULL, Object(Config\Cache), false)
#8 C:\Apache24\htdocs\QuickQuiz\public\index.php(37): CodeIgniter\CodeIgniter->run()
#9 C:\Apache24\htdocs\QuickQuiz\system\Commands\Server\rewrite.php(43): require_once('C:\\Apache24\\htd...')
#10 {main}
CRITICAL - 2021-12-20 10:11:29 --> Undefined array key "ID"
#0 C:\Apache24\htdocs\QuickQuiz\app\Views\Coach\Pages\edit_question.php(27): CodeIgniter\Debug\Exceptions->errorHandler(2, 'Undefined array...', 'C:\\Apache24\\htd...', 27)
#1 C:\Apache24\htdocs\QuickQuiz\system\View\View.php(214): include('C:\\Apache24\\htd...')
#2 C:\Apache24\htdocs\QuickQuiz\system\View\View.php(217): CodeIgniter\View\View->CodeIgniter\View\{closure}()
#3 C:\Apache24\htdocs\QuickQuiz\system\Common.php(1097): CodeIgniter\View\View->render('Coach/Pages/edi...', Array, true)
#4 C:\Apache24\htdocs\QuickQuiz\app\Controllers\Coach\AddquestionController.php(48): view('Coach/Pages/edi...', Array)
#5 C:\Apache24\htdocs\QuickQuiz\system\CodeIgniter.php(824): App\Controllers\Coach\AddquestionController->editQuestion()
#6 C:\Apache24\htdocs\QuickQuiz\system\CodeIgniter.php(410): CodeIgniter\CodeIgniter->runController(Object(App\Controllers\Coach\AddquestionController))
#7 C:\Apache24\htdocs\QuickQuiz\system\CodeIgniter.php(318): CodeIgniter\CodeIgniter->handleRequest(NULL, Object(Config\Cache), false)
#8 C:\Apache24\htdocs\QuickQuiz\public\index.php(37): CodeIgniter\CodeIgniter->run()
#9 C:\Apache24\htdocs\QuickQuiz\system\Commands\Server\rewrite.php(43): require_once('C:\\Apache24\\htd...')
#10 {main}
CRITICAL - 2021-12-20 10:12:33 --> Undefined array key "QuestionID"
#0 C:\Apache24\htdocs\QuickQuiz\app\Views\Coach\Pages\edit_question.php(27): CodeIgniter\Debug\Exceptions->errorHandler(2, 'Undefined array...', 'C:\\Apache24\\htd...', 27)
#1 C:\Apache24\htdocs\QuickQuiz\system\View\View.php(214): include('C:\\Apache24\\htd...')
#2 C:\Apache24\htdocs\QuickQuiz\system\View\View.php(217): CodeIgniter\View\View->CodeIgniter\View\{closure}()
#3 C:\Apache24\htdocs\QuickQuiz\system\Common.php(1097): CodeIgniter\View\View->render('Coach/Pages/edi...', Array, true)
#4 C:\Apache24\htdocs\QuickQuiz\app\Controllers\Coach\AddquestionController.php(48): view('Coach/Pages/edi...', Array)
#5 C:\Apache24\htdocs\QuickQuiz\system\CodeIgniter.php(824): App\Controllers\Coach\AddquestionController->editQuestion()
#6 C:\Apache24\htdocs\QuickQuiz\system\CodeIgniter.php(410): CodeIgniter\CodeIgniter->runController(Object(App\Controllers\Coach\AddquestionController))
#7 C:\Apache24\htdocs\QuickQuiz\system\CodeIgniter.php(318): CodeIgniter\CodeIgniter->handleRequest(NULL, Object(Config\Cache), false)
#8 C:\Apache24\htdocs\QuickQuiz\public\index.php(37): CodeIgniter\CodeIgniter->run()
#9 C:\Apache24\htdocs\QuickQuiz\system\Commands\Server\rewrite.php(43): require_once('C:\\Apache24\\htd...')
#10 {main}
CRITICAL - 2021-12-20 10:12:38 --> Undefined array key "QuestionID"
#0 C:\Apache24\htdocs\QuickQuiz\app\Views\Coach\Pages\edit_question.php(27): CodeIgniter\Debug\Exceptions->errorHandler(2, 'Undefined array...', 'C:\\Apache24\\htd...', 27)
#1 C:\Apache24\htdocs\QuickQuiz\system\View\View.php(214): include('C:\\Apache24\\htd...')
#2 C:\Apache24\htdocs\QuickQuiz\system\View\View.php(217): CodeIgniter\View\View->CodeIgniter\View\{closure}()
#3 C:\Apache24\htdocs\QuickQuiz\system\Common.php(1097): CodeIgniter\View\View->render('Coach/Pages/edi...', Array, true)
#4 C:\Apache24\htdocs\QuickQuiz\app\Controllers\Coach\AddquestionController.php(48): view('Coach/Pages/edi...', Array)
#5 C:\Apache24\htdocs\QuickQuiz\system\CodeIgniter.php(824): App\Controllers\Coach\AddquestionController->editQuestion()
#6 C:\Apache24\htdocs\QuickQuiz\system\CodeIgniter.php(410): CodeIgniter\CodeIgniter->runController(Object(App\Controllers\Coach\AddquestionController))
#7 C:\Apache24\htdocs\QuickQuiz\system\CodeIgniter.php(318): CodeIgniter\CodeIgniter->handleRequest(NULL, Object(Config\Cache), false)
#8 C:\Apache24\htdocs\QuickQuiz\public\index.php(37): CodeIgniter\CodeIgniter->run()
#9 C:\Apache24\htdocs\QuickQuiz\system\Commands\Server\rewrite.php(43): require_once('C:\\Apache24\\htd...')
#10 {main}
CRITICAL - 2021-12-20 10:32:31 --> Undefined array key "subject"
#0 C:\Apache24\htdocs\QuickQuiz\app\Views\Coach\Pages\edit_question.php(27): CodeIgniter\Debug\Exceptions->errorHandler(2, 'Undefined array...', 'C:\\Apache24\\htd...', 27)
#1 C:\Apache24\htdocs\QuickQuiz\system\View\View.php(214): include('C:\\Apache24\\htd...')
#2 C:\Apache24\htdocs\QuickQuiz\system\View\View.php(217): CodeIgniter\View\View->CodeIgniter\View\{closure}()
#3 C:\Apache24\htdocs\QuickQuiz\system\Common.php(1097): CodeIgniter\View\View->render('Coach/Pages/edi...', Array, true)
#4 C:\Apache24\htdocs\QuickQuiz\app\Controllers\Coach\AddquestionController.php(50): view('Coach/Pages/edi...', Array)
#5 C:\Apache24\htdocs\QuickQuiz\system\CodeIgniter.php(824): App\Controllers\Coach\AddquestionController->editQuestion()
#6 C:\Apache24\htdocs\QuickQuiz\system\CodeIgniter.php(410): CodeIgniter\CodeIgniter->runController(Object(App\Controllers\Coach\AddquestionController))
#7 C:\Apache24\htdocs\QuickQuiz\system\CodeIgniter.php(318): CodeIgniter\CodeIgniter->handleRequest(NULL, Object(Config\Cache), false)
#8 C:\Apache24\htdocs\QuickQuiz\public\index.php(37): CodeIgniter\CodeIgniter->run()
#9 C:\Apache24\htdocs\QuickQuiz\system\Commands\Server\rewrite.php(43): require_once('C:\\Apache24\\htd...')
#10 {main}
CRITICAL - 2021-12-20 10:35:27 --> Undefined array key "subject"
#0 C:\Apache24\htdocs\QuickQuiz\app\Views\Coach\Pages\edit_question.php(27): CodeIgniter\Debug\Exceptions->errorHandler(2, 'Undefined array...', 'C:\\Apache24\\htd...', 27)
#1 C:\Apache24\htdocs\QuickQuiz\system\View\View.php(214): include('C:\\Apache24\\htd...')
#2 C:\Apache24\htdocs\QuickQuiz\system\View\View.php(217): CodeIgniter\View\View->CodeIgniter\View\{closure}()
#3 C:\Apache24\htdocs\QuickQuiz\system\Common.php(1097): CodeIgniter\View\View->render('Coach/Pages/edi...', Array, true)
#4 C:\Apache24\htdocs\QuickQuiz\app\Controllers\Coach\AddquestionController.php(50): view('Coach/Pages/edi...', Array)
#5 C:\Apache24\htdocs\QuickQuiz\system\CodeIgniter.php(824): App\Controllers\Coach\AddquestionController->editQuestion()
#6 C:\Apache24\htdocs\QuickQuiz\system\CodeIgniter.php(410): CodeIgniter\CodeIgniter->runController(Object(App\Controllers\Coach\AddquestionController))
#7 C:\Apache24\htdocs\QuickQuiz\system\CodeIgniter.php(318): CodeIgniter\CodeIgniter->handleRequest(NULL, Object(Config\Cache), false)
#8 C:\Apache24\htdocs\QuickQuiz\public\index.php(37): CodeIgniter\CodeIgniter->run()
#9 C:\Apache24\htdocs\QuickQuiz\system\Commands\Server\rewrite.php(43): require_once('C:\\Apache24\\htd...')
#10 {main}
CRITICAL - 2021-12-20 10:41:57 --> Undefined array key "subject"
#0 C:\Apache24\htdocs\QuickQuiz\app\Views\welcome_message.php(234): CodeIgniter\Debug\Exceptions->errorHandler(2, 'Undefined array...', 'C:\\Apache24\\htd...', 234)
#1 C:\Apache24\htdocs\QuickQuiz\system\View\View.php(214): include('C:\\Apache24\\htd...')
#2 C:\Apache24\htdocs\QuickQuiz\system\View\View.php(217): CodeIgniter\View\View->CodeIgniter\View\{closure}()
#3 C:\Apache24\htdocs\QuickQuiz\system\Common.php(1097): CodeIgniter\View\View->render('welcome_message', Array, true)
#4 C:\Apache24\htdocs\QuickQuiz\app\Controllers\Coach\AddquestionController.php(50): view('welcome_message', Array)
#5 C:\Apache24\htdocs\QuickQuiz\system\CodeIgniter.php(824): App\Controllers\Coach\AddquestionController->editQuestion()
#6 C:\Apache24\htdocs\QuickQuiz\system\CodeIgniter.php(410): CodeIgniter\CodeIgniter->runController(Object(App\Controllers\Coach\AddquestionController))
#7 C:\Apache24\htdocs\QuickQuiz\system\CodeIgniter.php(318): CodeIgniter\CodeIgniter->handleRequest(NULL, Object(Config\Cache), false)
#8 C:\Apache24\htdocs\QuickQuiz\public\index.php(37): CodeIgniter\CodeIgniter->run()
#9 C:\Apache24\htdocs\QuickQuiz\system\Commands\Server\rewrite.php(43): require_once('C:\\Apache24\\htd...')
#10 {main}
CRITICAL - 2021-12-20 10:42:24 --> Undefined variable $subjects
#0 C:\Apache24\htdocs\QuickQuiz\app\Views\welcome_message.php(234): CodeIgniter\Debug\Exceptions->errorHandler(2, 'Undefined varia...', 'C:\\Apache24\\htd...', 234)
#1 C:\Apache24\htdocs\QuickQuiz\system\View\View.php(214): include('C:\\Apache24\\htd...')
#2 C:\Apache24\htdocs\QuickQuiz\system\View\View.php(217): CodeIgniter\View\View->CodeIgniter\View\{closure}()
#3 C:\Apache24\htdocs\QuickQuiz\system\Common.php(1097): CodeIgniter\View\View->render('welcome_message', Array, true)
#4 C:\Apache24\htdocs\QuickQuiz\app\Controllers\Coach\AddquestionController.php(50): view('welcome_message')
#5 C:\Apache24\htdocs\QuickQuiz\system\CodeIgniter.php(824): App\Controllers\Coach\AddquestionController->editQuestion()
#6 C:\Apache24\htdocs\QuickQuiz\system\CodeIgniter.php(410): CodeIgniter\CodeIgniter->runController(Object(App\Controllers\Coach\AddquestionController))
#7 C:\Apache24\htdocs\QuickQuiz\system\CodeIgniter.php(318): CodeIgniter\CodeIgniter->handleRequest(NULL, Object(Config\Cache), false)
#8 C:\Apache24\htdocs\QuickQuiz\public\index.php(37): CodeIgniter\CodeIgniter->run()
#9 C:\Apache24\htdocs\QuickQuiz\system\Commands\Server\rewrite.php(43): require_once('C:\\Apache24\\htd...')
#10 {main}
CRITICAL - 2021-12-20 10:51:52 --> Undefined array key "id"
#0 C:\Apache24\htdocs\QuickQuiz\app\Views\welcome_message.php(235): CodeIgniter\Debug\Exceptions->errorHandler(2, 'Undefined array...', 'C:\\Apache24\\htd...', 235)
#1 C:\Apache24\htdocs\QuickQuiz\system\View\View.php(214): include('C:\\Apache24\\htd...')
#2 C:\Apache24\htdocs\QuickQuiz\system\View\View.php(217): CodeIgniter\View\View->CodeIgniter\View\{closure}()
#3 C:\Apache24\htdocs\QuickQuiz\system\Common.php(1097): CodeIgniter\View\View->render('welcome_message', Array, true)
#4 C:\Apache24\htdocs\QuickQuiz\app\Controllers\Coach\AddquestionController.php(48): view('welcome_message', Array)
#5 C:\Apache24\htdocs\QuickQuiz\system\CodeIgniter.php(824): App\Controllers\Coach\AddquestionController->editQuestion()
#6 C:\Apache24\htdocs\QuickQuiz\system\CodeIgniter.php(410): CodeIgniter\CodeIgniter->runController(Object(App\Controllers\Coach\AddquestionController))
#7 C:\Apache24\htdocs\QuickQuiz\system\CodeIgniter.php(318): CodeIgniter\CodeIgniter->handleRequest(NULL, Object(Config\Cache), false)
#8 C:\Apache24\htdocs\QuickQuiz\public\index.php(37): CodeIgniter\CodeIgniter->run()
#9 C:\Apache24\htdocs\QuickQuiz\system\Commands\Server\rewrite.php(43): require_once('C:\\Apache24\\htd...')
#10 {main}
CRITICAL - 2021-12-20 10:52:46 --> Undefined array key "id"
#0 C:\Apache24\htdocs\QuickQuiz\app\Views\welcome_message.php(235): CodeIgniter\Debug\Exceptions->errorHandler(2, 'Undefined array...', 'C:\\Apache24\\htd...', 235)
#1 C:\Apache24\htdocs\QuickQuiz\system\View\View.php(214): include('C:\\Apache24\\htd...')
#2 C:\Apache24\htdocs\QuickQuiz\system\View\View.php(217): CodeIgniter\View\View->CodeIgniter\View\{closure}()
#3 C:\Apache24\htdocs\QuickQuiz\system\Common.php(1097): CodeIgniter\View\View->render('welcome_message', Array, true)
#4 C:\Apache24\htdocs\QuickQuiz\app\Controllers\Coach\AddquestionController.php(49): view('welcome_message', Array)
#5 C:\Apache24\htdocs\QuickQuiz\system\CodeIgniter.php(824): App\Controllers\Coach\AddquestionController->editQuestion()
#6 C:\Apache24\htdocs\QuickQuiz\system\CodeIgniter.php(410): CodeIgniter\CodeIgniter->runController(Object(App\Controllers\Coach\AddquestionController))
#7 C:\Apache24\htdocs\QuickQuiz\system\CodeIgniter.php(318): CodeIgniter\CodeIgniter->handleRequest(NULL, Object(Config\Cache), false)
#8 C:\Apache24\htdocs\QuickQuiz\public\index.php(37): CodeIgniter\CodeIgniter->run()
#9 C:\Apache24\htdocs\QuickQuiz\system\Commands\Server\rewrite.php(43): require_once('C:\\Apache24\\htd...')
#10 {main}
CRITICAL - 2021-12-20 10:53:26 --> Undefined array key "id"
#0 C:\Apache24\htdocs\QuickQuiz\app\Views\welcome_message.php(235): CodeIgniter\Debug\Exceptions->errorHandler(2, 'Undefined array...', 'C:\\Apache24\\htd...', 235)
#1 C:\Apache24\htdocs\QuickQuiz\system\View\View.php(214): include('C:\\Apache24\\htd...')
#2 C:\Apache24\htdocs\QuickQuiz\system\View\View.php(217): CodeIgniter\View\View->CodeIgniter\View\{closure}()
#3 C:\Apache24\htdocs\QuickQuiz\system\Common.php(1097): CodeIgniter\View\View->render('welcome_message', Array, true)
#4 C:\Apache24\htdocs\QuickQuiz\app\Controllers\Coach\AddquestionController.php(49): view('welcome_message', Array)
#5 C:\Apache24\htdocs\QuickQuiz\system\CodeIgniter.php(824): App\Controllers\Coach\AddquestionController->editQuestion()
#6 C:\Apache24\htdocs\QuickQuiz\system\CodeIgniter.php(410): CodeIgniter\CodeIgniter->runController(Object(App\Controllers\Coach\AddquestionController))
#7 C:\Apache24\htdocs\QuickQuiz\system\CodeIgniter.php(318): CodeIgniter\CodeIgniter->handleRequest(NULL, Object(Config\Cache), false)
#8 C:\Apache24\htdocs\QuickQuiz\public\index.php(37): CodeIgniter\CodeIgniter->run()
#9 C:\Apache24\htdocs\QuickQuiz\system\Commands\Server\rewrite.php(43): require_once('C:\\Apache24\\htd...')
#10 {main}
CRITICAL - 2021-12-20 11:02:08 --> Undefined array key "a"
#0 C:\Apache24\htdocs\QuickQuiz\app\Views\welcome_message.php(238): CodeIgniter\Debug\Exceptions->errorHandler(2, 'Undefined array...', 'C:\\Apache24\\htd...', 238)
#1 C:\Apache24\htdocs\QuickQuiz\system\View\View.php(214): include('C:\\Apache24\\htd...')
#2 C:\Apache24\htdocs\QuickQuiz\system\View\View.php(217): CodeIgniter\View\View->CodeIgniter\View\{closure}()
#3 C:\Apache24\htdocs\QuickQuiz\system\Common.php(1097): CodeIgniter\View\View->render('welcome_message', Array, true)
#4 C:\Apache24\htdocs\QuickQuiz\app\Controllers\Coach\AddquestionController.php(49): view('welcome_message', Array)
#5 C:\Apache24\htdocs\QuickQuiz\system\CodeIgniter.php(824): App\Controllers\Coach\AddquestionController->editQuestion()
#6 C:\Apache24\htdocs\QuickQuiz\system\CodeIgniter.php(410): CodeIgniter\CodeIgniter->runController(Object(App\Controllers\Coach\AddquestionController))
#7 C:\Apache24\htdocs\QuickQuiz\system\CodeIgniter.php(318): CodeIgniter\CodeIgniter->handleRequest(NULL, Object(Config\Cache), false)
#8 C:\Apache24\htdocs\QuickQuiz\public\index.php(37): CodeIgniter\CodeIgniter->run()
#9 C:\Apache24\htdocs\QuickQuiz\system\Commands\Server\rewrite.php(43): require_once('C:\\Apache24\\htd...')
#10 {main}
