CRITICAL - 2021-12-21 01:35:14 --> Undefined array key "opt"
#0 C:\Apache24\htdocs\QuickQuiz\app\Controllers\Student\QuizController.php(27): CodeIgniter\Debug\Exceptions->errorHandler(2, 'Undefined array...', 'C:\\Apache24\\htd...', 27)
#1 C:\Apache24\htdocs\QuickQuiz\system\CodeIgniter.php(824): App\Controllers\Student\QuizController->checkResult()
#2 C:\Apache24\htdocs\QuickQuiz\system\CodeIgniter.php(410): CodeIgniter\CodeIgniter->runController(Object(App\Controllers\Student\QuizController))
#3 C:\Apache24\htdocs\QuickQuiz\system\CodeIgniter.php(318): CodeIgniter\CodeIgniter->handleRequest(NULL, Object(Config\Cache), false)
#4 C:\Apache24\htdocs\QuickQuiz\public\index.php(37): CodeIgniter\CodeIgniter->run()
#5 C:\Apache24\htdocs\QuickQuiz\system\Commands\Server\rewrite.php(43): require_once('C:\\Apache24\\htd...')
#6 {main}
CRITICAL - 2021-12-21 02:24:12 --> Undefined array key "quizID"
#0 C:\Apache24\htdocs\QuickQuiz\app\Controllers\Student\QuizController.php(24): CodeIgniter\Debug\Exceptions->errorHandler(2, 'Undefined array...', 'C:\\Apache24\\htd...', 24)
#1 C:\Apache24\htdocs\QuickQuiz\system\CodeIgniter.php(824): App\Controllers\Student\QuizController->checkResult()
#2 C:\Apache24\htdocs\QuickQuiz\system\CodeIgniter.php(410): CodeIgniter\CodeIgniter->runController(Object(App\Controllers\Student\QuizController))
#3 C:\Apache24\htdocs\QuickQuiz\system\CodeIgniter.php(318): CodeIgniter\CodeIgniter->handleRequest(NULL, Object(Config\Cache), false)
#4 C:\Apache24\htdocs\QuickQuiz\public\index.php(37): CodeIgniter\CodeIgniter->run()
#5 C:\Apache24\htdocs\QuickQuiz\system\Commands\Server\rewrite.php(43): require_once('C:\\Apache24\\htd...')
#6 {main}
CRITICAL - 2021-12-21 03:06:25 --> Undefined array key "id"
#0 C:\Apache24\htdocs\QuickQuiz\app\Controllers\Student\QuizController.php(31): CodeIgniter\Debug\Exceptions->errorHandler(2, 'Undefined array...', 'C:\\Apache24\\htd...', 31)
#1 C:\Apache24\htdocs\QuickQuiz\app\Controllers\Student\QuizController.php(49): App\Controllers\Student\QuizController->checkResultOfQuestion(1, Array)
#2 C:\Apache24\htdocs\QuickQuiz\system\CodeIgniter.php(824): App\Controllers\Student\QuizController->checkResult()
#3 C:\Apache24\htdocs\QuickQuiz\system\CodeIgniter.php(410): CodeIgniter\CodeIgniter->runController(Object(App\Controllers\Student\QuizController))
#4 C:\Apache24\htdocs\QuickQuiz\system\CodeIgniter.php(318): CodeIgniter\CodeIgniter->handleRequest(NULL, Object(Config\Cache), false)
#5 C:\Apache24\htdocs\QuickQuiz\public\index.php(37): CodeIgniter\CodeIgniter->run()
#6 C:\Apache24\htdocs\QuickQuiz\system\Commands\Server\rewrite.php(43): require_once('C:\\Apache24\\htd...')
#7 {main}
CRITICAL - 2021-12-21 03:20:11 --> Array to string conversion
#0 C:\Apache24\htdocs\QuickQuiz\app\Controllers\Student\QuizController.php(31): CodeIgniter\Debug\Exceptions->errorHandler(2, 'Array to string...', 'C:\\Apache24\\htd...', 31)
#1 C:\Apache24\htdocs\QuickQuiz\app\Controllers\Student\QuizController.php(52): App\Controllers\Student\QuizController->checkResultOfQuestion(1, Array)
#2 C:\Apache24\htdocs\QuickQuiz\system\CodeIgniter.php(824): App\Controllers\Student\QuizController->checkResult()
#3 C:\Apache24\htdocs\QuickQuiz\system\CodeIgniter.php(410): CodeIgniter\CodeIgniter->runController(Object(App\Controllers\Student\QuizController))
#4 C:\Apache24\htdocs\QuickQuiz\system\CodeIgniter.php(318): CodeIgniter\CodeIgniter->handleRequest(NULL, Object(Config\Cache), false)
#5 C:\Apache24\htdocs\QuickQuiz\public\index.php(37): CodeIgniter\CodeIgniter->run()
#6 C:\Apache24\htdocs\QuickQuiz\system\Commands\Server\rewrite.php(43): require_once('C:\\Apache24\\htd...')
#7 {main}
CRITICAL - 2021-12-21 03:25:01 --> Array to string conversion
#0 C:\Apache24\htdocs\QuickQuiz\app\Controllers\Student\QuizController.php(31): CodeIgniter\Debug\Exceptions->errorHandler(2, 'Array to string...', 'C:\\Apache24\\htd...', 31)
#1 C:\Apache24\htdocs\QuickQuiz\app\Controllers\Student\QuizController.php(53): App\Controllers\Student\QuizController->checkResultOfQuestion('1', 0, Array)
#2 C:\Apache24\htdocs\QuickQuiz\system\CodeIgniter.php(824): App\Controllers\Student\QuizController->checkResult()
#3 C:\Apache24\htdocs\QuickQuiz\system\CodeIgniter.php(410): CodeIgniter\CodeIgniter->runController(Object(App\Controllers\Student\QuizController))
#4 C:\Apache24\htdocs\QuickQuiz\system\CodeIgniter.php(318): CodeIgniter\CodeIgniter->handleRequest(NULL, Object(Config\Cache), false)
#5 C:\Apache24\htdocs\QuickQuiz\public\index.php(37): CodeIgniter\CodeIgniter->run()
#6 C:\Apache24\htdocs\QuickQuiz\system\Commands\Server\rewrite.php(43): require_once('C:\\Apache24\\htd...')
#7 {main}
CRITICAL - 2021-12-21 07:05:15 --> Array to string conversion
#0 C:\Apache24\htdocs\QuickQuiz\app\Controllers\Student\QuizController.php(31): CodeIgniter\Debug\Exceptions->errorHandler(2, 'Array to string...', 'C:\\Apache24\\htd...', 31)
#1 C:\Apache24\htdocs\QuickQuiz\app\Controllers\Student\QuizController.php(55): App\Controllers\Student\QuizController->checkResultOfQuestion('1', 0, Array)
#2 C:\Apache24\htdocs\QuickQuiz\system\CodeIgniter.php(824): App\Controllers\Student\QuizController->checkResult()
#3 C:\Apache24\htdocs\QuickQuiz\system\CodeIgniter.php(410): CodeIgniter\CodeIgniter->runController(Object(App\Controllers\Student\QuizController))
#4 C:\Apache24\htdocs\QuickQuiz\system\CodeIgniter.php(318): CodeIgniter\CodeIgniter->handleRequest(NULL, Object(Config\Cache), false)
#5 C:\Apache24\htdocs\QuickQuiz\public\index.php(37): CodeIgniter\CodeIgniter->run()
#6 C:\Apache24\htdocs\QuickQuiz\system\Commands\Server\rewrite.php(43): require_once('C:\\Apache24\\htd...')
#7 {main}
CRITICAL - 2021-12-21 07:28:16 --> Array to string conversion
#0 C:\Apache24\htdocs\QuickQuiz\app\Controllers\Student\QuizController.php(31): CodeIgniter\Debug\Exceptions->errorHandler(2, 'Array to string...', 'C:\\Apache24\\htd...', 31)
#1 C:\Apache24\htdocs\QuickQuiz\app\Controllers\Student\QuizController.php(55): App\Controllers\Student\QuizController->checkResultOfQuestion('1', 0, Array)
#2 C:\Apache24\htdocs\QuickQuiz\system\CodeIgniter.php(824): App\Controllers\Student\QuizController->checkResult()
#3 C:\Apache24\htdocs\QuickQuiz\system\CodeIgniter.php(410): CodeIgniter\CodeIgniter->runController(Object(App\Controllers\Student\QuizController))
#4 C:\Apache24\htdocs\QuickQuiz\system\CodeIgniter.php(318): CodeIgniter\CodeIgniter->handleRequest(NULL, Object(Config\Cache), false)
#5 C:\Apache24\htdocs\QuickQuiz\public\index.php(37): CodeIgniter\CodeIgniter->run()
#6 C:\Apache24\htdocs\QuickQuiz\system\Commands\Server\rewrite.php(43): require_once('C:\\Apache24\\htd...')
#7 {main}
CRITICAL - 2021-12-21 07:33:26 --> Array to string conversion
#0 C:\Apache24\htdocs\QuickQuiz\app\Controllers\Student\QuizController.php(31): CodeIgniter\Debug\Exceptions->errorHandler(2, 'Array to string...', 'C:\\Apache24\\htd...', 31)
#1 C:\Apache24\htdocs\QuickQuiz\app\Controllers\Student\QuizController.php(55): App\Controllers\Student\QuizController->checkResultOfQuestion('1', 0, Array)
#2 C:\Apache24\htdocs\QuickQuiz\system\CodeIgniter.php(824): App\Controllers\Student\QuizController->checkResult()
#3 C:\Apache24\htdocs\QuickQuiz\system\CodeIgniter.php(410): CodeIgniter\CodeIgniter->runController(Object(App\Controllers\Student\QuizController))
#4 C:\Apache24\htdocs\QuickQuiz\system\CodeIgniter.php(318): CodeIgniter\CodeIgniter->handleRequest(NULL, Object(Config\Cache), false)
#5 C:\Apache24\htdocs\QuickQuiz\public\index.php(37): CodeIgniter\CodeIgniter->run()
#6 C:\Apache24\htdocs\QuickQuiz\system\Commands\Server\rewrite.php(43): require_once('C:\\Apache24\\htd...')
#7 {main}
CRITICAL - 2021-12-21 07:36:01 --> Array to string conversion
#0 C:\Apache24\htdocs\QuickQuiz\app\Controllers\Student\QuizController.php(31): CodeIgniter\Debug\Exceptions->errorHandler(2, 'Array to string...', 'C:\\Apache24\\htd...', 31)
#1 C:\Apache24\htdocs\QuickQuiz\app\Controllers\Student\QuizController.php(55): App\Controllers\Student\QuizController->checkResultOfQuestion('1', 0, Array)
#2 C:\Apache24\htdocs\QuickQuiz\system\CodeIgniter.php(824): App\Controllers\Student\QuizController->checkResult()
#3 C:\Apache24\htdocs\QuickQuiz\system\CodeIgniter.php(410): CodeIgniter\CodeIgniter->runController(Object(App\Controllers\Student\QuizController))
#4 C:\Apache24\htdocs\QuickQuiz\system\CodeIgniter.php(318): CodeIgniter\CodeIgniter->handleRequest(NULL, Object(Config\Cache), false)
#5 C:\Apache24\htdocs\QuickQuiz\public\index.php(37): CodeIgniter\CodeIgniter->run()
#6 C:\Apache24\htdocs\QuickQuiz\system\Commands\Server\rewrite.php(43): require_once('C:\\Apache24\\htd...')
#7 {main}
CRITICAL - 2021-12-21 07:40:42 --> Array to string conversion
#0 C:\Apache24\htdocs\QuickQuiz\app\Controllers\Student\QuizController.php(31): CodeIgniter\Debug\Exceptions->errorHandler(2, 'Array to string...', 'C:\\Apache24\\htd...', 31)
#1 C:\Apache24\htdocs\QuickQuiz\app\Controllers\Student\QuizController.php(63): App\Controllers\Student\QuizController->checkResultOfQuestion('1', 0, Array)
#2 C:\Apache24\htdocs\QuickQuiz\system\CodeIgniter.php(824): App\Controllers\Student\QuizController->checkResult()
#3 C:\Apache24\htdocs\QuickQuiz\system\CodeIgniter.php(410): CodeIgniter\CodeIgniter->runController(Object(App\Controllers\Student\QuizController))
#4 C:\Apache24\htdocs\QuickQuiz\system\CodeIgniter.php(318): CodeIgniter\CodeIgniter->handleRequest(NULL, Object(Config\Cache), false)
#5 C:\Apache24\htdocs\QuickQuiz\public\index.php(37): CodeIgniter\CodeIgniter->run()
#6 C:\Apache24\htdocs\QuickQuiz\system\Commands\Server\rewrite.php(43): require_once('C:\\Apache24\\htd...')
#7 {main}
CRITICAL - 2021-12-21 08:00:34 --> Array to string conversion
#0 C:\Apache24\htdocs\QuickQuiz\app\Controllers\Student\QuizController.php(58): CodeIgniter\Debug\Exceptions->errorHandler(2, 'Array to string...', 'C:\\Apache24\\htd...', 58)
#1 C:\Apache24\htdocs\QuickQuiz\system\CodeIgniter.php(824): App\Controllers\Student\QuizController->checkResult()
#2 C:\Apache24\htdocs\QuickQuiz\system\CodeIgniter.php(410): CodeIgniter\CodeIgniter->runController(Object(App\Controllers\Student\QuizController))
#3 C:\Apache24\htdocs\QuickQuiz\system\CodeIgniter.php(318): CodeIgniter\CodeIgniter->handleRequest(NULL, Object(Config\Cache), false)
#4 C:\Apache24\htdocs\QuickQuiz\public\index.php(37): CodeIgniter\CodeIgniter->run()
#5 C:\Apache24\htdocs\QuickQuiz\system\Commands\Server\rewrite.php(43): require_once('C:\\Apache24\\htd...')
#6 {main}
CRITICAL - 2021-12-21 08:10:53 --> Undefined array key "answerList"
#0 C:\Apache24\htdocs\QuickQuiz\app\Controllers\Student\QuizController.php(47): CodeIgniter\Debug\Exceptions->errorHandler(2, 'Undefined array...', 'C:\\Apache24\\htd...', 47)
#1 C:\Apache24\htdocs\QuickQuiz\system\CodeIgniter.php(824): App\Controllers\Student\QuizController->checkResult()
#2 C:\Apache24\htdocs\QuickQuiz\system\CodeIgniter.php(410): CodeIgniter\CodeIgniter->runController(Object(App\Controllers\Student\QuizController))
#3 C:\Apache24\htdocs\QuickQuiz\system\CodeIgniter.php(318): CodeIgniter\CodeIgniter->handleRequest(NULL, Object(Config\Cache), false)
#4 C:\Apache24\htdocs\QuickQuiz\public\index.php(37): CodeIgniter\CodeIgniter->run()
#5 C:\Apache24\htdocs\QuickQuiz\system\Commands\Server\rewrite.php(43): require_once('C:\\Apache24\\htd...')
#6 {main}
CRITICAL - 2021-12-21 08:11:12 --> Undefined array key "answerList"
#0 C:\Apache24\htdocs\QuickQuiz\app\Controllers\Student\QuizController.php(47): CodeIgniter\Debug\Exceptions->errorHandler(2, 'Undefined array...', 'C:\\Apache24\\htd...', 47)
#1 C:\Apache24\htdocs\QuickQuiz\system\CodeIgniter.php(824): App\Controllers\Student\QuizController->checkResult()
#2 C:\Apache24\htdocs\QuickQuiz\system\CodeIgniter.php(410): CodeIgniter\CodeIgniter->runController(Object(App\Controllers\Student\QuizController))
#3 C:\Apache24\htdocs\QuickQuiz\system\CodeIgniter.php(318): CodeIgniter\CodeIgniter->handleRequest(NULL, Object(Config\Cache), false)
#4 C:\Apache24\htdocs\QuickQuiz\public\index.php(37): CodeIgniter\CodeIgniter->run()
#5 C:\Apache24\htdocs\QuickQuiz\system\Commands\Server\rewrite.php(43): require_once('C:\\Apache24\\htd...')
#6 {main}
CRITICAL - 2021-12-21 08:31:16 --> Array to string conversion
#0 C:\Apache24\htdocs\QuickQuiz\app\Controllers\Student\QuizController.php(53): CodeIgniter\Debug\Exceptions->errorHandler(2, 'Array to string...', 'C:\\Apache24\\htd...', 53)
#1 C:\Apache24\htdocs\QuickQuiz\system\CodeIgniter.php(824): App\Controllers\Student\QuizController->checkResult()
#2 C:\Apache24\htdocs\QuickQuiz\system\CodeIgniter.php(410): CodeIgniter\CodeIgniter->runController(Object(App\Controllers\Student\QuizController))
#3 C:\Apache24\htdocs\QuickQuiz\system\CodeIgniter.php(318): CodeIgniter\CodeIgniter->handleRequest(NULL, Object(Config\Cache), false)
#4 C:\Apache24\htdocs\QuickQuiz\public\index.php(37): CodeIgniter\CodeIgniter->run()
#5 C:\Apache24\htdocs\QuickQuiz\system\Commands\Server\rewrite.php(43): require_once('C:\\Apache24\\htd...')
#6 {main}
CRITICAL - 2021-12-21 09:17:12 --> Undefined array key "answerList"
#0 C:\Apache24\htdocs\QuickQuiz\app\Controllers\Student\QuizController.php(47): CodeIgniter\Debug\Exceptions->errorHandler(2, 'Undefined array...', 'C:\\Apache24\\htd...', 47)
#1 C:\Apache24\htdocs\QuickQuiz\system\CodeIgniter.php(824): App\Controllers\Student\QuizController->checkResult()
#2 C:\Apache24\htdocs\QuickQuiz\system\CodeIgniter.php(410): CodeIgniter\CodeIgniter->runController(Object(App\Controllers\Student\QuizController))
#3 C:\Apache24\htdocs\QuickQuiz\system\CodeIgniter.php(318): CodeIgniter\CodeIgniter->handleRequest(NULL, Object(Config\Cache), false)
#4 C:\Apache24\htdocs\QuickQuiz\public\index.php(37): CodeIgniter\CodeIgniter->run()
#5 C:\Apache24\htdocs\QuickQuiz\system\Commands\Server\rewrite.php(43): require_once('C:\\Apache24\\htd...')
#6 {main}
CRITICAL - 2021-12-21 09:37:33 --> Undefined array key "answerList"
#0 C:\Apache24\htdocs\QuickQuiz\app\Controllers\Student\QuizController.php(47): CodeIgniter\Debug\Exceptions->errorHandler(2, 'Undefined array...', 'C:\\Apache24\\htd...', 47)
#1 C:\Apache24\htdocs\QuickQuiz\system\CodeIgniter.php(824): App\Controllers\Student\QuizController->checkResult()
#2 C:\Apache24\htdocs\QuickQuiz\system\CodeIgniter.php(410): CodeIgniter\CodeIgniter->runController(Object(App\Controllers\Student\QuizController))
#3 C:\Apache24\htdocs\QuickQuiz\system\CodeIgniter.php(318): CodeIgniter\CodeIgniter->handleRequest(NULL, Object(Config\Cache), false)
#4 C:\Apache24\htdocs\QuickQuiz\public\index.php(37): CodeIgniter\CodeIgniter->run()
#5 C:\Apache24\htdocs\QuickQuiz\system\Commands\Server\rewrite.php(43): require_once('C:\\Apache24\\htd...')
#6 {main}
CRITICAL - 2021-12-21 09:37:42 --> Undefined array key "answerList"
#0 C:\Apache24\htdocs\QuickQuiz\app\Controllers\Student\QuizController.php(47): CodeIgniter\Debug\Exceptions->errorHandler(2, 'Undefined array...', 'C:\\Apache24\\htd...', 47)
#1 C:\Apache24\htdocs\QuickQuiz\system\CodeIgniter.php(824): App\Controllers\Student\QuizController->checkResult()
#2 C:\Apache24\htdocs\QuickQuiz\system\CodeIgniter.php(410): CodeIgniter\CodeIgniter->runController(Object(App\Controllers\Student\QuizController))
#3 C:\Apache24\htdocs\QuickQuiz\system\CodeIgniter.php(318): CodeIgniter\CodeIgniter->handleRequest(NULL, Object(Config\Cache), false)
#4 C:\Apache24\htdocs\QuickQuiz\public\index.php(37): CodeIgniter\CodeIgniter->run()
#5 C:\Apache24\htdocs\QuickQuiz\system\Commands\Server\rewrite.php(43): require_once('C:\\Apache24\\htd...')
#6 {main}
CRITICAL - 2021-12-21 09:37:43 --> Undefined array key "answerList"
#0 C:\Apache24\htdocs\QuickQuiz\app\Controllers\Student\QuizController.php(47): CodeIgniter\Debug\Exceptions->errorHandler(2, 'Undefined array...', 'C:\\Apache24\\htd...', 47)
#1 C:\Apache24\htdocs\QuickQuiz\system\CodeIgniter.php(824): App\Controllers\Student\QuizController->checkResult()
#2 C:\Apache24\htdocs\QuickQuiz\system\CodeIgniter.php(410): CodeIgniter\CodeIgniter->runController(Object(App\Controllers\Student\QuizController))
#3 C:\Apache24\htdocs\QuickQuiz\system\CodeIgniter.php(318): CodeIgniter\CodeIgniter->handleRequest(NULL, Object(Config\Cache), false)
#4 C:\Apache24\htdocs\QuickQuiz\public\index.php(37): CodeIgniter\CodeIgniter->run()
#5 C:\Apache24\htdocs\QuickQuiz\system\Commands\Server\rewrite.php(43): require_once('C:\\Apache24\\htd...')
#6 {main}
CRITICAL - 2021-12-21 09:37:43 --> Undefined array key "answerList"
#0 C:\Apache24\htdocs\QuickQuiz\app\Controllers\Student\QuizController.php(47): CodeIgniter\Debug\Exceptions->errorHandler(2, 'Undefined array...', 'C:\\Apache24\\htd...', 47)
#1 C:\Apache24\htdocs\QuickQuiz\system\CodeIgniter.php(824): App\Controllers\Student\QuizController->checkResult()
#2 C:\Apache24\htdocs\QuickQuiz\system\CodeIgniter.php(410): CodeIgniter\CodeIgniter->runController(Object(App\Controllers\Student\QuizController))
#3 C:\Apache24\htdocs\QuickQuiz\system\CodeIgniter.php(318): CodeIgniter\CodeIgniter->handleRequest(NULL, Object(Config\Cache), false)
#4 C:\Apache24\htdocs\QuickQuiz\public\index.php(37): CodeIgniter\CodeIgniter->run()
#5 C:\Apache24\htdocs\QuickQuiz\system\Commands\Server\rewrite.php(43): require_once('C:\\Apache24\\htd...')
#6 {main}
CRITICAL - 2021-12-21 09:37:43 --> Undefined array key "answerList"
#0 C:\Apache24\htdocs\QuickQuiz\app\Controllers\Student\QuizController.php(47): CodeIgniter\Debug\Exceptions->errorHandler(2, 'Undefined array...', 'C:\\Apache24\\htd...', 47)
#1 C:\Apache24\htdocs\QuickQuiz\system\CodeIgniter.php(824): App\Controllers\Student\QuizController->checkResult()
#2 C:\Apache24\htdocs\QuickQuiz\system\CodeIgniter.php(410): CodeIgniter\CodeIgniter->runController(Object(App\Controllers\Student\QuizController))
#3 C:\Apache24\htdocs\QuickQuiz\system\CodeIgniter.php(318): CodeIgniter\CodeIgniter->handleRequest(NULL, Object(Config\Cache), false)
#4 C:\Apache24\htdocs\QuickQuiz\public\index.php(37): CodeIgniter\CodeIgniter->run()
#5 C:\Apache24\htdocs\QuickQuiz\system\Commands\Server\rewrite.php(43): require_once('C:\\Apache24\\htd...')
#6 {main}
CRITICAL - 2021-12-21 09:37:43 --> Undefined array key "answerList"
#0 C:\Apache24\htdocs\QuickQuiz\app\Controllers\Student\QuizController.php(47): CodeIgniter\Debug\Exceptions->errorHandler(2, 'Undefined array...', 'C:\\Apache24\\htd...', 47)
#1 C:\Apache24\htdocs\QuickQuiz\system\CodeIgniter.php(824): App\Controllers\Student\QuizController->checkResult()
#2 C:\Apache24\htdocs\QuickQuiz\system\CodeIgniter.php(410): CodeIgniter\CodeIgniter->runController(Object(App\Controllers\Student\QuizController))
#3 C:\Apache24\htdocs\QuickQuiz\system\CodeIgniter.php(318): CodeIgniter\CodeIgniter->handleRequest(NULL, Object(Config\Cache), false)
#4 C:\Apache24\htdocs\QuickQuiz\public\index.php(37): CodeIgniter\CodeIgniter->run()
#5 C:\Apache24\htdocs\QuickQuiz\system\Commands\Server\rewrite.php(43): require_once('C:\\Apache24\\htd...')
#6 {main}
CRITICAL - 2021-12-21 09:37:44 --> Undefined array key "answerList"
#0 C:\Apache24\htdocs\QuickQuiz\app\Controllers\Student\QuizController.php(47): CodeIgniter\Debug\Exceptions->errorHandler(2, 'Undefined array...', 'C:\\Apache24\\htd...', 47)
#1 C:\Apache24\htdocs\QuickQuiz\system\CodeIgniter.php(824): App\Controllers\Student\QuizController->checkResult()
#2 C:\Apache24\htdocs\QuickQuiz\system\CodeIgniter.php(410): CodeIgniter\CodeIgniter->runController(Object(App\Controllers\Student\QuizController))
#3 C:\Apache24\htdocs\QuickQuiz\system\CodeIgniter.php(318): CodeIgniter\CodeIgniter->handleRequest(NULL, Object(Config\Cache), false)
#4 C:\Apache24\htdocs\QuickQuiz\public\index.php(37): CodeIgniter\CodeIgniter->run()
#5 C:\Apache24\htdocs\QuickQuiz\system\Commands\Server\rewrite.php(43): require_once('C:\\Apache24\\htd...')
#6 {main}
CRITICAL - 2021-12-21 09:37:52 --> Undefined array key "answerList"
#0 C:\Apache24\htdocs\QuickQuiz\app\Controllers\Student\QuizController.php(47): CodeIgniter\Debug\Exceptions->errorHandler(2, 'Undefined array...', 'C:\\Apache24\\htd...', 47)
#1 C:\Apache24\htdocs\QuickQuiz\system\CodeIgniter.php(824): App\Controllers\Student\QuizController->checkResult()
#2 C:\Apache24\htdocs\QuickQuiz\system\CodeIgniter.php(410): CodeIgniter\CodeIgniter->runController(Object(App\Controllers\Student\QuizController))
#3 C:\Apache24\htdocs\QuickQuiz\system\CodeIgniter.php(318): CodeIgniter\CodeIgniter->handleRequest(NULL, Object(Config\Cache), false)
#4 C:\Apache24\htdocs\QuickQuiz\public\index.php(37): CodeIgniter\CodeIgniter->run()
#5 C:\Apache24\htdocs\QuickQuiz\system\Commands\Server\rewrite.php(43): require_once('C:\\Apache24\\htd...')
#6 {main}
CRITICAL - 2021-12-21 09:37:53 --> Undefined array key "answerList"
#0 C:\Apache24\htdocs\QuickQuiz\app\Controllers\Student\QuizController.php(47): CodeIgniter\Debug\Exceptions->errorHandler(2, 'Undefined array...', 'C:\\Apache24\\htd...', 47)
#1 C:\Apache24\htdocs\QuickQuiz\system\CodeIgniter.php(824): App\Controllers\Student\QuizController->checkResult()
#2 C:\Apache24\htdocs\QuickQuiz\system\CodeIgniter.php(410): CodeIgniter\CodeIgniter->runController(Object(App\Controllers\Student\QuizController))
#3 C:\Apache24\htdocs\QuickQuiz\system\CodeIgniter.php(318): CodeIgniter\CodeIgniter->handleRequest(NULL, Object(Config\Cache), false)
#4 C:\Apache24\htdocs\QuickQuiz\public\index.php(37): CodeIgniter\CodeIgniter->run()
#5 C:\Apache24\htdocs\QuickQuiz\system\Commands\Server\rewrite.php(43): require_once('C:\\Apache24\\htd...')
#6 {main}
CRITICAL - 2021-12-21 09:37:53 --> Undefined array key "answerList"
#0 C:\Apache24\htdocs\QuickQuiz\app\Controllers\Student\QuizController.php(47): CodeIgniter\Debug\Exceptions->errorHandler(2, 'Undefined array...', 'C:\\Apache24\\htd...', 47)
#1 C:\Apache24\htdocs\QuickQuiz\system\CodeIgniter.php(824): App\Controllers\Student\QuizController->checkResult()
#2 C:\Apache24\htdocs\QuickQuiz\system\CodeIgniter.php(410): CodeIgniter\CodeIgniter->runController(Object(App\Controllers\Student\QuizController))
#3 C:\Apache24\htdocs\QuickQuiz\system\CodeIgniter.php(318): CodeIgniter\CodeIgniter->handleRequest(NULL, Object(Config\Cache), false)
#4 C:\Apache24\htdocs\QuickQuiz\public\index.php(37): CodeIgniter\CodeIgniter->run()
#5 C:\Apache24\htdocs\QuickQuiz\system\Commands\Server\rewrite.php(43): require_once('C:\\Apache24\\htd...')
#6 {main}
CRITICAL - 2021-12-21 09:37:54 --> Undefined array key "answerList"
#0 C:\Apache24\htdocs\QuickQuiz\app\Controllers\Student\QuizController.php(47): CodeIgniter\Debug\Exceptions->errorHandler(2, 'Undefined array...', 'C:\\Apache24\\htd...', 47)
#1 C:\Apache24\htdocs\QuickQuiz\system\CodeIgniter.php(824): App\Controllers\Student\QuizController->checkResult()
#2 C:\Apache24\htdocs\QuickQuiz\system\CodeIgniter.php(410): CodeIgniter\CodeIgniter->runController(Object(App\Controllers\Student\QuizController))
#3 C:\Apache24\htdocs\QuickQuiz\system\CodeIgniter.php(318): CodeIgniter\CodeIgniter->handleRequest(NULL, Object(Config\Cache), false)
#4 C:\Apache24\htdocs\QuickQuiz\public\index.php(37): CodeIgniter\CodeIgniter->run()
#5 C:\Apache24\htdocs\QuickQuiz\system\Commands\Server\rewrite.php(43): require_once('C:\\Apache24\\htd...')
#6 {main}
CRITICAL - 2021-12-21 09:37:54 --> Undefined array key "answerList"
#0 C:\Apache24\htdocs\QuickQuiz\app\Controllers\Student\QuizController.php(47): CodeIgniter\Debug\Exceptions->errorHandler(2, 'Undefined array...', 'C:\\Apache24\\htd...', 47)
#1 C:\Apache24\htdocs\QuickQuiz\system\CodeIgniter.php(824): App\Controllers\Student\QuizController->checkResult()
#2 C:\Apache24\htdocs\QuickQuiz\system\CodeIgniter.php(410): CodeIgniter\CodeIgniter->runController(Object(App\Controllers\Student\QuizController))
#3 C:\Apache24\htdocs\QuickQuiz\system\CodeIgniter.php(318): CodeIgniter\CodeIgniter->handleRequest(NULL, Object(Config\Cache), false)
#4 C:\Apache24\htdocs\QuickQuiz\public\index.php(37): CodeIgniter\CodeIgniter->run()
#5 C:\Apache24\htdocs\QuickQuiz\system\Commands\Server\rewrite.php(43): require_once('C:\\Apache24\\htd...')
#6 {main}
CRITICAL - 2021-12-21 09:37:54 --> Undefined array key "answerList"
#0 C:\Apache24\htdocs\QuickQuiz\app\Controllers\Student\QuizController.php(47): CodeIgniter\Debug\Exceptions->errorHandler(2, 'Undefined array...', 'C:\\Apache24\\htd...', 47)
#1 C:\Apache24\htdocs\QuickQuiz\system\CodeIgniter.php(824): App\Controllers\Student\QuizController->checkResult()
#2 C:\Apache24\htdocs\QuickQuiz\system\CodeIgniter.php(410): CodeIgniter\CodeIgniter->runController(Object(App\Controllers\Student\QuizController))
#3 C:\Apache24\htdocs\QuickQuiz\system\CodeIgniter.php(318): CodeIgniter\CodeIgniter->handleRequest(NULL, Object(Config\Cache), false)
#4 C:\Apache24\htdocs\QuickQuiz\public\index.php(37): CodeIgniter\CodeIgniter->run()
#5 C:\Apache24\htdocs\QuickQuiz\system\Commands\Server\rewrite.php(43): require_once('C:\\Apache24\\htd...')
#6 {main}
CRITICAL - 2021-12-21 09:37:54 --> Undefined array key "answerList"
#0 C:\Apache24\htdocs\QuickQuiz\app\Controllers\Student\QuizController.php(47): CodeIgniter\Debug\Exceptions->errorHandler(2, 'Undefined array...', 'C:\\Apache24\\htd...', 47)
#1 C:\Apache24\htdocs\QuickQuiz\system\CodeIgniter.php(824): App\Controllers\Student\QuizController->checkResult()
#2 C:\Apache24\htdocs\QuickQuiz\system\CodeIgniter.php(410): CodeIgniter\CodeIgniter->runController(Object(App\Controllers\Student\QuizController))
#3 C:\Apache24\htdocs\QuickQuiz\system\CodeIgniter.php(318): CodeIgniter\CodeIgniter->handleRequest(NULL, Object(Config\Cache), false)
#4 C:\Apache24\htdocs\QuickQuiz\public\index.php(37): CodeIgniter\CodeIgniter->run()
#5 C:\Apache24\htdocs\QuickQuiz\system\Commands\Server\rewrite.php(43): require_once('C:\\Apache24\\htd...')
#6 {main}
CRITICAL - 2021-12-21 09:37:54 --> Undefined array key "answerList"
#0 C:\Apache24\htdocs\QuickQuiz\app\Controllers\Student\QuizController.php(47): CodeIgniter\Debug\Exceptions->errorHandler(2, 'Undefined array...', 'C:\\Apache24\\htd...', 47)
#1 C:\Apache24\htdocs\QuickQuiz\system\CodeIgniter.php(824): App\Controllers\Student\QuizController->checkResult()
#2 C:\Apache24\htdocs\QuickQuiz\system\CodeIgniter.php(410): CodeIgniter\CodeIgniter->runController(Object(App\Controllers\Student\QuizController))
#3 C:\Apache24\htdocs\QuickQuiz\system\CodeIgniter.php(318): CodeIgniter\CodeIgniter->handleRequest(NULL, Object(Config\Cache), false)
#4 C:\Apache24\htdocs\QuickQuiz\public\index.php(37): CodeIgniter\CodeIgniter->run()
#5 C:\Apache24\htdocs\QuickQuiz\system\Commands\Server\rewrite.php(43): require_once('C:\\Apache24\\htd...')
#6 {main}
CRITICAL - 2021-12-21 09:37:54 --> Undefined array key "answerList"
#0 C:\Apache24\htdocs\QuickQuiz\app\Controllers\Student\QuizController.php(47): CodeIgniter\Debug\Exceptions->errorHandler(2, 'Undefined array...', 'C:\\Apache24\\htd...', 47)
#1 C:\Apache24\htdocs\QuickQuiz\system\CodeIgniter.php(824): App\Controllers\Student\QuizController->checkResult()
#2 C:\Apache24\htdocs\QuickQuiz\system\CodeIgniter.php(410): CodeIgniter\CodeIgniter->runController(Object(App\Controllers\Student\QuizController))
#3 C:\Apache24\htdocs\QuickQuiz\system\CodeIgniter.php(318): CodeIgniter\CodeIgniter->handleRequest(NULL, Object(Config\Cache), false)
#4 C:\Apache24\htdocs\QuickQuiz\public\index.php(37): CodeIgniter\CodeIgniter->run()
#5 C:\Apache24\htdocs\QuickQuiz\system\Commands\Server\rewrite.php(43): require_once('C:\\Apache24\\htd...')
#6 {main}
CRITICAL - 2021-12-21 09:37:55 --> Undefined array key "answerList"
#0 C:\Apache24\htdocs\QuickQuiz\app\Controllers\Student\QuizController.php(47): CodeIgniter\Debug\Exceptions->errorHandler(2, 'Undefined array...', 'C:\\Apache24\\htd...', 47)
#1 C:\Apache24\htdocs\QuickQuiz\system\CodeIgniter.php(824): App\Controllers\Student\QuizController->checkResult()
#2 C:\Apache24\htdocs\QuickQuiz\system\CodeIgniter.php(410): CodeIgniter\CodeIgniter->runController(Object(App\Controllers\Student\QuizController))
#3 C:\Apache24\htdocs\QuickQuiz\system\CodeIgniter.php(318): CodeIgniter\CodeIgniter->handleRequest(NULL, Object(Config\Cache), false)
#4 C:\Apache24\htdocs\QuickQuiz\public\index.php(37): CodeIgniter\CodeIgniter->run()
#5 C:\Apache24\htdocs\QuickQuiz\system\Commands\Server\rewrite.php(43): require_once('C:\\Apache24\\htd...')
#6 {main}
CRITICAL - 2021-12-21 09:37:56 --> Undefined array key "answerList"
#0 C:\Apache24\htdocs\QuickQuiz\app\Controllers\Student\QuizController.php(47): CodeIgniter\Debug\Exceptions->errorHandler(2, 'Undefined array...', 'C:\\Apache24\\htd...', 47)
#1 C:\Apache24\htdocs\QuickQuiz\system\CodeIgniter.php(824): App\Controllers\Student\QuizController->checkResult()
#2 C:\Apache24\htdocs\QuickQuiz\system\CodeIgniter.php(410): CodeIgniter\CodeIgniter->runController(Object(App\Controllers\Student\QuizController))
#3 C:\Apache24\htdocs\QuickQuiz\system\CodeIgniter.php(318): CodeIgniter\CodeIgniter->handleRequest(NULL, Object(Config\Cache), false)
#4 C:\Apache24\htdocs\QuickQuiz\public\index.php(37): CodeIgniter\CodeIgniter->run()
#5 C:\Apache24\htdocs\QuickQuiz\system\Commands\Server\rewrite.php(43): require_once('C:\\Apache24\\htd...')
#6 {main}
CRITICAL - 2021-12-21 09:37:56 --> Undefined array key "answerList"
#0 C:\Apache24\htdocs\QuickQuiz\app\Controllers\Student\QuizController.php(47): CodeIgniter\Debug\Exceptions->errorHandler(2, 'Undefined array...', 'C:\\Apache24\\htd...', 47)
#1 C:\Apache24\htdocs\QuickQuiz\system\CodeIgniter.php(824): App\Controllers\Student\QuizController->checkResult()
#2 C:\Apache24\htdocs\QuickQuiz\system\CodeIgniter.php(410): CodeIgniter\CodeIgniter->runController(Object(App\Controllers\Student\QuizController))
#3 C:\Apache24\htdocs\QuickQuiz\system\CodeIgniter.php(318): CodeIgniter\CodeIgniter->handleRequest(NULL, Object(Config\Cache), false)
#4 C:\Apache24\htdocs\QuickQuiz\public\index.php(37): CodeIgniter\CodeIgniter->run()
#5 C:\Apache24\htdocs\QuickQuiz\system\Commands\Server\rewrite.php(43): require_once('C:\\Apache24\\htd...')
#6 {main}
CRITICAL - 2021-12-21 09:37:56 --> Undefined array key "answerList"
#0 C:\Apache24\htdocs\QuickQuiz\app\Controllers\Student\QuizController.php(47): CodeIgniter\Debug\Exceptions->errorHandler(2, 'Undefined array...', 'C:\\Apache24\\htd...', 47)
#1 C:\Apache24\htdocs\QuickQuiz\system\CodeIgniter.php(824): App\Controllers\Student\QuizController->checkResult()
#2 C:\Apache24\htdocs\QuickQuiz\system\CodeIgniter.php(410): CodeIgniter\CodeIgniter->runController(Object(App\Controllers\Student\QuizController))
#3 C:\Apache24\htdocs\QuickQuiz\system\CodeIgniter.php(318): CodeIgniter\CodeIgniter->handleRequest(NULL, Object(Config\Cache), false)
#4 C:\Apache24\htdocs\QuickQuiz\public\index.php(37): CodeIgniter\CodeIgniter->run()
#5 C:\Apache24\htdocs\QuickQuiz\system\Commands\Server\rewrite.php(43): require_once('C:\\Apache24\\htd...')
#6 {main}
CRITICAL - 2021-12-21 09:38:11 --> Undefined array key "answerList"
#0 C:\Apache24\htdocs\QuickQuiz\app\Controllers\Student\QuizController.php(47): CodeIgniter\Debug\Exceptions->errorHandler(2, 'Undefined array...', 'C:\\Apache24\\htd...', 47)
#1 C:\Apache24\htdocs\QuickQuiz\system\CodeIgniter.php(824): App\Controllers\Student\QuizController->checkResult()
#2 C:\Apache24\htdocs\QuickQuiz\system\CodeIgniter.php(410): CodeIgniter\CodeIgniter->runController(Object(App\Controllers\Student\QuizController))
#3 C:\Apache24\htdocs\QuickQuiz\system\CodeIgniter.php(318): CodeIgniter\CodeIgniter->handleRequest(NULL, Object(Config\Cache), false)
#4 C:\Apache24\htdocs\QuickQuiz\public\index.php(37): CodeIgniter\CodeIgniter->run()
#5 C:\Apache24\htdocs\QuickQuiz\system\Commands\Server\rewrite.php(43): require_once('C:\\Apache24\\htd...')
#6 {main}
CRITICAL - 2021-12-21 09:39:31 --> Undefined array key "answerList"
#0 C:\Apache24\htdocs\QuickQuiz\app\Controllers\Student\QuizController.php(47): CodeIgniter\Debug\Exceptions->errorHandler(2, 'Undefined array...', 'C:\\Apache24\\htd...', 47)
#1 C:\Apache24\htdocs\QuickQuiz\system\CodeIgniter.php(824): App\Controllers\Student\QuizController->checkResult()
#2 C:\Apache24\htdocs\QuickQuiz\system\CodeIgniter.php(410): CodeIgniter\CodeIgniter->runController(Object(App\Controllers\Student\QuizController))
#3 C:\Apache24\htdocs\QuickQuiz\system\CodeIgniter.php(318): CodeIgniter\CodeIgniter->handleRequest(NULL, Object(Config\Cache), false)
#4 C:\Apache24\htdocs\QuickQuiz\public\index.php(37): CodeIgniter\CodeIgniter->run()
#5 C:\Apache24\htdocs\QuickQuiz\system\Commands\Server\rewrite.php(43): require_once('C:\\Apache24\\htd...')
#6 {main}
CRITICAL - 2021-12-21 09:39:33 --> Undefined array key "answerList"
#0 C:\Apache24\htdocs\QuickQuiz\app\Controllers\Student\QuizController.php(47): CodeIgniter\Debug\Exceptions->errorHandler(2, 'Undefined array...', 'C:\\Apache24\\htd...', 47)
#1 C:\Apache24\htdocs\QuickQuiz\system\CodeIgniter.php(824): App\Controllers\Student\QuizController->checkResult()
#2 C:\Apache24\htdocs\QuickQuiz\system\CodeIgniter.php(410): CodeIgniter\CodeIgniter->runController(Object(App\Controllers\Student\QuizController))
#3 C:\Apache24\htdocs\QuickQuiz\system\CodeIgniter.php(318): CodeIgniter\CodeIgniter->handleRequest(NULL, Object(Config\Cache), false)
#4 C:\Apache24\htdocs\QuickQuiz\public\index.php(37): CodeIgniter\CodeIgniter->run()
#5 C:\Apache24\htdocs\QuickQuiz\system\Commands\Server\rewrite.php(43): require_once('C:\\Apache24\\htd...')
#6 {main}
CRITICAL - 2021-12-21 09:39:33 --> Undefined array key "answerList"
#0 C:\Apache24\htdocs\QuickQuiz\app\Controllers\Student\QuizController.php(47): CodeIgniter\Debug\Exceptions->errorHandler(2, 'Undefined array...', 'C:\\Apache24\\htd...', 47)
#1 C:\Apache24\htdocs\QuickQuiz\system\CodeIgniter.php(824): App\Controllers\Student\QuizController->checkResult()
#2 C:\Apache24\htdocs\QuickQuiz\system\CodeIgniter.php(410): CodeIgniter\CodeIgniter->runController(Object(App\Controllers\Student\QuizController))
#3 C:\Apache24\htdocs\QuickQuiz\system\CodeIgniter.php(318): CodeIgniter\CodeIgniter->handleRequest(NULL, Object(Config\Cache), false)
#4 C:\Apache24\htdocs\QuickQuiz\public\index.php(37): CodeIgniter\CodeIgniter->run()
#5 C:\Apache24\htdocs\QuickQuiz\system\Commands\Server\rewrite.php(43): require_once('C:\\Apache24\\htd...')
#6 {main}
CRITICAL - 2021-12-21 09:39:33 --> Undefined array key "answerList"
#0 C:\Apache24\htdocs\QuickQuiz\app\Controllers\Student\QuizController.php(47): CodeIgniter\Debug\Exceptions->errorHandler(2, 'Undefined array...', 'C:\\Apache24\\htd...', 47)
#1 C:\Apache24\htdocs\QuickQuiz\system\CodeIgniter.php(824): App\Controllers\Student\QuizController->checkResult()
#2 C:\Apache24\htdocs\QuickQuiz\system\CodeIgniter.php(410): CodeIgniter\CodeIgniter->runController(Object(App\Controllers\Student\QuizController))
#3 C:\Apache24\htdocs\QuickQuiz\system\CodeIgniter.php(318): CodeIgniter\CodeIgniter->handleRequest(NULL, Object(Config\Cache), false)
#4 C:\Apache24\htdocs\QuickQuiz\public\index.php(37): CodeIgniter\CodeIgniter->run()
#5 C:\Apache24\htdocs\QuickQuiz\system\Commands\Server\rewrite.php(43): require_once('C:\\Apache24\\htd...')
#6 {main}
