CRITICAL - 2021-11-28 13:34:22 --> The framework needs the following extension(s) installed and loaded: curl, mbstring.
#0 C:\Apache24\htdocs\QuickQuiz\system\CodeIgniter.php(219): CodeIgniter\Exceptions\FrameworkException::forMissingExtension('curl, mbstring')
#1 C:\Apache24\htdocs\QuickQuiz\system\CodeIgniter.php(177): CodeIgniter\CodeIgniter->resolvePlatformExtensions()
#2 C:\Apache24\htdocs\QuickQuiz\system\bootstrap.php(146): CodeIgniter\CodeIgniter->initialize()
#3 C:\Apache24\htdocs\QuickQuiz\spark(45): require('C:\\Apache24\\htd...')
#4 {main}
CRITICAL - 2021-11-28 13:34:22 --> Uncaught Error: Call to undefined function CodeIgniter\CLI\mb_strpos() in C:\Apache24\htdocs\QuickQuiz\system\CLI\CLI.php:758
Stack trace:
#0 C:\Apache24\htdocs\QuickQuiz\system\CLI\CLI.php(161): CodeIgniter\CLI\CLI::parseCommandLine()
#1 C:\Apache24\htdocs\QuickQuiz\system\CLI\CLI.php(998): CodeIgniter\CLI\CLI::init()
#2 C:\Apache24\htdocs\QuickQuiz\system\Autoloader\Autoloader.php(264): include_once('C:\\Apache24\\htd...')
#3 C:\Apache24\htdocs\QuickQuiz\system\Autoloader\Autoloader.php(241): CodeIgniter\Autoloader\Autoloader->includeFile('C:\\Apache24\\htd...')
#4 C:\Apache24\htdocs\QuickQuiz\system\Autoloader\Autoloader.php(219): CodeIgniter\Autoloader\Autoloader->loadInNamespace('CodeIgniter\\CLI...')
#5 C:\Apache24\htdocs\QuickQuiz\app\Views\errors\cli\error_exception.php(6): CodeIgniter\Autoloader\Autoloader->loadClass('CodeIgniter\\CLI...')
#6 C:\Apache24\htdocs\QuickQuiz\app\Views\errors\cli\production.php(5): include('C:\\Apache24\\htd...')
#7 C:\Apache24\htdocs\QuickQuiz\system\Debug\Exceptions.php(229): include('C:\\Apache24\\htd...')
#8 C:\Apache24\htdocs\QuickQuiz\system\Debug\Exceptions.php(232): CodeIgniter\Debug\Exceptions->CodeIgniter\Debug\{closure}()
#9 C:\Apache24\htdocs\QuickQuiz\system\Debug\Exceptions.php(116): CodeIgniter\Debug\Exceptions->render(Object(CodeIgniter\Exceptions\FrameworkException), 500)
#10 [internal function]: CodeIgniter\Debug\Exceptions->exceptionHandler(Object(CodeIgniter\Exceptions\FrameworkException))
#11 {main}
  thrown
#0 [internal function]: CodeIgniter\Debug\Exceptions->shutdownHandler()
#1 {main}
CRITICAL - 2021-11-28 13:37:03 --> The framework needs the following extension(s) installed and loaded: curl, mbstring.
#0 C:\Apache24\htdocs\QuickQuiz\system\CodeIgniter.php(219): CodeIgniter\Exceptions\FrameworkException::forMissingExtension('curl, mbstring')
#1 C:\Apache24\htdocs\QuickQuiz\system\CodeIgniter.php(177): CodeIgniter\CodeIgniter->resolvePlatformExtensions()
#2 C:\Apache24\htdocs\QuickQuiz\system\bootstrap.php(146): CodeIgniter\CodeIgniter->initialize()
#3 C:\Apache24\htdocs\QuickQuiz\spark(45): require('C:\\Apache24\\htd...')
#4 {main}
CRITICAL - 2021-11-28 13:37:03 --> Uncaught Error: Call to undefined function CodeIgniter\CLI\mb_strpos() in C:\Apache24\htdocs\QuickQuiz\system\CLI\CLI.php:758
Stack trace:
#0 C:\Apache24\htdocs\QuickQuiz\system\CLI\CLI.php(161): CodeIgniter\CLI\CLI::parseCommandLine()
#1 C:\Apache24\htdocs\QuickQuiz\system\CLI\CLI.php(998): CodeIgniter\CLI\CLI::init()
#2 C:\Apache24\htdocs\QuickQuiz\system\Autoloader\Autoloader.php(264): include_once('C:\\Apache24\\htd...')
#3 C:\Apache24\htdocs\QuickQuiz\system\Autoloader\Autoloader.php(241): CodeIgniter\Autoloader\Autoloader->includeFile('C:\\Apache24\\htd...')
#4 C:\Apache24\htdocs\QuickQuiz\system\Autoloader\Autoloader.php(219): CodeIgniter\Autoloader\Autoloader->loadInNamespace('CodeIgniter\\CLI...')
#5 C:\Apache24\htdocs\QuickQuiz\app\Views\errors\cli\error_exception.php(6): CodeIgniter\Autoloader\Autoloader->loadClass('CodeIgniter\\CLI...')
#6 C:\Apache24\htdocs\QuickQuiz\app\Views\errors\cli\production.php(5): include('C:\\Apache24\\htd...')
#7 C:\Apache24\htdocs\QuickQuiz\system\Debug\Exceptions.php(229): include('C:\\Apache24\\htd...')
#8 C:\Apache24\htdocs\QuickQuiz\system\Debug\Exceptions.php(232): CodeIgniter\Debug\Exceptions->CodeIgniter\Debug\{closure}()
#9 C:\Apache24\htdocs\QuickQuiz\system\Debug\Exceptions.php(116): CodeIgniter\Debug\Exceptions->render(Object(CodeIgniter\Exceptions\FrameworkException), 500)
#10 [internal function]: CodeIgniter\Debug\Exceptions->exceptionHandler(Object(CodeIgniter\Exceptions\FrameworkException))
#11 {main}
  thrown
#0 [internal function]: CodeIgniter\Debug\Exceptions->shutdownHandler()
#1 {main}
CRITICAL - 2021-11-28 13:37:06 --> The framework needs the following extension(s) installed and loaded: curl, mbstring.
#0 C:\Apache24\htdocs\QuickQuiz\system\CodeIgniter.php(219): CodeIgniter\Exceptions\FrameworkException::forMissingExtension('curl, mbstring')
#1 C:\Apache24\htdocs\QuickQuiz\system\CodeIgniter.php(177): CodeIgniter\CodeIgniter->resolvePlatformExtensions()
#2 C:\Apache24\htdocs\QuickQuiz\system\bootstrap.php(146): CodeIgniter\CodeIgniter->initialize()
#3 C:\Apache24\htdocs\QuickQuiz\spark(45): require('C:\\Apache24\\htd...')
#4 {main}
CRITICAL - 2021-11-28 13:37:06 --> Uncaught Error: Call to undefined function CodeIgniter\CLI\mb_strpos() in C:\Apache24\htdocs\QuickQuiz\system\CLI\CLI.php:758
Stack trace:
#0 C:\Apache24\htdocs\QuickQuiz\system\CLI\CLI.php(161): CodeIgniter\CLI\CLI::parseCommandLine()
#1 C:\Apache24\htdocs\QuickQuiz\system\CLI\CLI.php(998): CodeIgniter\CLI\CLI::init()
#2 C:\Apache24\htdocs\QuickQuiz\system\Autoloader\Autoloader.php(264): include_once('C:\\Apache24\\htd...')
#3 C:\Apache24\htdocs\QuickQuiz\system\Autoloader\Autoloader.php(241): CodeIgniter\Autoloader\Autoloader->includeFile('C:\\Apache24\\htd...')
#4 C:\Apache24\htdocs\QuickQuiz\system\Autoloader\Autoloader.php(219): CodeIgniter\Autoloader\Autoloader->loadInNamespace('CodeIgniter\\CLI...')
#5 C:\Apache24\htdocs\QuickQuiz\app\Views\errors\cli\error_exception.php(6): CodeIgniter\Autoloader\Autoloader->loadClass('CodeIgniter\\CLI...')
#6 C:\Apache24\htdocs\QuickQuiz\app\Views\errors\cli\production.php(5): include('C:\\Apache24\\htd...')
#7 C:\Apache24\htdocs\QuickQuiz\system\Debug\Exceptions.php(229): include('C:\\Apache24\\htd...')
#8 C:\Apache24\htdocs\QuickQuiz\system\Debug\Exceptions.php(232): CodeIgniter\Debug\Exceptions->CodeIgniter\Debug\{closure}()
#9 C:\Apache24\htdocs\QuickQuiz\system\Debug\Exceptions.php(116): CodeIgniter\Debug\Exceptions->render(Object(CodeIgniter\Exceptions\FrameworkException), 500)
#10 [internal function]: CodeIgniter\Debug\Exceptions->exceptionHandler(Object(CodeIgniter\Exceptions\FrameworkException))
#11 {main}
  thrown
#0 [internal function]: CodeIgniter\Debug\Exceptions->shutdownHandler()
#1 {main}
CRITICAL - 2021-11-28 13:47:52 --> The framework needs the following extension(s) installed and loaded: curl, mbstring.
#0 C:\Apache24\htdocs\QuickQuiz\system\CodeIgniter.php(219): CodeIgniter\Exceptions\FrameworkException::forMissingExtension('curl, mbstring')
#1 C:\Apache24\htdocs\QuickQuiz\system\CodeIgniter.php(177): CodeIgniter\CodeIgniter->resolvePlatformExtensions()
#2 C:\Apache24\htdocs\QuickQuiz\system\bootstrap.php(146): CodeIgniter\CodeIgniter->initialize()
#3 C:\Apache24\htdocs\QuickQuiz\public\index.php(28): require('C:\\Apache24\\htd...')
#4 {main}
CRITICAL - 2021-11-28 13:48:26 --> The framework needs the following extension(s) installed and loaded: curl, mbstring.
#0 C:\Apache24\htdocs\QuickQuiz\system\CodeIgniter.php(219): CodeIgniter\Exceptions\FrameworkException::forMissingExtension('curl, mbstring')
#1 C:\Apache24\htdocs\QuickQuiz\system\CodeIgniter.php(177): CodeIgniter\CodeIgniter->resolvePlatformExtensions()
#2 C:\Apache24\htdocs\QuickQuiz\system\bootstrap.php(146): CodeIgniter\CodeIgniter->initialize()
#3 C:\Apache24\htdocs\QuickQuiz\public\index.php(28): require('C:\\Apache24\\htd...')
#4 {main}
CRITICAL - 2021-11-28 13:48:36 --> The framework needs the following extension(s) installed and loaded: curl, mbstring.
#0 C:\Apache24\htdocs\QuickQuiz\system\CodeIgniter.php(219): CodeIgniter\Exceptions\FrameworkException::forMissingExtension('curl, mbstring')
#1 C:\Apache24\htdocs\QuickQuiz\system\CodeIgniter.php(177): CodeIgniter\CodeIgniter->resolvePlatformExtensions()
#2 C:\Apache24\htdocs\QuickQuiz\system\bootstrap.php(146): CodeIgniter\CodeIgniter->initialize()
#3 C:\Apache24\htdocs\QuickQuiz\public\index.php(28): require('C:\\Apache24\\htd...')
#4 {main}
CRITICAL - 2021-11-28 13:48:38 --> The framework needs the following extension(s) installed and loaded: curl, mbstring.
#0 C:\Apache24\htdocs\QuickQuiz\system\CodeIgniter.php(219): CodeIgniter\Exceptions\FrameworkException::forMissingExtension('curl, mbstring')
#1 C:\Apache24\htdocs\QuickQuiz\system\CodeIgniter.php(177): CodeIgniter\CodeIgniter->resolvePlatformExtensions()
#2 C:\Apache24\htdocs\QuickQuiz\system\bootstrap.php(146): CodeIgniter\CodeIgniter->initialize()
#3 C:\Apache24\htdocs\QuickQuiz\public\index.php(28): require('C:\\Apache24\\htd...')
#4 {main}
CRITICAL - 2021-11-28 13:48:57 --> The framework needs the following extension(s) installed and loaded: curl, mbstring.
#0 C:\Apache24\htdocs\QuickQuiz\system\CodeIgniter.php(219): CodeIgniter\Exceptions\FrameworkException::forMissingExtension('curl, mbstring')
#1 C:\Apache24\htdocs\QuickQuiz\system\CodeIgniter.php(177): CodeIgniter\CodeIgniter->resolvePlatformExtensions()
#2 C:\Apache24\htdocs\QuickQuiz\system\bootstrap.php(146): CodeIgniter\CodeIgniter->initialize()
#3 C:\Apache24\htdocs\QuickQuiz\public\index.php(28): require('C:\\Apache24\\htd...')
#4 {main}
CRITICAL - 2021-11-28 13:49:02 --> The framework needs the following extension(s) installed and loaded: curl, mbstring.
#0 C:\Apache24\htdocs\QuickQuiz\system\CodeIgniter.php(219): CodeIgniter\Exceptions\FrameworkException::forMissingExtension('curl, mbstring')
#1 C:\Apache24\htdocs\QuickQuiz\system\CodeIgniter.php(177): CodeIgniter\CodeIgniter->resolvePlatformExtensions()
#2 C:\Apache24\htdocs\QuickQuiz\system\bootstrap.php(146): CodeIgniter\CodeIgniter->initialize()
#3 C:\Apache24\htdocs\QuickQuiz\public\index.php(28): require('C:\\Apache24\\htd...')
#4 {main}
CRITICAL - 2021-11-28 13:49:29 --> The framework needs the following extension(s) installed and loaded: curl, mbstring.
#0 C:\Apache24\htdocs\QuickQuiz\system\CodeIgniter.php(219): CodeIgniter\Exceptions\FrameworkException::forMissingExtension('curl, mbstring')
#1 C:\Apache24\htdocs\QuickQuiz\system\CodeIgniter.php(177): CodeIgniter\CodeIgniter->resolvePlatformExtensions()
#2 C:\Apache24\htdocs\QuickQuiz\system\bootstrap.php(146): CodeIgniter\CodeIgniter->initialize()
#3 C:\Apache24\htdocs\QuickQuiz\public\index.php(28): require('C:\\Apache24\\htd...')
#4 {main}
CRITICAL - 2021-11-28 13:49:35 --> The framework needs the following extension(s) installed and loaded: curl, mbstring.
#0 C:\Apache24\htdocs\QuickQuiz\system\CodeIgniter.php(219): CodeIgniter\Exceptions\FrameworkException::forMissingExtension('curl, mbstring')
#1 C:\Apache24\htdocs\QuickQuiz\system\CodeIgniter.php(177): CodeIgniter\CodeIgniter->resolvePlatformExtensions()
#2 C:\Apache24\htdocs\QuickQuiz\system\bootstrap.php(146): CodeIgniter\CodeIgniter->initialize()
#3 C:\Apache24\htdocs\QuickQuiz\public\index.php(28): require('C:\\Apache24\\htd...')
#4 {main}
CRITICAL - 2021-11-28 13:50:37 --> The framework needs the following extension(s) installed and loaded: curl, mbstring.
#0 C:\Apache24\htdocs\QuickQuiz\system\CodeIgniter.php(219): CodeIgniter\Exceptions\FrameworkException::forMissingExtension('curl, mbstring')
#1 C:\Apache24\htdocs\QuickQuiz\system\CodeIgniter.php(177): CodeIgniter\CodeIgniter->resolvePlatformExtensions()
#2 C:\Apache24\htdocs\QuickQuiz\system\bootstrap.php(146): CodeIgniter\CodeIgniter->initialize()
#3 C:\Apache24\htdocs\QuickQuiz\public\index.php(28): require('C:\\Apache24\\htd...')
#4 {main}
CRITICAL - 2021-11-28 13:53:15 --> The framework needs the following extension(s) installed and loaded: curl, mbstring.
#0 C:\Apache24\htdocs\QuickQuiz\system\CodeIgniter.php(219): CodeIgniter\Exceptions\FrameworkException::forMissingExtension('curl, mbstring')
#1 C:\Apache24\htdocs\QuickQuiz\system\CodeIgniter.php(177): CodeIgniter\CodeIgniter->resolvePlatformExtensions()
#2 C:\Apache24\htdocs\QuickQuiz\system\bootstrap.php(146): CodeIgniter\CodeIgniter->initialize()
#3 C:\Apache24\htdocs\QuickQuiz\public\index.php(28): require('C:\\Apache24\\htd...')
#4 {main}
CRITICAL - 2021-11-28 13:53:16 --> The framework needs the following extension(s) installed and loaded: curl, mbstring.
#0 C:\Apache24\htdocs\QuickQuiz\system\CodeIgniter.php(219): CodeIgniter\Exceptions\FrameworkException::forMissingExtension('curl, mbstring')
#1 C:\Apache24\htdocs\QuickQuiz\system\CodeIgniter.php(177): CodeIgniter\CodeIgniter->resolvePlatformExtensions()
#2 C:\Apache24\htdocs\QuickQuiz\system\bootstrap.php(146): CodeIgniter\CodeIgniter->initialize()
#3 C:\Apache24\htdocs\QuickQuiz\public\index.php(28): require('C:\\Apache24\\htd...')
#4 {main}
CRITICAL - 2021-11-28 13:53:17 --> The framework needs the following extension(s) installed and loaded: curl, mbstring.
#0 C:\Apache24\htdocs\QuickQuiz\system\CodeIgniter.php(219): CodeIgniter\Exceptions\FrameworkException::forMissingExtension('curl, mbstring')
#1 C:\Apache24\htdocs\QuickQuiz\system\CodeIgniter.php(177): CodeIgniter\CodeIgniter->resolvePlatformExtensions()
#2 C:\Apache24\htdocs\QuickQuiz\system\bootstrap.php(146): CodeIgniter\CodeIgniter->initialize()
#3 C:\Apache24\htdocs\QuickQuiz\public\index.php(28): require('C:\\Apache24\\htd...')
#4 {main}
CRITICAL - 2021-11-28 13:53:17 --> The framework needs the following extension(s) installed and loaded: curl, mbstring.
#0 C:\Apache24\htdocs\QuickQuiz\system\CodeIgniter.php(219): CodeIgniter\Exceptions\FrameworkException::forMissingExtension('curl, mbstring')
#1 C:\Apache24\htdocs\QuickQuiz\system\CodeIgniter.php(177): CodeIgniter\CodeIgniter->resolvePlatformExtensions()
#2 C:\Apache24\htdocs\QuickQuiz\system\bootstrap.php(146): CodeIgniter\CodeIgniter->initialize()
#3 C:\Apache24\htdocs\QuickQuiz\public\index.php(28): require('C:\\Apache24\\htd...')
#4 {main}
CRITICAL - 2021-11-28 13:53:17 --> The framework needs the following extension(s) installed and loaded: curl, mbstring.
#0 C:\Apache24\htdocs\QuickQuiz\system\CodeIgniter.php(219): CodeIgniter\Exceptions\FrameworkException::forMissingExtension('curl, mbstring')
#1 C:\Apache24\htdocs\QuickQuiz\system\CodeIgniter.php(177): CodeIgniter\CodeIgniter->resolvePlatformExtensions()
#2 C:\Apache24\htdocs\QuickQuiz\system\bootstrap.php(146): CodeIgniter\CodeIgniter->initialize()
#3 C:\Apache24\htdocs\QuickQuiz\public\index.php(28): require('C:\\Apache24\\htd...')
#4 {main}
CRITICAL - 2021-11-28 13:53:17 --> The framework needs the following extension(s) installed and loaded: curl, mbstring.
#0 C:\Apache24\htdocs\QuickQuiz\system\CodeIgniter.php(219): CodeIgniter\Exceptions\FrameworkException::forMissingExtension('curl, mbstring')
#1 C:\Apache24\htdocs\QuickQuiz\system\CodeIgniter.php(177): CodeIgniter\CodeIgniter->resolvePlatformExtensions()
#2 C:\Apache24\htdocs\QuickQuiz\system\bootstrap.php(146): CodeIgniter\CodeIgniter->initialize()
#3 C:\Apache24\htdocs\QuickQuiz\public\index.php(28): require('C:\\Apache24\\htd...')
#4 {main}
CRITICAL - 2021-11-28 13:53:17 --> The framework needs the following extension(s) installed and loaded: curl, mbstring.
#0 C:\Apache24\htdocs\QuickQuiz\system\CodeIgniter.php(219): CodeIgniter\Exceptions\FrameworkException::forMissingExtension('curl, mbstring')
#1 C:\Apache24\htdocs\QuickQuiz\system\CodeIgniter.php(177): CodeIgniter\CodeIgniter->resolvePlatformExtensions()
#2 C:\Apache24\htdocs\QuickQuiz\system\bootstrap.php(146): CodeIgniter\CodeIgniter->initialize()
#3 C:\Apache24\htdocs\QuickQuiz\public\index.php(28): require('C:\\Apache24\\htd...')
#4 {main}
CRITICAL - 2021-11-28 14:06:46 --> The framework needs the following extension(s) installed and loaded: curl.
#0 C:\Apache24\htdocs\QuickQuiz\system\CodeIgniter.php(219): CodeIgniter\Exceptions\FrameworkException::forMissingExtension('curl')
#1 C:\Apache24\htdocs\QuickQuiz\system\CodeIgniter.php(177): CodeIgniter\CodeIgniter->resolvePlatformExtensions()
#2 C:\Apache24\htdocs\QuickQuiz\system\bootstrap.php(146): CodeIgniter\CodeIgniter->initialize()
#3 C:\Apache24\htdocs\QuickQuiz\spark(45): require('C:\\Apache24\\htd...')
#4 {main}
CRITICAL - 2021-11-28 14:09:01 --> The framework needs the following extension(s) installed and loaded: curl, mbstring.
#0 C:\Apache24\htdocs\QuickQuiz\system\CodeIgniter.php(219): CodeIgniter\Exceptions\FrameworkException::forMissingExtension('curl, mbstring')
#1 C:\Apache24\htdocs\QuickQuiz\system\CodeIgniter.php(177): CodeIgniter\CodeIgniter->resolvePlatformExtensions()
#2 C:\Apache24\htdocs\QuickQuiz\system\bootstrap.php(146): CodeIgniter\CodeIgniter->initialize()
#3 C:\Apache24\htdocs\QuickQuiz\public\index.php(28): require('C:\\Apache24\\htd...')
#4 {main}
CRITICAL - 2021-11-28 14:09:10 --> The framework needs the following extension(s) installed and loaded: curl, mbstring.
#0 C:\Apache24\htdocs\QuickQuiz\system\CodeIgniter.php(219): CodeIgniter\Exceptions\FrameworkException::forMissingExtension('curl, mbstring')
#1 C:\Apache24\htdocs\QuickQuiz\system\CodeIgniter.php(177): CodeIgniter\CodeIgniter->resolvePlatformExtensions()
#2 C:\Apache24\htdocs\QuickQuiz\system\bootstrap.php(146): CodeIgniter\CodeIgniter->initialize()
#3 C:\Apache24\htdocs\QuickQuiz\public\index.php(28): require('C:\\Apache24\\htd...')
#4 {main}
CRITICAL - 2021-11-28 14:14:27 --> The framework needs the following extension(s) installed and loaded: curl, mbstring.
#0 C:\Apache24\htdocs\QuickQuiz\system\CodeIgniter.php(219): CodeIgniter\Exceptions\FrameworkException::forMissingExtension('curl, mbstring')
#1 C:\Apache24\htdocs\QuickQuiz\system\CodeIgniter.php(177): CodeIgniter\CodeIgniter->resolvePlatformExtensions()
#2 C:\Apache24\htdocs\QuickQuiz\system\bootstrap.php(146): CodeIgniter\CodeIgniter->initialize()
#3 C:\Apache24\htdocs\QuickQuiz\public\index.php(28): require('C:\\Apache24\\htd...')
#4 {main}
CRITICAL - 2021-11-28 14:41:09 --> The framework needs the following extension(s) installed and loaded: curl, mbstring.
#0 C:\Apache24\htdocs\QuickQuiz\system\CodeIgniter.php(219): CodeIgniter\Exceptions\FrameworkException::forMissingExtension('curl, mbstring')
#1 C:\Apache24\htdocs\QuickQuiz\system\CodeIgniter.php(177): CodeIgniter\CodeIgniter->resolvePlatformExtensions()
#2 C:\Apache24\htdocs\QuickQuiz\system\bootstrap.php(146): CodeIgniter\CodeIgniter->initialize()
#3 C:\Apache24\htdocs\QuickQuiz\public\index.php(28): require('C:\\Apache24\\htd...')
#4 {main}
CRITICAL - 2021-11-28 14:43:14 --> The framework needs the following extension(s) installed and loaded: curl, mbstring.
#0 C:\Apache24\htdocs\QuickQuiz\system\CodeIgniter.php(219): CodeIgniter\Exceptions\FrameworkException::forMissingExtension('curl, mbstring')
#1 C:\Apache24\htdocs\QuickQuiz\system\CodeIgniter.php(177): CodeIgniter\CodeIgniter->resolvePlatformExtensions()
#2 C:\Apache24\htdocs\QuickQuiz\system\bootstrap.php(146): CodeIgniter\CodeIgniter->initialize()
#3 C:\Apache24\htdocs\QuickQuiz\public\index.php(28): require('C:\\Apache24\\htd...')
#4 {main}
CRITICAL - 2021-11-28 14:43:22 --> The framework needs the following extension(s) installed and loaded: curl, mbstring.
#0 C:\Apache24\htdocs\QuickQuiz\system\CodeIgniter.php(219): CodeIgniter\Exceptions\FrameworkException::forMissingExtension('curl, mbstring')
#1 C:\Apache24\htdocs\QuickQuiz\system\CodeIgniter.php(177): CodeIgniter\CodeIgniter->resolvePlatformExtensions()
#2 C:\Apache24\htdocs\QuickQuiz\system\bootstrap.php(146): CodeIgniter\CodeIgniter->initialize()
#3 C:\Apache24\htdocs\QuickQuiz\public\index.php(28): require('C:\\Apache24\\htd...')
#4 {main}
CRITICAL - 2021-11-28 14:43:49 --> The framework needs the following extension(s) installed and loaded: curl, mbstring.
#0 C:\Apache24\htdocs\QuickQuiz\system\CodeIgniter.php(219): CodeIgniter\Exceptions\FrameworkException::forMissingExtension('curl, mbstring')
#1 C:\Apache24\htdocs\QuickQuiz\system\CodeIgniter.php(177): CodeIgniter\CodeIgniter->resolvePlatformExtensions()
#2 C:\Apache24\htdocs\QuickQuiz\system\bootstrap.php(146): CodeIgniter\CodeIgniter->initialize()
#3 C:\Apache24\htdocs\QuickQuiz\public\index.php(28): require('C:\\Apache24\\htd...')
#4 {main}
CRITICAL - 2021-11-28 14:51:22 --> The framework needs the following extension(s) installed and loaded: curl, mbstring.
#0 C:\Apache24\htdocs\QuickQuiz\system\CodeIgniter.php(219): CodeIgniter\Exceptions\FrameworkException::forMissingExtension('curl, mbstring')
#1 C:\Apache24\htdocs\QuickQuiz\system\CodeIgniter.php(177): CodeIgniter\CodeIgniter->resolvePlatformExtensions()
#2 C:\Apache24\htdocs\QuickQuiz\system\bootstrap.php(146): CodeIgniter\CodeIgniter->initialize()
#3 C:\Apache24\htdocs\QuickQuiz\public\index.php(28): require('C:\\Apache24\\htd...')
#4 {main}
CRITICAL - 2021-11-28 14:51:28 --> The framework needs the following extension(s) installed and loaded: curl, mbstring.
#0 C:\Apache24\htdocs\QuickQuiz\system\CodeIgniter.php(219): CodeIgniter\Exceptions\FrameworkException::forMissingExtension('curl, mbstring')
#1 C:\Apache24\htdocs\QuickQuiz\system\CodeIgniter.php(177): CodeIgniter\CodeIgniter->resolvePlatformExtensions()
#2 C:\Apache24\htdocs\QuickQuiz\system\bootstrap.php(146): CodeIgniter\CodeIgniter->initialize()
#3 C:\Apache24\htdocs\QuickQuiz\public\index.php(28): require('C:\\Apache24\\htd...')
#4 {main}
CRITICAL - 2021-11-28 14:51:37 --> The framework needs the following extension(s) installed and loaded: curl, mbstring.
#0 C:\Apache24\htdocs\QuickQuiz\system\CodeIgniter.php(219): CodeIgniter\Exceptions\FrameworkException::forMissingExtension('curl, mbstring')
#1 C:\Apache24\htdocs\QuickQuiz\system\CodeIgniter.php(177): CodeIgniter\CodeIgniter->resolvePlatformExtensions()
#2 C:\Apache24\htdocs\QuickQuiz\system\bootstrap.php(146): CodeIgniter\CodeIgniter->initialize()
#3 C:\Apache24\htdocs\QuickQuiz\public\index.php(28): require('C:\\Apache24\\htd...')
#4 {main}
